info: ::1 - - [19/Sep/2022:02:59:46 +0000] "POST /api/v1/users/register HTTP/1.1" 500 60 "-" "PostmanRuntime/7.29.2"

info: ::1 - - [19/Sep/2022:03:00:03 +0000] "POST /api/v1/users/register HTTP/1.1" 201 290 "-" "PostmanRuntime/7.29.2"

info: ::1 - - [19/Sep/2022:03:00:27 +0000] "POST /api/v1/users/login HTTP/1.1" 500 70 "-" "PostmanRuntime/7.29.2"

info: ::1 - - [19/Sep/2022:03:03:10 +0000] "GET /api/v1/users HTTP/1.1" 404 47 "-" "PostmanRuntime/7.29.2"

info: ::1 - - [19/Sep/2022:03:03:15 +0000] "GET /api/v1/users HTTP/1.1" 404 47 "-" "PostmanRuntime/7.29.2"

info: ::1 - - [19/Sep/2022:03:04:05 +0000] "GET /api/v1/users HTTP/1.1" 200 719 "-" "PostmanRuntime/7.29.2"

info: ::1 - - [19/Sep/2022:03:05:07 +0000] "POST /api/v1/register HTTP/1.1" 404 47 "-" "PostmanRuntime/7.29.2"

info: ::1 - - [19/Sep/2022:03:05:19 +0000] "POST /api/v1/users/register HTTP/1.1" 201 290 "-" "PostmanRuntime/7.29.2"

info: ::1 - - [19/Sep/2022:03:06:47 +0000] "POST /api/v1/users/login/6327dc6ffe129b24e8e865bb HTTP/1.1" 500 70 "-" "PostmanRuntime/7.29.2"

info: ::1 - - [19/Sep/2022:03:07:41 +0000] "POST /api/v1/users/login/6327dc6ffe129b24e8e865bb HTTP/1.1" 500 70 "-" "PostmanRuntime/7.29.2"

info: ::1 - - [19/Sep/2022:03:08:04 +0000] "POST /api/v1/users/login/6327dc6ffe129b24e8e865bb HTTP/1.1" 500 70 "-" "PostmanRuntime/7.29.2"

info: ::1 - - [19/Sep/2022:03:08:31 +0000] "POST /api/v1/login/6327dc6ffe129b24e8e865bb HTTP/1.1" 404 47 "-" "PostmanRuntime/7.29.2"

info: ::1 - - [19/Sep/2022:03:09:08 +0000] "POST /api/v1/users/login/6327dc6ffe129b24e8e865bb HTTP/1.1" 404 47 "-" "PostmanRuntime/7.29.2"

info: ::1 - - [19/Sep/2022:03:10:19 +0000] "POST /api/v1/users/login/6327dc6ffe129b24e8e865bb HTTP/1.1" 404 47 "-" "PostmanRuntime/7.29.2"

info: ::1 - - [19/Sep/2022:03:10:59 +0000] "POST /api/v1/login/6327dc6ffe129b24e8e865bb HTTP/1.1" 404 47 "-" "PostmanRuntime/7.29.2"

info: ::1 - - [19/Sep/2022:03:11:07 +0000] "GET /api/v1/login/6327dc6ffe129b24e8e865bb HTTP/1.1" 404 47 "-" "PostmanRuntime/7.29.2"

info: ::1 - - [19/Sep/2022:03:11:39 +0000] "GET /api/v1/login/6327dc6ffe129b24e8e865bb HTTP/1.1" 404 47 "-" "PostmanRuntime/7.29.2"

info: ::1 - - [19/Sep/2022:03:19:53 +0000] "GET /api/v1/register HTTP/1.1" 404 47 "-" "PostmanRuntime/7.29.2"

info: ::1 - - [19/Sep/2022:03:19:59 +0000] "POST /api/v1/register HTTP/1.1" 404 47 "-" "PostmanRuntime/7.29.2"

info: ::1 - - [19/Sep/2022:03:20:11 +0000] "POST /api/v1/users/register HTTP/1.1" 201 290 "-" "PostmanRuntime/7.29.2"

info: ::1 - - [19/Sep/2022:03:35:02 +0000] "GET /api/v1/users/register HTTP/1.1" 404 47 "-" "PostmanRuntime/7.29.2"

info: ::1 - - [19/Sep/2022:03:35:10 +0000] "GET /api/v1/users HTTP/1.1" 200 1157 "-" "PostmanRuntime/7.29.2"

info: ::1 - - [19/Sep/2022:03:36:28 +0000] "POST /api/v1/users/register HTTP/1.1" 500 90 "-" "PostmanRuntime/7.29.2"

info: ::1 - - [19/Sep/2022:03:37:04 +0000] "POST /api/v1/users/register HTTP/1.1" 201 288 "-" "PostmanRuntime/7.29.2"

info: ::1 - - [19/Sep/2022:03:47:29 +0000] "POST /api/v1/login HTTP/1.1" 404 47 "-" "PostmanRuntime/7.29.2"

info: ::1 - - [19/Sep/2022:03:50:21 +0000] "POST /api/v1/users/register HTTP/1.1" 201 290 "-" "PostmanRuntime/7.29.2"

info: ::1 - - [19/Sep/2022:05:12:28 +0000] "POST /api/v1/users/register HTTP/1.1" 500 54 "-" "PostmanRuntime/7.29.2"

info: ::1 - - [19/Sep/2022:05:13:19 +0000] "POST /api/v1/users/register HTTP/1.1" 201 294 "-" "PostmanRuntime/7.29.2"

info: ::1 - - [19/Sep/2022:05:13:45 +0000] "POST /api/v1/users/login HTTP/1.1" 404 47 "-" "PostmanRuntime/7.29.2"

info: ::1 - - [19/Sep/2022:05:14:06 +0000] "POST /api/v1/login HTTP/1.1" 404 47 "-" "PostmanRuntime/7.29.2"

info: ::1 - - [19/Sep/2022:09:44:09 +0000] "POST /api/v1/users/register HTTP/1.1" 201 266 "-" "PostmanRuntime/7.29.2"

info: ::1 - - [19/Sep/2022:09:46:58 +0000] "POST /api/v1/users/register HTTP/1.1" 201 419 "-" "PostmanRuntime/7.29.2"

info: ::1 - - [19/Sep/2022:09:48:11 +0000] "POST /api/v1/register HTTP/1.1" 404 47 "-" "PostmanRuntime/7.29.2"

info: ::1 - - [19/Sep/2022:09:49:30 +0000] "POST /api/v1/users/register HTTP/1.1" 201 540 "-" "PostmanRuntime/7.29.2"

info: ::1 - - [19/Sep/2022:09:55:35 +0000] "POST /api/v1/users/register HTTP/1.1" 201 266 "-" "PostmanRuntime/7.29.2"

info: ::1 - - [19/Sep/2022:09:59:47 +0000] "POST /api/v1/users/register HTTP/1.1" 500 53 "-" "PostmanRuntime/7.29.2"

info: ::1 - - [19/Sep/2022:10:00:18 +0000] "POST /api/v1/users/register HTTP/1.1" 201 266 "-" "PostmanRuntime/7.29.2"

info: ::1 - - [19/Sep/2022:10:02:26 +0000] "POST /api/v1/users/register HTTP/1.1" 201 266 "-" "PostmanRuntime/7.29.2"

info: ::1 - - [19/Sep/2022:10:04:57 +0000] "POST /api/v1/users/register HTTP/1.1" 500 59 "-" "PostmanRuntime/7.29.2"

info: ::1 - - [19/Sep/2022:10:06:05 +0000] "POST /api/v1/users/register HTTP/1.1" 201 339 "-" "PostmanRuntime/7.29.2"

info: ::1 - - [19/Sep/2022:10:07:55 +0000] "POST /api/v1/users/register HTTP/1.1" 201 342 "-" "PostmanRuntime/7.29.2"

info: ::1 - - [19/Sep/2022:10:34:58 +0000] "POST /api/v1/users/login HTTP/1.1" 404 47 "-" "PostmanRuntime/7.29.2"

info: ::1 - - [19/Sep/2022:10:35:31 +0000] "POST /api/v1/users/login HTTP/1.1" 500 74 "-" "PostmanRuntime/7.29.2"

info: ::1 - - [19/Sep/2022:10:36:27 +0000] "POST /api/v1/users/login HTTP/1.1" 500 76 "-" "PostmanRuntime/7.29.2"

info: ::1 - - [19/Sep/2022:10:38:44 +0000] "POST /api/v1/users/login HTTP/1.1" 500 76 "-" "PostmanRuntime/7.29.2"

info: ::1 - - [19/Sep/2022:10:39:34 +0000] "POST /api/v1/users/login HTTP/1.1" 500 76 "-" "PostmanRuntime/7.29.2"

info: ::1 - - [19/Sep/2022:10:42:35 +0000] "POST /api/v1/users/register HTTP/1.1" 201 338 "-" "PostmanRuntime/7.29.2"

info: ::1 - - [19/Sep/2022:10:56:46 +0000] "POST /api/v1/users/login HTTP/1.1" 500 76 "-" "PostmanRuntime/7.29.2"

info: ::1 - - [19/Sep/2022:11:00:06 +0000] "POST /api/v1/users/login HTTP/1.1" 500 76 "-" "PostmanRuntime/7.29.2"

info: ::1 - - [19/Sep/2022:11:06:28 +0000] "POST /api/v1/users/login HTTP/1.1" 500 76 "-" "PostmanRuntime/7.29.2"

info: ::1 - - [19/Sep/2022:11:07:48 +0000] "POST /api/v1/users/login HTTP/1.1" 500 76 "-" "PostmanRuntime/7.29.2"

info: ::1 - - [19/Sep/2022:15:47:50 +0000] "POST /api/v1/users/login HTTP/1.1" 500 76 "-" "PostmanRuntime/7.29.2"

info: ::1 - - [19/Sep/2022:16:02:05 +0000] "POST /api/v1/users/login HTTP/1.1" 500 76 "-" "PostmanRuntime/7.29.2"

