info: ::1 - - [21/Sep/2022:02:48:04 +0000] "POST /api/v1/notes/register HTTP/1.1" 404 47 "-" "PostmanRuntime/7.29.2"

info: ::1 - - [21/Sep/2022:02:48:16 +0000] "POST /api/v1/users/register HTTP/1.1" 500 52 "-" "PostmanRuntime/7.29.2"

info: ::1 - - [21/Sep/2022:02:48:31 +0000] "POST /api/v1/users/register HTTP/1.1" 500 52 "-" "PostmanRuntime/7.29.2"

info: ::1 - - [21/Sep/2022:02:49:21 +0000] "POST /api/v1/users/register HTTP/1.1" 500 52 "-" "PostmanRuntime/7.29.2"

info: ::1 - - [21/Sep/2022:02:49:40 +0000] "POST /api/v1/register HTTP/1.1" 404 47 "-" "PostmanRuntime/7.29.2"

info: ::1 - - [21/Sep/2022:02:50:08 +0000] "POST /api/v1/users/register HTTP/1.1" 500 52 "-" "PostmanRuntime/7.29.2"

info: ::1 - - [21/Sep/2022:02:50:59 +0000] "POST /api/v1/users/register HTTP/1.1" 500 52 "-" "PostmanRuntime/7.29.2"

info: ::1 - - [21/Sep/2022:02:51:40 +0000] "POST /api/v1/users/register HTTP/1.1" 500 52 "-" "PostmanRuntime/7.29.2"

info: ::1 - - [21/Sep/2022:02:53:08 +0000] "POST /api/v1/users/register HTTP/1.1" 500 52 "-" "PostmanRuntime/7.29.2"

info: ::1 - - [21/Sep/2022:02:53:33 +0000] "POST /api/v1/users/register HTTP/1.1" 500 52 "-" "PostmanRuntime/7.29.2"

info: ::1 - - [21/Sep/2022:02:54:21 +0000] "GET /api/v1/ HTTP/1.1" 200 25 "-" "PostmanRuntime/7.29.2"

info: ::1 - - [21/Sep/2022:02:54:53 +0000] "POST /api/v1/users/register HTTP/1.1" 500 52 "-" "PostmanRuntime/7.29.2"

info: ::1 - - [21/Sep/2022:02:56:27 +0000] "POST /api/v1/register HTTP/1.1" 404 47 "-" "PostmanRuntime/7.29.2"

info: ::1 - - [21/Sep/2022:02:56:39 +0000] "POST /api/v1/user/register HTTP/1.1" 404 47 "-" "PostmanRuntime/7.29.2"

info: ::1 - - [21/Sep/2022:02:56:47 +0000] "POST /api/v1/users/register HTTP/1.1" 500 52 "-" "PostmanRuntime/7.29.2"

info: ::1 - - [21/Sep/2022:02:58:01 +0000] "POST /api/v1/users/register/ HTTP/1.1" 500 52 "-" "PostmanRuntime/7.29.2"

info: ::1 - - [21/Sep/2022:02:58:54 +0000] "POST /api/v1/users/register HTTP/1.1" 201 338 "-" "PostmanRuntime/7.29.2"

info: ::1 - - [21/Sep/2022:03:05:27 +0000] "POST /api/v1/users/login HTTP/1.1" 200 259 "-" "PostmanRuntime/7.29.2"

info: ::1 - - [21/Sep/2022:03:07:05 +0000] "POST /api/v1/notes/createnote HTTP/1.1" 500 56 "-" "PostmanRuntime/7.29.2"

info: ::1 - - [21/Sep/2022:03:07:12 +0000] "POST /api/v1/notes/createnote HTTP/1.1" 201 247 "-" "PostmanRuntime/7.29.2"

info: ::1 - - [21/Sep/2022:03:09:38 +0000] "POST /api/v1/notes/createnote HTTP/1.1" 201 247 "-" "PostmanRuntime/7.29.2"

info: ::1 - - [21/Sep/2022:03:13:26 +0000] "POST /api/v1/notes/createnote HTTP/1.1" 500 52 "-" "PostmanRuntime/7.29.2"

info: ::1 - - [21/Sep/2022:03:14:53 +0000] "POST /api/v1/notes/createnote HTTP/1.1" 201 247 "-" "PostmanRuntime/7.29.2"

info: ::1 - - [21/Sep/2022:03:24:41 +0000] "POST /api/v1/notes/createnote HTTP/1.1" 500 48 "-" "PostmanRuntime/7.29.2"

info: ::1 - - [21/Sep/2022:03:25:45 +0000] "POST /api/v1/notes/createnote HTTP/1.1" 400 56 "-" "PostmanRuntime/7.29.2"

info: ::1 - - [21/Sep/2022:03:26:49 +0000] "POST /api/v1/notes/createnote HTTP/1.1" 500 56 "-" "PostmanRuntime/7.29.2"

info: ::1 - - [21/Sep/2022:03:32:31 +0000] "POST /api/v1/notes/createnote HTTP/1.1" 400 63 "-" "PostmanRuntime/7.29.2"

info: ::1 - - [21/Sep/2022:03:32:49 +0000] "POST /api/v1/notes/createnote HTTP/1.1" 400 40 "-" "PostmanRuntime/7.29.2"

info: ::1 - - [21/Sep/2022:03:35:06 +0000] "POST /api/v1/users/register HTTP/1.1" 201 338 "-" "PostmanRuntime/7.29.2"

info: ::1 - - [21/Sep/2022:03:35:47 +0000] "POST /api/v1/users/register HTTP/1.1" 201 338 "-" "PostmanRuntime/7.29.2"

info: ::1 - - [21/Sep/2022:03:38:48 +0000] "POST /api/v1/users/register HTTP/1.1" 201 338 "-" "PostmanRuntime/7.29.2"

info: ::1 - - [21/Sep/2022:03:38:53 +0000] "POST /api/v1/users/register HTTP/1.1" 201 338 "-" "PostmanRuntime/7.29.2"

info: ::1 - - [21/Sep/2022:03:39:42 +0000] "POST /api/v1/users/register HTTP/1.1" 201 338 "-" "PostmanRuntime/7.29.2"

info: ::1 - - [21/Sep/2022:03:39:47 +0000] "POST /api/v1/users/register HTTP/1.1" 201 338 "-" "PostmanRuntime/7.29.2"

info: ::1 - - [21/Sep/2022:03:42:07 +0000] "POST /api/v1/users/register HTTP/1.1" 201 338 "-" "PostmanRuntime/7.29.2"

info: ::1 - - [21/Sep/2022:03:42:11 +0000] "POST /api/v1/users/register HTTP/1.1" 201 338 "-" "PostmanRuntime/7.29.2"

info: ::1 - - [21/Sep/2022:03:44:34 +0000] "POST /api/v1/users/register HTTP/1.1" 201 339 "-" "PostmanRuntime/7.29.2"

info: ::1 - - [21/Sep/2022:03:44:39 +0000] "POST /api/v1/users/register HTTP/1.1" 500 61 "-" "PostmanRuntime/7.29.2"

