info: ::1 - - [30/Sep/2022:02:45:22 +0000] "POST /api/v1/users/forget HTTP/1.1" 200 437 "-" "PostmanRuntime/7.29.2"

info: ::1 - - [30/Sep/2022:02:48:05 +0000] "POST /api/v1/users/forget HTTP/1.1" 200 436 "-" "PostmanRuntime/7.29.2"

info: ::1 - - [30/Sep/2022:02:49:08 +0000] "POST /api/v1/users/forget HTTP/1.1" 200 437 "-" "PostmanRuntime/7.29.2"

info: ::1 - - [30/Sep/2022:02:51:01 +0000] "POST /api/v1/users/forget HTTP/1.1" 200 437 "-" "PostmanRuntime/7.29.2"

info: ::1 - - [30/Sep/2022:03:47:15 +0000] "POST /api/v1/users/forget HTTP/1.1" 200 437 "-" "PostmanRuntime/7.29.2"

info: ::1 - - [30/Sep/2022:03:48:26 +0000] "POST /api/v1/users/forget HTTP/1.1" 200 438 "-" "PostmanRuntime/7.29.2"

info: ::1 - - [30/Sep/2022:03:49:58 +0000] "POST /api/v1/users/forget HTTP/1.1" 200 53 "-" "PostmanRuntime/7.29.2"

info: ::1 - - [30/Sep/2022:03:50:18 +0000] "POST /api/v1/users/register HTTP/1.1" 201 341 "-" "PostmanRuntime/7.29.2"

info: ::1 - - [30/Sep/2022:03:50:44 +0000] "POST /api/v1/users/forget HTTP/1.1" 200 434 "-" "PostmanRuntime/7.29.2"

info: ::1 - - [30/Sep/2022:03:50:50 +0000] "POST /api/v1/users/forget HTTP/1.1" 200 434 "-" "PostmanRuntime/7.29.2"

info: ::1 - - [30/Sep/2022:03:53:04 +0000] "POST /api/v1/users/forget HTTP/1.1" 200 434 "-" "PostmanRuntime/7.29.2"

info: ::1 - - [30/Sep/2022:04:37:59 +0000] "POST /api/v1/users/forget HTTP/1.1" 200 434 "-" "PostmanRuntime/7.29.2"

info: ::1 - - [30/Sep/2022:04:42:41 +0000] "POST /api/v1/notes/createnote HTTP/1.1" 201 271 "-" "PostmanRuntime/7.29.2"

info: ::1 - - [30/Sep/2022:05:30:35 +0000] "POST /api/v1/notes/createnote HTTP/1.1" 201 271 "-" "PostmanRuntime/7.29.2"

info: ::1 - - [30/Sep/2022:05:31:42 +0000] "POST /api/v1/notes/createnote HTTP/1.1" 201 271 "-" "PostmanRuntime/7.29.2"

info: ::1 - - [30/Sep/2022:05:32:26 +0000] "POST /api/v1/users/forget HTTP/1.1" 200 71 "-" "PostmanRuntime/7.29.2"

info: ::1 - - [30/Sep/2022:06:06:04 +0000] "POST /api/v1/users/reg HTTP/1.1" 404 47 "-" "PostmanRuntime/7.29.2"

info: ::1 - - [30/Sep/2022:06:06:13 +0000] "POST /api/v1/users/register HTTP/1.1" 201 343 "-" "PostmanRuntime/7.29.2"

info: ::1 - - [30/Sep/2022:06:06:29 +0000] "POST /api/v1/users/login HTTP/1.1" 200 273 "-" "PostmanRuntime/7.29.2"

info: ::1 - - [30/Sep/2022:06:07:06 +0000] "POST /api/v1/users/forget HTTP/1.1" 200 71 "-" "PostmanRuntime/7.29.2"

info: ::1 - - [30/Sep/2022:06:08:33 +0000] "POST /api/v1/users/reset HTTP/1.1" 200 73 "-" "PostmanRuntime/7.29.2"

info: ::1 - - [30/Sep/2022:06:09:33 +0000] "POST /api/v1/users/reset HTTP/1.1" 200 55 "-" "PostmanRuntime/7.29.2"

info: ::1 - - [30/Sep/2022:06:10:05 +0000] "POST /api/v1/users/login HTTP/1.1" 400 53 "-" "PostmanRuntime/7.29.2"

info: ::1 - - [30/Sep/2022:06:11:30 +0000] "POST /api/v1/users/login HTTP/1.1" 200 273 "-" "PostmanRuntime/7.29.2"

info: ::1 - - [30/Sep/2022:11:20:02 +0000] "GET /api-docs/ HTTP/1.1" 200 3103 "-" "Mozilla/5.0 (Windows NT 10.0; Win64; x64) AppleWebKit/537.36 (KHTML, like Gecko) Chrome/106.0.0.0 Safari/537.36"

info: ::1 - - [30/Sep/2022:11:20:03 +0000] "GET /api-docs/swagger-ui-bundle.js HTTP/1.1" 200 1058191 "-" "Mozilla/5.0 (Windows NT 10.0; Win64; x64) AppleWebKit/537.36 (KHTML, like Gecko) Chrome/106.0.0.0 Safari/537.36"

info: ::1 - - [30/Sep/2022:11:20:03 +0000] "GET /api-docs/swagger-ui-standalone-preset.js HTTP/1.1" 200 311848 "-" "Mozilla/5.0 (Windows NT 10.0; Win64; x64) AppleWebKit/537.36 (KHTML, like Gecko) Chrome/106.0.0.0 Safari/537.36"

info: ::1 - - [30/Sep/2022:11:20:03 +0000] "GET /api-docs/swagger-ui.css HTTP/1.1" 200 144681 "-" "Mozilla/5.0 (Windows NT 10.0; Win64; x64) AppleWebKit/537.36 (KHTML, like Gecko) Chrome/106.0.0.0 Safari/537.36"

info: ::1 - - [30/Sep/2022:11:20:03 +0000] "GET /api-docs/swagger-ui-init.js HTTP/1.1" 200 8257 "-" "Mozilla/5.0 (Windows NT 10.0; Win64; x64) AppleWebKit/537.36 (KHTML, like Gecko) Chrome/106.0.0.0 Safari/537.36"

info: ::1 - - [30/Sep/2022:11:21:35 +0000] "POST /api/v1/users/register HTTP/1.1" 201 345 "-" "PostmanRuntime/7.29.2"

info: ::1 - - [30/Sep/2022:11:21:58 +0000] "POST /api/v1/users/login HTTP/1.1" 200 276 "-" "PostmanRuntime/7.29.2"

info: ::1 - - [30/Sep/2022:11:22:10 +0000] "POST /api/v1/users/login HTTP/1.1" 400 53 "-" "PostmanRuntime/7.29.2"

info: ::1 - - [30/Sep/2022:11:22:22 +0000] "POST /api/v1/users/forget HTTP/1.1" 200 71 "-" "PostmanRuntime/7.29.2"

info: ::1 - - [30/Sep/2022:11:22:39 +0000] "POST /api/v1/users/reset HTTP/1.1" 200 55 "-" "PostmanRuntime/7.29.2"

info: ::1 - - [30/Sep/2022:11:22:54 +0000] "POST /api/v1/users/login HTTP/1.1" 200 276 "-" "PostmanRuntime/7.29.2"

info: ::1 - - [30/Sep/2022:11:23:11 +0000] "POST /api/v1/users/login HTTP/1.1" 400 53 "-" "PostmanRuntime/7.29.2"

info: ::1 - - [30/Sep/2022:11:25:04 +0000] "POST /api/v1/users/login HTTP/1.1" 200 276 "-" "PostmanRuntime/7.29.2"

info: ::1 - - [30/Sep/2022:11:25:23 +0000] "POST /api/v1/users/login HTTP/1.1" 200 276 "-" "PostmanRuntime/7.29.2"

info: ::1 - - [30/Sep/2022:11:25:46 +0000] "POST /api/v1/users/forget HTTP/1.1" 200 71 "-" "PostmanRuntime/7.29.2"

info: ::1 - - [30/Sep/2022:11:26:10 +0000] "POST /api/v1/users/reset HTTP/1.1" 200 55 "-" "PostmanRuntime/7.29.2"

info: ::1 - - [30/Sep/2022:11:27:43 +0000] "POST /api/v1/users/reset HTTP/1.1" 400 61 "-" "PostmanRuntime/7.29.2"

info: ::1 - - [30/Sep/2022:11:29:19 +0000] "POST /api/v1/users/reset HTTP/1.1" 400 64 "-" "PostmanRuntime/7.29.2"

info: ::1 - - [30/Sep/2022:11:29:20 +0000] "POST /api/v1/users/reset HTTP/1.1" 400 64 "-" "PostmanRuntime/7.29.2"

info: ::1 - - [30/Sep/2022:11:29:21 +0000] "POST /api/v1/users/reset HTTP/1.1" 400 64 "-" "PostmanRuntime/7.29.2"

info: ::1 - - [30/Sep/2022:11:29:23 +0000] "POST /api/v1/users/reset HTTP/1.1" 400 64 "-" "PostmanRuntime/7.29.2"

info: ::1 - - [30/Sep/2022:11:29:24 +0000] "POST /api/v1/users/reset HTTP/1.1" 400 64 "-" "PostmanRuntime/7.29.2"

info: ::1 - - [30/Sep/2022:11:36:21 +0000] "POST /api/v1/users/reset HTTP/1.1" 400 64 "-" "PostmanRuntime/7.29.2"

info: ::1 - - [30/Sep/2022:11:37:17 +0000] "POST /api/v1/users/reset HTTP/1.1" 200 55 "-" "PostmanRuntime/7.29.2"

info: ::1 - - [30/Sep/2022:11:37:40 +0000] "POST /api/v1/users/login HTTP/1.1" 200 276 "-" "PostmanRuntime/7.29.2"

info: ::1 - - [30/Sep/2022:11:38:39 +0000] "POST /api/v1/users/register HTTP/1.1" 500 60 "-" "PostmanRuntime/7.29.2"

info: ::1 - - [30/Sep/2022:11:38:49 +0000] "POST /api/v1/users/reset HTTP/1.1" 200 55 "-" "PostmanRuntime/7.29.2"

info: ::1 - - [30/Sep/2022:11:39:25 +0000] "POST /api/v1/users/forget HTTP/1.1" 200 71 "-" "PostmanRuntime/7.29.2"

info: ::1 - - [30/Sep/2022:11:40:35 +0000] "POST /api/v1/users/reset HTTP/1.1" 200 55 "-" "PostmanRuntime/7.29.2"

info: ::1 - - [30/Sep/2022:11:45:54 +0000] "POST /api/v1/users/reset HTTP/1.1" 200 55 "-" "PostmanRuntime/7.29.2"

info: ::1 - - [30/Sep/2022:11:49:43 +0000] "POST /api/v1/users/reset HTTP/1.1" 200 55 "-" "PostmanRuntime/7.29.2"

info: ::1 - - [30/Sep/2022:11:50:37 +0000] "POST /api/v1/users/register HTTP/1.1" 201 345 "-" "PostmanRuntime/7.29.2"

info: ::1 - - [30/Sep/2022:11:51:00 +0000] "POST /api/v1/users/login HTTP/1.1" 200 276 "-" "PostmanRuntime/7.29.2"

info: ::1 - - [30/Sep/2022:11:51:30 +0000] "POST /api/v1/users/forget HTTP/1.1" 200 71 "-" "PostmanRuntime/7.29.2"

info: ::1 - - [30/Sep/2022:11:52:07 +0000] "POST /api/v1/users/reset HTTP/1.1" 200 55 "-" "PostmanRuntime/7.29.2"

info: ::1 - - [30/Sep/2022:11:52:24 +0000] "POST /api/v1/users/login HTTP/1.1" 400 53 "-" "PostmanRuntime/7.29.2"

info: ::1 - - [30/Sep/2022:11:52:40 +0000] "POST /api/v1/users/login HTTP/1.1" 400 53 "-" "PostmanRuntime/7.29.2"

info: ::1 - - [30/Sep/2022:11:52:51 +0000] "POST /api/v1/users/login HTTP/1.1" 200 276 "-" "PostmanRuntime/7.29.2"

info: ::1 - - [30/Sep/2022:11:54:36 +0000] "POST /api/v1/users/reset HTTP/1.1" 200 55 "-" "PostmanRuntime/7.29.2"

info: ::1 - - [30/Sep/2022:11:55:05 +0000] "POST /api/v1/users/login HTTP/1.1" 400 53 "-" "PostmanRuntime/7.29.2"

info: ::1 - - [30/Sep/2022:11:56:24 +0000] "POST /api/v1/users/reset HTTP/1.1" 200 55 "-" "PostmanRuntime/7.29.2"

info: ::1 - - [30/Sep/2022:11:56:33 +0000] "POST /api/v1/users/reset HTTP/1.1" 200 55 "-" "PostmanRuntime/7.29.2"

info: ::1 - - [30/Sep/2022:11:57:26 +0000] "POST /api/v1/users/login HTTP/1.1" 400 53 "-" "PostmanRuntime/7.29.2"

info: ::1 - - [30/Sep/2022:12:10:34 +0000] "POST /api/v1/users/login HTTP/1.1" 400 53 "-" "PostmanRuntime/7.29.2"

info: ::1 - - [30/Sep/2022:12:10:50 +0000] "POST /api/v1/users/login HTTP/1.1" 400 53 "-" "PostmanRuntime/7.29.2"

info: ::1 - - [30/Sep/2022:12:11:03 +0000] "POST /api/v1/users/login HTTP/1.1" 200 276 "-" "PostmanRuntime/7.29.2"

info: ::1 - - [30/Sep/2022:12:11:41 +0000] "POST /api/v1/users/reset HTTP/1.1" 200 55 "-" "PostmanRuntime/7.29.2"

info: ::1 - - [30/Sep/2022:12:12:11 +0000] "POST /api/v1/users/login HTTP/1.1" 400 53 "-" "PostmanRuntime/7.29.2"

info: ::1 - - [30/Sep/2022:12:21:34 +0000] "POST /api/v1/users/reset HTTP/1.1" 200 55 "-" "PostmanRuntime/7.29.2"

info: ::1 - - [30/Sep/2022:12:21:51 +0000] "POST /api/v1/users/login HTTP/1.1" 400 53 "-" "PostmanRuntime/7.29.2"

info: ::1 - - [30/Sep/2022:12:23:32 +0000] "POST /api/v1/users/forget HTTP/1.1" 200 71 "-" "PostmanRuntime/7.29.2"

info: ::1 - - [30/Sep/2022:12:24:47 +0000] "POST /api/v1/users/reset HTTP/1.1" 200 55 "-" "PostmanRuntime/7.29.2"

info: ::1 - - [30/Sep/2022:12:25:03 +0000] "POST /api/v1/users/login HTTP/1.1" 400 53 "-" "PostmanRuntime/7.29.2"

info: ::1 - - [30/Sep/2022:12:26:00 +0000] "POST /api/v1/users/forget HTTP/1.1" 200 71 "-" "PostmanRuntime/7.29.2"

info: ::1 - - [30/Sep/2022:12:26:29 +0000] "POST /api/v1/users/reset HTTP/1.1" 200 55 "-" "PostmanRuntime/7.29.2"

info: ::1 - - [30/Sep/2022:12:26:44 +0000] "POST /api/v1/users/login HTTP/1.1" 400 53 "-" "PostmanRuntime/7.29.2"

info: ::1 - - [30/Sep/2022:12:27:48 +0000] "POST /api/v1/users/forget HTTP/1.1" 200 71 "-" "PostmanRuntime/7.29.2"

info: ::1 - - [30/Sep/2022:12:28:38 +0000] "POST /api/v1/users/reset HTTP/1.1" 200 55 "-" "PostmanRuntime/7.29.2"

info: ::1 - - [30/Sep/2022:12:28:50 +0000] "POST /api/v1/users/reset HTTP/1.1" 200 55 "-" "PostmanRuntime/7.29.2"

info: ::1 - - [30/Sep/2022:12:28:58 +0000] "POST /api/v1/users/login HTTP/1.1" 200 276 "-" "PostmanRuntime/7.29.2"

info: ::1 - - [30/Sep/2022:12:29:49 +0000] "POST /api/v1/users/forget HTTP/1.1" 200 71 "-" "PostmanRuntime/7.29.2"

info: ::1 - - [30/Sep/2022:12:30:43 +0000] "POST /api/v1/users/reset HTTP/1.1" 200 55 "-" "PostmanRuntime/7.29.2"

info: ::1 - - [30/Sep/2022:12:30:58 +0000] "POST /api/v1/users/login HTTP/1.1" 400 53 "-" "PostmanRuntime/7.29.2"

info: ::1 - - [30/Sep/2022:12:31:01 +0000] "POST /api/v1/users/login HTTP/1.1" 400 53 "-" "PostmanRuntime/7.29.2"

info: ::1 - - [30/Sep/2022:12:31:02 +0000] "POST /api/v1/users/login HTTP/1.1" 400 53 "-" "PostmanRuntime/7.29.2"

info: ::1 - - [30/Sep/2022:12:33:20 +0000] "POST /api/v1/users/reset HTTP/1.1" 200 55 "-" "PostmanRuntime/7.29.2"

info: ::1 - - [30/Sep/2022:12:33:36 +0000] "POST /api/v1/users/login HTTP/1.1" 400 53 "-" "PostmanRuntime/7.29.2"

info: ::1 - - [30/Sep/2022:12:34:57 +0000] "POST /api/v1/users/reset/eyJhbGciOiJIUzI1NiIsInR5cCI6IkpXVCJ9.eyJlbWFpbCI6ImdvdmluZG1haXRoaWxydG5AZ21haWwuY29tIiwiaWF0IjoxNjY0NTQwOTg0fQ.0KlJIO9kqHw8kP8yC5xX914wpNcsS5ENmMKiMH3nCdg HTTP/1.1" 200 55 "-" "PostmanRuntime/7.29.2"

info: ::1 - - [30/Sep/2022:12:35:11 +0000] "POST /api/v1/users/login HTTP/1.1" 400 53 "-" "PostmanRuntime/7.29.2"

info: ::1 - - [30/Sep/2022:12:37:37 +0000] "POST /api/v1/users/forget HTTP/1.1" 200 71 "-" "PostmanRuntime/7.29.2"

info: ::1 - - [30/Sep/2022:12:38:27 +0000] "POST /api/v1/users/reset/eyJhbGciOiJIUzI1NiIsInR5cCI6IkpXVCJ9.eyJlbWFpbCI6ImdvdmluZG1haXRoaWxydG5AZ21haWwuY29tIiwiaWF0IjoxNjY0NTQxNDUyfQ.sJGYsj5EofiFvkpIkDjGEc5aB0ZLzECm9Qs72BBrrEk HTTP/1.1" 200 55 "-" "PostmanRuntime/7.29.2"

info: ::1 - - [30/Sep/2022:12:38:52 +0000] "POST /api/v1/users/login HTTP/1.1" 200 276 "-" "PostmanRuntime/7.29.2"

info: ::1 - - [30/Sep/2022:12:39:47 +0000] "POST /api/v1/users/forget HTTP/1.1" 200 71 "-" "PostmanRuntime/7.29.2"

info: ::1 - - [30/Sep/2022:12:40:30 +0000] "POST /api/v1/users/reset/eyJhbGciOiJIUzI1NiIsInR5cCI6IkpXVCJ9.eyJlbWFpbCI6ImdvdmluZG1haXRoaWxydG5AZ21haWwuY29tIiwiaWF0IjoxNjY0NTQxNTgwfQ.auF1OObt7UzLtf3XlN0JSBXffStB_lPM6R93xdlPlRQ HTTP/1.1" 200 55 "-" "PostmanRuntime/7.29.2"

info: ::1 - - [30/Sep/2022:12:41:15 +0000] "POST /api/v1/users/login HTTP/1.1" 400 53 "-" "PostmanRuntime/7.29.2"

info: ::1 - - [30/Sep/2022:12:41:18 +0000] "POST /api/v1/users/login HTTP/1.1" 400 53 "-" "PostmanRuntime/7.29.2"

info: ::1 - - [30/Sep/2022:12:42:11 +0000] "POST /api/v1/users/forget HTTP/1.1" 200 71 "-" "PostmanRuntime/7.29.2"

info: ::1 - - [30/Sep/2022:12:43:31 +0000] "POST /api/v1/users/reset/eyJhbGciOiJIUzI1NiIsInR5cCI6IkpXVCJ9.eyJlbWFpbCI6ImdvdmluZG1haXRoaWxydG5AZ21haWwuY29tIiwiaWF0IjoxNjY0NTQxNzI0fQ.nCdpeIoZ-WAshrN8ut-Fbs_vi6t5QK4jz8XUlYSYBdA HTTP/1.1" 200 55 "-" "PostmanRuntime/7.29.2"

info: ::1 - - [30/Sep/2022:12:44:11 +0000] "POST /api/v1/users/login HTTP/1.1" 200 276 "-" "PostmanRuntime/7.29.2"

info: ::1 - - [30/Sep/2022:12:45:33 +0000] "POST /api/v1/users/f HTTP/1.1" 404 47 "-" "PostmanRuntime/7.29.2"

info: ::1 - - [30/Sep/2022:12:45:50 +0000] "POST /api/v1/users/forget HTTP/1.1" 200 71 "-" "PostmanRuntime/7.29.2"

info: ::1 - - [30/Sep/2022:12:46:54 +0000] "POST /api/v1/users/reset/eyJhbGciOiJIUzI1NiIsInR5cCI6IkpXVCJ9.eyJlbWFpbCI6ImdvdmluZG1haXRoaWxydG5AZ21haWwuY29tIiwiaWF0IjoxNjY0NTQxOTQ0fQ.StCs_li1qk_W0_ROLa4acmoBXODWe6JjAsGHlanvfXk HTTP/1.1" 200 55 "-" "PostmanRuntime/7.29.2"

info: ::1 - - [30/Sep/2022:12:47:30 +0000] "POST /api/v1/users/login HTTP/1.1" 400 53 "-" "PostmanRuntime/7.29.2"

