info: ::1 - - [04/Oct/2022:02:00:38 +0000] "GET /api/v1/notes/getall HTTP/1.1" 200 1782 "-" "PostmanRuntime/7.29.2"

info: ::1 - - [04/Oct/2022:02:00:39 +0000] "GET /api/v1/notes/getall HTTP/1.1" 200 1782 "-" "PostmanRuntime/7.29.2"

info: ::1 - - [04/Oct/2022:02:00:45 +0000] "GET /api/v1/notes/getall HTTP/1.1" 200 1782 "-" "PostmanRuntime/7.29.2"

info: ::1 - - [04/Oct/2022:02:00:46 +0000] "GET /api/v1/notes/getall HTTP/1.1" 200 1782 "-" "PostmanRuntime/7.29.2"

info: ::1 - - [04/Oct/2022:02:00:48 +0000] "GET /api/v1/notes/getall HTTP/1.1" 200 1782 "-" "PostmanRuntime/7.29.2"

info: ::1 - - [04/Oct/2022:02:00:49 +0000] "GET /api/v1/notes/getall HTTP/1.1" 200 1782 "-" "PostmanRuntime/7.29.2"

info: ::1 - - [04/Oct/2022:02:00:50 +0000] "GET /api/v1/notes/getall HTTP/1.1" 200 1782 "-" "PostmanRuntime/7.29.2"

info: ::1 - - [04/Oct/2022:02:00:52 +0000] "GET /api/v1/notes/getall HTTP/1.1" 200 1782 "-" "PostmanRuntime/7.29.2"

info: ::1 - - [04/Oct/2022:02:00:54 +0000] "GET /api/v1/notes/getall HTTP/1.1" 200 1782 "-" "PostmanRuntime/7.29.2"

info: ::1 - - [04/Oct/2022:02:02:29 +0000] "GET /api/v1/notes/getall HTTP/1.1" 200 1782 "-" "PostmanRuntime/7.29.2"

info: ::1 - - [04/Oct/2022:02:02:31 +0000] "GET /api/v1/notes/getall HTTP/1.1" 200 1782 "-" "PostmanRuntime/7.29.2"

info: ::1 - - [04/Oct/2022:02:02:38 +0000] "GET /api/v1/notes/getall HTTP/1.1" 200 1782 "-" "PostmanRuntime/7.29.2"

info: ::1 - - [04/Oct/2022:02:02:40 +0000] "GET /api/v1/notes/getall HTTP/1.1" 200 1782 "-" "PostmanRuntime/7.29.2"

info: ::1 - - [04/Oct/2022:02:02:41 +0000] "GET /api/v1/notes/getall HTTP/1.1" 200 1782 "-" "PostmanRuntime/7.29.2"

info: ::1 - - [04/Oct/2022:02:02:43 +0000] "GET /api/v1/notes/getall HTTP/1.1" 200 1782 "-" "PostmanRuntime/7.29.2"

info: ::1 - - [04/Oct/2022:02:03:27 +0000] "GET /api/v1/notes/getall HTTP/1.1" 400 40 "-" "Mozilla/5.0 (Windows NT 10.0; Win64; x64) AppleWebKit/537.36 (KHTML, like Gecko) Chrome/106.0.0.0 Safari/537.36"

info: ::1 - - [04/Oct/2022:02:03:27 +0000] "GET /favicon.ico HTTP/1.1" 404 47 "-" "Mozilla/5.0 (Windows NT 10.0; Win64; x64) AppleWebKit/537.36 (KHTML, like Gecko) Chrome/106.0.0.0 Safari/537.36"

info: ::1 - - [04/Oct/2022:02:03:48 +0000] "GET /getall HTTP/1.1" 404 47 "-" "Mozilla/5.0 (Windows NT 10.0; Win64; x64) AppleWebKit/537.36 (KHTML, like Gecko) Chrome/106.0.0.0 Safari/537.36"

info: ::1 - - [04/Oct/2022:02:04:08 +0000] "GET /notes/getall HTTP/1.1" 404 47 "-" "Mozilla/5.0 (Windows NT 10.0; Win64; x64) AppleWebKit/537.36 (KHTML, like Gecko) Chrome/106.0.0.0 Safari/537.36"

info: ::1 - - [04/Oct/2022:02:04:39 +0000] "GET /posts HTTP/1.1" 404 47 "-" "Mozilla/5.0 (Windows NT 10.0; Win64; x64) AppleWebKit/537.36 (KHTML, like Gecko) Chrome/106.0.0.0 Safari/537.36"

info: ::1 - - [04/Oct/2022:02:09:51 +0000] "GET /api/v1/notes/getall HTTP/1.1" 200 1782 "-" "PostmanRuntime/7.29.2"

info: ::1 - - [04/Oct/2022:02:09:56 +0000] "GET /api/v1/notes/getall HTTP/1.1" 200 1782 "-" "PostmanRuntime/7.29.2"

info: ::1 - - [04/Oct/2022:02:10:05 +0000] "GET /api/v1/notes/getall HTTP/1.1" 200 1782 "-" "PostmanRuntime/7.29.2"

info: ::1 - - [04/Oct/2022:02:14:43 +0000] "GET /api/v1/notes/getall HTTP/1.1" 200 1781 "-" "PostmanRuntime/7.29.2"

info: ::1 - - [04/Oct/2022:02:23:55 +0000] "GET /api/v1/notes/getall HTTP/1.1" 200 1781 "-" "PostmanRuntime/7.29.2"

info: ::1 - - [04/Oct/2022:02:25:49 +0000] "GET /api/v1/notes/getall HTTP/1.1" 200 1781 "-" "PostmanRuntime/7.29.2"

