info: ::1 - - [03/Oct/2022:02:20:39 +0000] "POST /api/v1/users/register HTTP/1.1" 201 345 "-" "PostmanRuntime/7.29.2"

info: ::1 - - [03/Oct/2022:02:21:18 +0000] "POST /api/v1/users/forget HTTP/1.1" 200 71 "-" "PostmanRuntime/7.29.2"

info: ::1 - - [03/Oct/2022:02:22:25 +0000] "POST /api/v1/users/reset/eyJhbGciOiJIUzI1NiIsInR5cCI6IkpXVCJ9.eyJlbWFpbCI6ImdvdmluZG1haXRoaWxydG5AZ21haWwuY29tIiwiaWF0IjoxNjY0NzYzNjY3LCJleHAiOjE2NjQ3NjM5Njd9.6FuAeX5n8MIGta6eIqqpatlrCm2ZQZ68MUwMXzM4tNk HTTP/1.1" 200 55 "-" "PostmanRuntime/7.29.2"

info: ::1 - - [03/Oct/2022:02:23:00 +0000] "POST /api/v1/users/login HTTP/1.1" 200 276 "-" "PostmanRuntime/7.29.2"

info: ::1 - - [03/Oct/2022:02:23:59 +0000] "POST /api/v1/users/for HTTP/1.1" 404 47 "-" "PostmanRuntime/7.29.2"

info: ::1 - - [03/Oct/2022:02:24:11 +0000] "POST /api/v1/users/forget HTTP/1.1" 200 71 "-" "PostmanRuntime/7.29.2"

info: ::1 - - [03/Oct/2022:02:24:55 +0000] "POST /api/v1/users/reset/eyJhbGciOiJIUzI1NiIsInR5cCI6IkpXVCJ9.eyJlbWFpbCI6ImdvdmluZG1haXRoaWxydG5AZ21haWwuY29tIiwiaWF0IjoxNjY0NzYzODQ2LCJleHAiOjE2NjQ3NjQxNDZ9.tNpB9LImHmnCnOR5xycMRKazaVyvaV8nZh3yEcFdW1Q HTTP/1.1" 200 55 "-" "PostmanRuntime/7.29.2"

info: ::1 - - [03/Oct/2022:02:25:21 +0000] "POST /api/v1/users/reset/eyJhbGciOiJIUzI1NiIsInR5cCI6IkpXVCJ9.eyJlbWFpbCI6ImdvdmluZG1haXRoaWxydG5AZ21haWwuY29tIiwiaWF0IjoxNjY0NzYzODQ2LCJleHAiOjE2NjQ3NjQxNDZ9.tNpB9LImHmnCnOR5xycMRKazaVyvaV8nZh3yEcFdW1Q HTTP/1.1" 200 55 "-" "PostmanRuntime/7.29.2"

info: ::1 - - [03/Oct/2022:02:25:31 +0000] "POST /api/v1/users/login HTTP/1.1" 400 53 "-" "PostmanRuntime/7.29.2"

info: ::1 - - [03/Oct/2022:02:25:50 +0000] "POST /api/v1/users/login HTTP/1.1" 200 276 "-" "PostmanRuntime/7.29.2"

info: ::1 - - [03/Oct/2022:02:27:33 +0000] "POST /api/v1/users/register HTTP/1.1" 201 345 "-" "PostmanRuntime/7.29.2"

info: ::1 - - [03/Oct/2022:02:28:00 +0000] "POST /api/v1/users/forget HTTP/1.1" 200 71 "-" "PostmanRuntime/7.29.2"

info: ::1 - - [03/Oct/2022:02:28:57 +0000] "POST /api/v1/users/reset/eyJhbGciOiJIUzI1NiIsInR5cCI6IkpXVCJ9.eyJlbWFpbCI6Im1haXRoaWxnb3ZpbmRydG5AZ21haWwuY29tIiwiaWF0IjoxNjY0NzY0MDc2LCJleHAiOjE2NjQ3NjQzNzZ9.cQMfauJaHEuDf38fqbxsGQzkPjKVrx5Q8hmE2fpa-KE HTTP/1.1" 200 55 "-" "PostmanRuntime/7.29.2"

info: ::1 - - [03/Oct/2022:02:29:34 +0000] "POST /api/v1/users/login HTTP/1.1" 400 53 "-" "PostmanRuntime/7.29.2"

info: ::1 - - [03/Oct/2022:02:29:48 +0000] "POST /api/v1/users/login HTTP/1.1" 400 53 "-" "PostmanRuntime/7.29.2"

info: ::1 - - [03/Oct/2022:02:30:01 +0000] "POST /api/v1/users/login HTTP/1.1" 200 276 "-" "PostmanRuntime/7.29.2"

info: ::1 - - [03/Oct/2022:02:35:51 +0000] "POST /api/v1/users/register HTTP/1.1" 201 345 "-" "PostmanRuntime/7.29.2"

info: ::1 - - [03/Oct/2022:02:36:20 +0000] "POST /api/v1/users/forget HTTP/1.1" 200 71 "-" "PostmanRuntime/7.29.2"

info: ::1 - - [03/Oct/2022:02:37:16 +0000] "POST /api/v1/users/reset/eyJhbGciOiJIUzI1NiIsInR5cCI6IkpXVCJ9.eyJlbWFpbCI6Im1haXRoaWxnb3ZpbmRydG5AZ21haWwuY29tIiwiaWF0IjoxNjY0NzY0NTc1LCJleHAiOjE2NjQ3NjQ4NzV9.p6qdXmirRg0rV5bAi9D2VKDxUVQ0MslUoU-OB7XUnY0 HTTP/1.1" 200 55 "-" "PostmanRuntime/7.29.2"

info: ::1 - - [03/Oct/2022:02:38:00 +0000] "POST /api/v1/users/login HTTP/1.1" 400 53 "-" "PostmanRuntime/7.29.2"

info: ::1 - - [03/Oct/2022:02:49:39 +0000] "POST /api/v1/users/register HTTP/1.1" 201 345 "-" "PostmanRuntime/7.29.2"

info: ::1 - - [03/Oct/2022:02:50:04 +0000] "POST /api/v1/users/forget HTTP/1.1" 200 71 "-" "PostmanRuntime/7.29.2"

info: ::1 - - [03/Oct/2022:02:50:46 +0000] "POST /api/v1/users/reseteyJhbGciOiJIUzI1NiIsInR5cCI6IkpXVCJ9.eyJlbWFpbCI6ImdvdmluZG1haXRoaWxydG5AZ21haWwuY29tIiwiaWF0IjoxNjY0NzY1Mzk4LCJleHAiOjE2NjQ3NjU2OTh9.QCAvTlFCqp7o0SomMtBKdZRzb2KN88Q4Z8oqp3l1bMg HTTP/1.1" 404 47 "-" "PostmanRuntime/7.29.2"

info: ::1 - - [03/Oct/2022:02:51:07 +0000] "POST /api/v1/users/reset/JhbGciOiJIUzI1NiIsInR5cCI6IkpXVCJ9.eyJlbWFpbCI6ImdvdmluZG1haXRoaWxydG5AZ21haWwuY29tIiwiaWF0IjoxNjY0NzY1Mzk4LCJleHAiOjE2NjQ3NjU2OTh9.QCAvTlFCqp7o0SomMtBKdZRzb2KN88Q4Z8oqp3l1bMg HTTP/1.1" 400 57 "-" "PostmanRuntime/7.29.2"

info: ::1 - - [03/Oct/2022:02:54:44 +0000] "POST /api/v1/users/forget HTTP/1.1" 200 71 "-" "PostmanRuntime/7.29.2"

info: ::1 - - [03/Oct/2022:02:55:51 +0000] "POST /api/v1/users/reset HTTP/1.1" 400 40 "-" "PostmanRuntime/7.29.2"

info: ::1 - - [03/Oct/2022:02:55:53 +0000] "POST /api/v1/users/reset HTTP/1.1" 400 40 "-" "PostmanRuntime/7.29.2"

info: ::1 - - [03/Oct/2022:02:57:32 +0000] "POST /api/v1/users/forget HTTP/1.1" 200 71 "-" "PostmanRuntime/7.29.2"

info: ::1 - - [03/Oct/2022:02:58:25 +0000] "POST /api/v1/users/reset HTTP/1.1" 400 57 "-" "PostmanRuntime/7.29.2"

info: ::1 - - [03/Oct/2022:02:59:55 +0000] "POST /api/v1/users/reset HTTP/1.1" 400 57 "-" "PostmanRuntime/7.29.2"

info: ::1 - - [03/Oct/2022:03:04:24 +0000] "POST /api/v1/users/forget HTTP/1.1" 200 71 "-" "PostmanRuntime/7.29.2"

info: ::1 - - [03/Oct/2022:03:05:17 +0000] "POST /api/v1/users/reset HTTP/1.1" 400 57 "-" "PostmanRuntime/7.29.2"

info: ::1 - - [03/Oct/2022:03:09:34 +0000] "POST /api/v1/users/forget HTTP/1.1" 200 71 "-" "PostmanRuntime/7.29.2"

info: ::1 - - [03/Oct/2022:03:10:54 +0000] "POST /api/v1/users/forget HTTP/1.1" 200 71 "-" "PostmanRuntime/7.29.2"

info: ::1 - - [03/Oct/2022:03:11:45 +0000] "POST /api/v1/users/reset HTTP/1.1" 400 57 "-" "PostmanRuntime/7.29.2"

info: ::1 - - [03/Oct/2022:03:13:19 +0000] "POST /api/v1/users/reset HTTP/1.1" 400 57 "-" "PostmanRuntime/7.29.2"

info: ::1 - - [03/Oct/2022:03:15:59 +0000] "POST /api/v1/users/reset HTTP/1.1" 200 55 "-" "PostmanRuntime/7.29.2"

info: ::1 - - [03/Oct/2022:03:16:46 +0000] "POST /api/v1/users/login HTTP/1.1" 400 54 "-" "PostmanRuntime/7.29.2"

info: ::1 - - [03/Oct/2022:03:16:55 +0000] "POST /api/v1/users/login HTTP/1.1" 200 276 "-" "PostmanRuntime/7.29.2"

info: ::1 - - [03/Oct/2022:18:01:43 +0000] "POST /api/v1/notes/createnote HTTP/1.1" 400 69 "-" "PostmanRuntime/7.29.2"

info: ::1 - - [03/Oct/2022:18:01:57 +0000] "POST /api/v1/notes/createnote HTTP/1.1" 400 61 "-" "PostmanRuntime/7.29.2"

info: ::1 - - [03/Oct/2022:18:05:13 +0000] "POST /api/v1/users/register HTTP/1.1" 400 58 "-" "PostmanRuntime/7.29.2"

info: ::1 - - [03/Oct/2022:18:05:22 +0000] "POST /api/v1/users/register HTTP/1.1" 201 344 "-" "PostmanRuntime/7.29.2"

info: ::1 - - [03/Oct/2022:18:05:38 +0000] "POST /api/v1/users/login HTTP/1.1" 200 274 "-" "PostmanRuntime/7.29.2"

info: ::1 - - [03/Oct/2022:18:06:32 +0000] "POST /api/v1/notes/createnote HTTP/1.1" 201 273 "-" "PostmanRuntime/7.29.2"

info: ::1 - - [03/Oct/2022:18:07:03 +0000] "GET /api/v1/notes/getallnote HTTP/1.1" 500 132 "-" "PostmanRuntime/7.29.2"

info: ::1 - - [03/Oct/2022:18:07:49 +0000] "GET /api/v1/notes/getall HTTP/1.1" 200 1782 "-" "PostmanRuntime/7.29.2"

info: ::1 - - [03/Oct/2022:18:09:34 +0000] "GET /api/v1/notes/getall HTTP/1.1" 200 1782 "-" "PostmanRuntime/7.29.2"

