info: Server started at http://localhost:3000/api/v1/ {"timestamp":"2022-10-03T02:13:58.954Z"}
info: Connected to the database. {"timestamp":"2022-10-03T02:13:59.202Z"}
info: Server started at http://localhost:3000/api/v1/ {"timestamp":"2022-10-03T02:23:56.660Z"}
info: Connected to the database. {"timestamp":"2022-10-03T02:23:56.726Z"}
info: Server started at http://localhost:3000/api/v1/ {"timestamp":"2022-10-03T02:43:58.429Z"}
info: Connected to the database. {"timestamp":"2022-10-03T02:43:58.490Z"}
info: Server started at http://localhost:3000/api/v1/ {"timestamp":"2022-10-03T02:46:31.084Z"}
info: Connected to the database. {"timestamp":"2022-10-03T02:46:31.130Z"}
info: Server started at http://localhost:3000/api/v1/ {"timestamp":"2022-10-03T02:49:34.255Z"}
info: Connected to the database. {"timestamp":"2022-10-03T02:49:34.304Z"}
info: Server started at http://localhost:3000/api/v1/ {"timestamp":"2022-10-03T02:53:09.693Z"}
info: Connected to the database. {"timestamp":"2022-10-03T02:53:09.760Z"}
info: Server started at http://localhost:3000/api/v1/ {"timestamp":"2022-10-03T02:54:37.261Z"}
info: Connected to the database. {"timestamp":"2022-10-03T02:54:37.299Z"}
info: Server started at http://localhost:3000/api/v1/ {"timestamp":"2022-10-03T02:56:19.128Z"}
info: Connected to the database. {"timestamp":"2022-10-03T02:56:19.206Z"}
info: Server started at http://localhost:3000/api/v1/ {"timestamp":"2022-10-03T02:56:36.654Z"}
info: Connected to the database. {"timestamp":"2022-10-03T02:56:36.726Z"}
info: Server started at http://localhost:3000/api/v1/ {"timestamp":"2022-10-03T02:57:20.265Z"}
info: Connected to the database. {"timestamp":"2022-10-03T02:57:20.321Z"}
info: Server started at http://localhost:3000/api/v1/ {"timestamp":"2022-10-03T03:02:22.257Z"}
info: Connected to the database. {"timestamp":"2022-10-03T03:02:22.408Z"}
info: Server started at http://localhost:3000/api/v1/ {"timestamp":"2022-10-03T03:04:11.527Z"}
info: Connected to the database. {"timestamp":"2022-10-03T03:04:11.584Z"}
info: Server started at http://localhost:3000/api/v1/ {"timestamp":"2022-10-03T03:06:12.867Z"}
info: Connected to the database. {"timestamp":"2022-10-03T03:06:12.932Z"}
info: Server started at http://localhost:3000/api/v1/ {"timestamp":"2022-10-03T03:09:20.051Z"}
info: Connected to the database. {"timestamp":"2022-10-03T03:09:20.093Z"}
info: Server started at http://localhost:3000/api/v1/ {"timestamp":"2022-10-03T03:10:42.957Z"}
info: Connected to the database. {"timestamp":"2022-10-03T03:10:43.011Z"}
info: Server started at http://localhost:3000/api/v1/ {"timestamp":"2022-10-03T03:12:59.942Z"}
info: Connected to the database. {"timestamp":"2022-10-03T03:13:00.006Z"}
info: Server started at http://localhost:3000/api/v1/ {"timestamp":"2022-10-03T03:14:52.102Z"}
info: Connected to the database. {"timestamp":"2022-10-03T03:14:52.183Z"}
info: Server started at http://localhost:3000/api/v1/ {"timestamp":"2022-10-03T03:15:32.582Z"}
info: Connected to the database. {"timestamp":"2022-10-03T03:15:32.631Z"}
info: Server started at http://localhost:3000/api/v1/ {"timestamp":"2022-10-03T03:15:51.412Z"}
info: Connected to the database. {"timestamp":"2022-10-03T03:15:51.465Z"}
info: Server started at http://localhost:3000/api/v1/ {"timestamp":"2022-10-03T03:26:10.106Z"}
info: Connected to the database. {"timestamp":"2022-10-03T03:26:10.172Z"}
info: Server started at http://localhost:3000/api/v1/ {"timestamp":"2022-10-03T06:43:13.503Z"}
info: Connected to the database. {"timestamp":"2022-10-03T06:43:13.557Z"}
info: Connected to the database. {"timestamp":"2022-10-03T06:43:13.587Z"}
info: Server started at http://localhost:3000/api/v1/ {"timestamp":"2022-10-03T06:44:18.992Z"}
info: Connected to the Redis database. {"timestamp":"2022-10-03T06:44:19.042Z"}
info: Connected to the database. {"timestamp":"2022-10-03T06:44:19.082Z"}
info: Server started at http://localhost:3000/api/v1/ {"timestamp":"2022-10-03T17:57:06.806Z"}
info: Connected to the Redis database. {"timestamp":"2022-10-03T17:57:06.847Z"}
info: Connected to the database. {"timestamp":"2022-10-03T17:57:06.874Z"}
error: 
    status - 500 
    message - Error: Cast to undefined failed for value undefined at path "undefined"
    at CastError.<anonymous> (C:\Users\hp\fundoo\node_modules\core-js\internals\wrap-error-constructor-with-cause.js:37:62)
    at new Error (C:\Users\hp\fundoo\node_modules\core-js\modules\es.error.cause.js:28:43)
    at new MongooseError (C:\Users\hp\fundoo\node_modules\mongoose\lib\error\mongooseError.js:7:1)
    at new CastError (C:\Users\hp\fundoo\node_modules\mongoose\lib\error\cast.js:31:7)
    at model.Query.exec (C:\Users\hp\fundoo\node_modules\mongoose\lib\query.js:4498:21)
    at model.Query.Query.then (C:\Users\hp\fundoo\node_modules\mongoose\lib\query.js:4592:15)
    at processTicksAndRejections (internal/process/task_queues.js:95:5) 
    url - /api/v1/notes/getallnote 
    method - GET 
    IP - ::1
   {"timestamp":"2022-10-03T18:07:03.739Z"}
info: Server started at http://localhost:3000/api/v1/ {"timestamp":"2022-10-03T18:09:20.553Z"}
info: Connected to the Redis database. {"timestamp":"2022-10-03T18:09:20.577Z"}
info: Connected to the database. {"timestamp":"2022-10-03T18:09:20.609Z"}
info: Server started at http://localhost:3000/api/v1/ {"timestamp":"2022-10-03T18:10:47.007Z"}
info: Connected to the Redis database. {"timestamp":"2022-10-03T18:10:47.050Z"}
info: Connected to the database. {"timestamp":"2022-10-03T18:10:47.087Z"}
info: Server started at http://localhost:3000/api/v1/ {"timestamp":"2022-10-03T18:11:11.092Z"}
info: Connected to the Redis database. {"timestamp":"2022-10-03T18:11:11.117Z"}
info: Connected to the database. {"timestamp":"2022-10-03T18:11:11.148Z"}
