info: Server started at http://localhost:3000/api/v1/ {"timestamp":"2022-09-30T02:45:09.412Z"}
info: Connected to the database. {"timestamp":"2022-09-30T02:45:09.504Z"}
info: Server started at http://localhost:3000/api/v1/ {"timestamp":"2022-09-30T02:47:41.675Z"}
info: Connected to the database. {"timestamp":"2022-09-30T02:47:41.742Z"}
info: Server started at http://localhost:3000/api/v1/ {"timestamp":"2022-09-30T02:47:58.446Z"}
info: Connected to the database. {"timestamp":"2022-09-30T02:47:58.502Z"}
info: Server started at http://localhost:3000/api/v1/ {"timestamp":"2022-09-30T02:48:55.088Z"}
info: Connected to the database. {"timestamp":"2022-09-30T02:48:55.164Z"}
info: Server started at http://localhost:3000/api/v1/ {"timestamp":"2022-09-30T02:50:47.655Z"}
info: Connected to the database. {"timestamp":"2022-09-30T02:50:47.728Z"}
info: Server started at http://localhost:3000/api/v1/ {"timestamp":"2022-09-30T03:46:17.595Z"}
info: Connected to the database. {"timestamp":"2022-09-30T03:46:17.662Z"}
info: Server started at http://localhost:3000/api/v1/ {"timestamp":"2022-09-30T03:47:59.699Z"}
info: Connected to the database. {"timestamp":"2022-09-30T03:47:59.805Z"}
info: Server started at http://localhost:3000/api/v1/ {"timestamp":"2022-09-30T03:52:56.647Z"}
info: Connected to the database. {"timestamp":"2022-09-30T03:52:56.722Z"}
info: Server started at http://localhost:3000/api/v1/ {"timestamp":"2022-09-30T03:54:10.697Z"}
info: Connected to the database. {"timestamp":"2022-09-30T03:54:10.745Z"}
info: Server started at http://localhost:3000/api/v1/ {"timestamp":"2022-09-30T04:36:34.213Z"}
info: Connected to the database. {"timestamp":"2022-09-30T04:36:34.307Z"}
info: Server started at http://localhost:3000/api/v1/ {"timestamp":"2022-09-30T04:39:24.585Z"}
info: Connected to the database. {"timestamp":"2022-09-30T04:39:24.648Z"}
info: Server started at http://localhost:3000/api/v1/ {"timestamp":"2022-09-30T04:52:19.911Z"}
info: Connected to the database. {"timestamp":"2022-09-30T04:52:19.997Z"}
info: Server started at http://localhost:3000/api/v1/ {"timestamp":"2022-09-30T04:53:55.960Z"}
info: Connected to the database. {"timestamp":"2022-09-30T04:53:56.029Z"}
info: Server started at http://localhost:3000/api/v1/ {"timestamp":"2022-09-30T04:54:30.978Z"}
info: Connected to the database. {"timestamp":"2022-09-30T04:54:31.060Z"}
info: Server started at http://localhost:3000/api/v1/ {"timestamp":"2022-09-30T05:31:33.635Z"}
info: Connected to the database. {"timestamp":"2022-09-30T05:31:33.705Z"}
info: Server started at http://localhost:3000/api/v1/ {"timestamp":"2022-09-30T05:40:24.673Z"}
info: Connected to the database. {"timestamp":"2022-09-30T05:40:24.764Z"}
info: Server started at http://localhost:3000/api/v1/ {"timestamp":"2022-09-30T05:41:13.275Z"}
info: Connected to the database. {"timestamp":"2022-09-30T05:41:13.317Z"}
info: Server started at http://localhost:3000/api/v1/ {"timestamp":"2022-09-30T05:46:52.178Z"}
info: Connected to the database. {"timestamp":"2022-09-30T05:46:52.230Z"}
info: Server started at http://localhost:3000/api/v1/ {"timestamp":"2022-09-30T05:47:14.532Z"}
info: Connected to the database. {"timestamp":"2022-09-30T05:47:14.581Z"}
info: Server started at http://localhost:3000/api/v1/ {"timestamp":"2022-09-30T05:55:18.757Z"}
info: Connected to the database. {"timestamp":"2022-09-30T05:55:18.859Z"}
info: Server started at http://localhost:3000/api/v1/ {"timestamp":"2022-09-30T05:59:51.501Z"}
info: Connected to the database. {"timestamp":"2022-09-30T05:59:51.555Z"}
info: Server started at http://localhost:3000/api/v1/ {"timestamp":"2022-09-30T06:04:30.550Z"}
info: Connected to the database. {"timestamp":"2022-09-30T06:04:30.697Z"}
info: Server started at http://localhost:3000/api/v1/ {"timestamp":"2022-09-30T06:05:10.839Z"}
info: Connected to the database. {"timestamp":"2022-09-30T06:05:10.904Z"}
info: Server started at http://localhost:3000/api/v1/ {"timestamp":"2022-09-30T06:09:28.564Z"}
info: Connected to the database. {"timestamp":"2022-09-30T06:09:28.650Z"}
info: Server started at http://localhost:3000/api/v1/ {"timestamp":"2022-09-30T06:11:22.886Z"}
info: Connected to the database. {"timestamp":"2022-09-30T06:11:22.957Z"}
info: Server started at http://localhost:3000/api/v1/ {"timestamp":"2022-09-30T11:17:13.199Z"}
info: Connected to the database. {"timestamp":"2022-09-30T11:17:13.366Z"}
info: Server started at http://localhost:3000/api/v1/ {"timestamp":"2022-09-30T11:27:42.728Z"}
info: Connected to the database. {"timestamp":"2022-09-30T11:27:42.775Z"}
error: 
    status - 500 
    message - Error: "firstName" is required 
    url - /api/v1/users/register 
    method - POST 
    IP - ::1
   {"timestamp":"2022-09-30T11:38:39.646Z"}
info: Server started at http://localhost:3000/api/v1/ {"timestamp":"2022-09-30T11:42:56.185Z"}
info: Connected to the database. {"timestamp":"2022-09-30T11:42:56.301Z"}
info: Server started at http://localhost:3000/api/v1/ {"timestamp":"2022-09-30T11:45:23.208Z"}
info: Connected to the database. {"timestamp":"2022-09-30T11:45:23.265Z"}
info: Server started at http://localhost:3000/api/v1/ {"timestamp":"2022-09-30T11:53:32.952Z"}
info: Connected to the database. {"timestamp":"2022-09-30T11:53:33.001Z"}
info: Server started at http://localhost:3000/api/v1/ {"timestamp":"2022-09-30T11:56:10.648Z"}
info: Connected to the database. {"timestamp":"2022-09-30T11:56:10.689Z"}
info: Server started at http://localhost:3000/api/v1/ {"timestamp":"2022-09-30T12:02:29.805Z"}
info: Connected to the database. {"timestamp":"2022-09-30T12:02:29.844Z"}
info: Server started at http://localhost:3000/api/v1/ {"timestamp":"2022-09-30T12:13:46.732Z"}
info: Connected to the database. {"timestamp":"2022-09-30T12:13:46.801Z"}
info: Server started at http://localhost:3000/api/v1/ {"timestamp":"2022-09-30T12:20:54.467Z"}
info: Connected to the database. {"timestamp":"2022-09-30T12:20:54.510Z"}
info: Server started at http://localhost:3000/api/v1/ {"timestamp":"2022-09-30T12:21:13.486Z"}
info: Connected to the database. {"timestamp":"2022-09-30T12:21:13.581Z"}
info: Server started at http://localhost:3000/api/v1/ {"timestamp":"2022-09-30T12:21:30.537Z"}
info: Connected to the database. {"timestamp":"2022-09-30T12:21:30.601Z"}
info: Server started at http://localhost:3000/api/v1/ {"timestamp":"2022-09-30T12:22:47.050Z"}
info: Connected to the database. {"timestamp":"2022-09-30T12:22:47.098Z"}
info: Server started at http://localhost:3000/api/v1/ {"timestamp":"2022-09-30T12:23:08.078Z"}
info: Connected to the database. {"timestamp":"2022-09-30T12:23:08.123Z"}
info: Server started at http://localhost:3000/api/v1/ {"timestamp":"2022-09-30T12:25:49.021Z"}
info: Connected to the database. {"timestamp":"2022-09-30T12:25:49.066Z"}
info: Server started at http://localhost:3000/api/v1/ {"timestamp":"2022-09-30T12:27:13.768Z"}
info: Connected to the database. {"timestamp":"2022-09-30T12:27:13.844Z"}
info: Server started at http://localhost:3000/api/v1/ {"timestamp":"2022-09-30T12:34:36.952Z"}
info: Connected to the database. {"timestamp":"2022-09-30T12:34:37.023Z"}
info: Server started at http://localhost:3000/api/v1/ {"timestamp":"2022-09-30T12:37:03.209Z"}
info: Connected to the database. {"timestamp":"2022-09-30T12:37:03.248Z"}
info: Server started at http://localhost:3000/api/v1/ {"timestamp":"2022-09-30T12:37:25.168Z"}
info: Connected to the database. {"timestamp":"2022-09-30T12:37:25.256Z"}
info: Server started at http://localhost:3000/api/v1/ {"timestamp":"2022-09-30T12:39:40.252Z"}
info: Connected to the database. {"timestamp":"2022-09-30T12:39:40.412Z"}
info: Server started at http://localhost:3000/api/v1/ {"timestamp":"2022-09-30T12:41:47.601Z"}
info: Connected to the database. {"timestamp":"2022-09-30T12:41:47.737Z"}
info: Server started at http://localhost:3000/api/v1/ {"timestamp":"2022-09-30T12:45:12.591Z"}
info: Connected to the database. {"timestamp":"2022-09-30T12:45:12.635Z"}
info: Server started at http://localhost:3000/api/v1/ {"timestamp":"2022-09-30T12:45:28.064Z"}
info: Connected to the database. {"timestamp":"2022-09-30T12:45:28.138Z"}
