<<<<<<< HEAD
info: Server started at http://localhost:3000/api/v1/ {"timestamp":"2022-10-04T03:57:31.356Z"}
info: Connected to the database. {"timestamp":"2022-10-04T03:57:31.496Z"}
=======
info: Server started at http://localhost:3000/api/v1/ {"timestamp":"2022-10-04T02:00:36.996Z"}
info: Connected to the Redis database. {"timestamp":"2022-10-04T02:00:37.043Z"}
info: Connected to the database. {"timestamp":"2022-10-04T02:00:37.058Z"}
info: Server started at http://localhost:3000/api/v1/ {"timestamp":"2022-10-04T02:02:22.512Z"}
info: Connected to the Redis database. {"timestamp":"2022-10-04T02:02:22.548Z"}
info: Connected to the database. {"timestamp":"2022-10-04T02:02:22.579Z"}
info: Server started at http://localhost:3000/api/v1/ {"timestamp":"2022-10-04T02:09:07.274Z"}
info: Connected to the Redis database. {"timestamp":"2022-10-04T02:09:07.369Z"}
info: Connected to the database. {"timestamp":"2022-10-04T02:09:07.433Z"}
info: Server started at http://localhost:3000/api/v1/ {"timestamp":"2022-10-04T02:11:38.348Z"}
info: Connected to the Redis database. {"timestamp":"2022-10-04T02:11:38.406Z"}
info: Connected to the database. {"timestamp":"2022-10-04T02:11:38.429Z"}
info: Server started at http://localhost:3000/api/v1/ {"timestamp":"2022-10-04T02:13:12.141Z"}
info: Connected to the Redis database. {"timestamp":"2022-10-04T02:13:12.185Z"}
info: Connected to the database. {"timestamp":"2022-10-04T02:13:12.218Z"}
info: Server started at http://localhost:3000/api/v1/ {"timestamp":"2022-10-04T02:14:11.297Z"}
info: Connected to the Redis database. {"timestamp":"2022-10-04T02:14:11.356Z"}
info: Connected to the database. {"timestamp":"2022-10-04T02:14:11.389Z"}
info: Server started at http://localhost:3000/api/v1/ {"timestamp":"2022-10-04T02:18:03.677Z"}
info: Connected to the Redis database. {"timestamp":"2022-10-04T02:18:03.709Z"}
info: Connected to the database. {"timestamp":"2022-10-04T02:18:03.737Z"}
info: Server started at http://localhost:3000/api/v1/ {"timestamp":"2022-10-04T02:19:08.013Z"}
info: Connected to the Redis database. {"timestamp":"2022-10-04T02:19:08.066Z"}
info: Connected to the database. {"timestamp":"2022-10-04T02:19:08.101Z"}
info: Server started at http://localhost:3000/api/v1/ {"timestamp":"2022-10-04T02:23:42.212Z"}
info: Connected to the Redis database. {"timestamp":"2022-10-04T02:23:42.291Z"}
info: Connected to the database. {"timestamp":"2022-10-04T02:23:42.323Z"}
info: Server started at http://localhost:3000/api/v1/ {"timestamp":"2022-10-04T02:25:47.664Z"}
info: Connected to the Redis database. {"timestamp":"2022-10-04T02:25:47.691Z"}
info: Connected to the database. {"timestamp":"2022-10-04T02:25:47.722Z"}
info: Server started at http://localhost:3000/api/v1/ {"timestamp":"2022-10-04T02:41:10.548Z"}
info: Connected to the Redis database. {"timestamp":"2022-10-04T02:41:10.712Z"}
info: Connected to the database. {"timestamp":"2022-10-04T02:41:10.832Z"}
info: Server started at http://localhost:3000/api/v1/ {"timestamp":"2022-10-04T03:55:15.492Z"}
info: Connected to the database. {"timestamp":"2022-10-04T03:55:15.672Z"}
>>>>>>> User_ResetPassword_api
<<<<<<< HEAD
info: Server started at http://localhost:3000/api/v1/ {"timestamp":"2022-10-04T04:24:10.471Z"}
info: Connected to the database. {"timestamp":"2022-10-04T04:24:10.521Z"}
=======
info: Server started at http://localhost:3000/api/v1/ {"timestamp":"2022-10-04T03:59:25.061Z"}
info: Connected to the database. {"timestamp":"2022-10-04T03:59:25.151Z"}
info: Server started at http://localhost:3000/api/v1/ {"timestamp":"2022-10-04T04:01:54.957Z"}
info: Connected to the database. {"timestamp":"2022-10-04T04:01:55.023Z"}
info: Server started at http://localhost:3000/api/v1/ {"timestamp":"2022-10-04T04:02:25.035Z"}
info: Connected to the database. {"timestamp":"2022-10-04T04:02:25.097Z"}
info: Server started at http://localhost:3000/api/v1/ {"timestamp":"2022-10-04T04:03:28.292Z"}
info: Connected to the database. {"timestamp":"2022-10-04T04:03:28.429Z"}
info: Server started at http://localhost:3000/api/v1/ {"timestamp":"2022-10-04T04:03:38.504Z"}
info: Connected to the database. {"timestamp":"2022-10-04T04:03:38.587Z"}
info: Server started at http://localhost:3000/api/v1/ {"timestamp":"2022-10-04T04:04:54.644Z"}
info: Connected to the database. {"timestamp":"2022-10-04T04:04:54.704Z"}
info: Server started at http://localhost:3000/api/v1/ {"timestamp":"2022-10-04T04:05:25.243Z"}
info: Connected to the database. {"timestamp":"2022-10-04T04:05:25.317Z"}
info: Server started at http://localhost:3000/api/v1/ {"timestamp":"2022-10-04T04:06:12.814Z"}
info: Connected to the Redis database. {"timestamp":"2022-10-04T04:06:12.882Z"}
info: Connected to the database. {"timestamp":"2022-10-04T04:06:12.908Z"}
info: Server started at http://localhost:3000/api/v1/ {"timestamp":"2022-10-04T04:08:10.161Z"}
info: Connected to the Redis database. {"timestamp":"2022-10-04T04:08:10.204Z"}
info: Connected to the database. {"timestamp":"2022-10-04T04:08:10.226Z"}
info: Server started at http://localhost:3000/api/v1/ {"timestamp":"2022-10-04T04:08:43.867Z"}
info: Connected to the Redis database. {"timestamp":"2022-10-04T04:08:43.909Z"}
info: Connected to the database. {"timestamp":"2022-10-04T04:08:43.984Z"}
info: Server started at http://localhost:3000/api/v1/ {"timestamp":"2022-10-04T04:13:01.421Z"}
info: Connected to the Redis database. {"timestamp":"2022-10-04T04:13:01.474Z"}
info: Connected to the database. {"timestamp":"2022-10-04T04:13:01.500Z"}
info: Server started at http://localhost:3000/api/v1/ {"timestamp":"2022-10-04T04:14:14.707Z"}
info: Connected to the Redis database. {"timestamp":"2022-10-04T04:14:14.748Z"}
info: Connected to the database. {"timestamp":"2022-10-04T04:14:14.778Z"}
info: Server started at http://localhost:3000/api/v1/ {"timestamp":"2022-10-04T04:15:05.453Z"}
info: Connected to the Redis database. {"timestamp":"2022-10-04T04:15:05.491Z"}
info: Connected to the database. {"timestamp":"2022-10-04T04:15:05.519Z"}
info: Server started at http://localhost:3000/api/v1/ {"timestamp":"2022-10-04T04:16:34.568Z"}
info: Connected to the Redis database. {"timestamp":"2022-10-04T04:16:34.603Z"}
info: Connected to the database. {"timestamp":"2022-10-04T04:16:34.635Z"}
info: Server started at http://localhost:3000/api/v1/ {"timestamp":"2022-10-04T04:17:07.077Z"}
info: Connected to the Redis database. {"timestamp":"2022-10-04T04:17:07.111Z"}
info: Connected to the database. {"timestamp":"2022-10-04T04:17:07.131Z"}
info: Server started at http://localhost:3000/api/v1/ {"timestamp":"2022-10-04T04:18:29.197Z"}
info: Connected to the Redis database. {"timestamp":"2022-10-04T04:18:29.231Z"}
info: Connected to the database. {"timestamp":"2022-10-04T04:18:29.249Z"}
info: Server started at http://localhost:3000/api/v1/ {"timestamp":"2022-10-04T04:19:23.226Z"}
info: Connected to the Redis database. {"timestamp":"2022-10-04T04:19:23.255Z"}
info: Connected to the database. {"timestamp":"2022-10-04T04:19:23.292Z"}
info: Server started at http://localhost:3000/api/v1/ {"timestamp":"2022-10-04T04:20:18.359Z"}
info: Connected to the Redis database. {"timestamp":"2022-10-04T04:20:18.382Z"}
info: Connected to the database. {"timestamp":"2022-10-04T04:20:18.399Z"}
>>>>>>> Fundoo_Notes_Redis_DataBase
info: Server started at http://localhost:3000/api/v1/ {"timestamp":"2022-10-04T04:24:57.603Z"}
info: Connected to the Redis database. {"timestamp":"2022-10-04T04:24:57.644Z"}
info: Connected to the database. {"timestamp":"2022-10-04T04:24:57.671Z"}
