<<<<<<< HEAD
info: Server started at http://localhost:3000/api/v1/ {"timestamp":"2022-09-29T02:25:21.535Z"}
info: Connected to the database. {"timestamp":"2022-09-29T02:25:21.618Z"}
info: Server started at http://localhost:3000/api/v1/ {"timestamp":"2022-09-29T02:29:15.631Z"}
info: Connected to the database. {"timestamp":"2022-09-29T02:29:15.693Z"}
=======
info: Server started at http://localhost:3000/api/v1/ {"timestamp":"2022-09-29T02:40:43.901Z"}
info: Connected to the database. {"timestamp":"2022-09-29T02:40:44.166Z"}
info: Server started at http://localhost:3000/api/v1/ {"timestamp":"2022-09-29T02:42:03.824Z"}
info: Connected to the database. {"timestamp":"2022-09-29T02:42:03.932Z"}
info: Server started at http://localhost:3000/api/v1/ {"timestamp":"2022-09-29T02:44:35.676Z"}
info: Connected to the database. {"timestamp":"2022-09-29T02:44:35.743Z"}
info: Server started at http://localhost:3000/api/v1/ {"timestamp":"2022-09-29T02:48:00.313Z"}
info: Connected to the database. {"timestamp":"2022-09-29T02:48:00.406Z"}
info: Server started at http://localhost:3000/api/v1/ {"timestamp":"2022-09-29T02:50:41.766Z"}
info: Connected to the database. {"timestamp":"2022-09-29T02:50:41.850Z"}
info: Server started at http://localhost:3000/api/v1/ {"timestamp":"2022-09-29T02:54:56.157Z"}
info: Connected to the database. {"timestamp":"2022-09-29T02:54:56.245Z"}
info: Server started at http://localhost:3000/api/v1/ {"timestamp":"2022-09-29T03:00:09.670Z"}
info: Connected to the database. {"timestamp":"2022-09-29T03:00:09.742Z"}
>>>>>>> Testing_User_note_fundoo_note
info: Server started at http://localhost:3000/api/v1/ {"timestamp":"2022-09-29T03:18:38.493Z"}
info: Connected to the database. {"timestamp":"2022-09-29T03:18:38.561Z"}
info: Server started at http://localhost:3000/api/v1/ {"timestamp":"2022-09-29T03:19:10.796Z"}
info: Connected to the database. {"timestamp":"2022-09-29T03:19:10.855Z"}
info: Server started at http://localhost:3000/api/v1/ {"timestamp":"2022-09-29T03:19:36.623Z"}
info: Connected to the database. {"timestamp":"2022-09-29T03:19:36.699Z"}
info: Server started at http://localhost:3000/api/v1/ {"timestamp":"2022-09-29T04:18:12.287Z"}
info: Connected to the database. {"timestamp":"2022-09-29T04:18:12.408Z"}
info: Server started at http://localhost:3000/api/v1/ {"timestamp":"2022-09-29T04:25:34.500Z"}
info: Connected to the database. {"timestamp":"2022-09-29T04:25:34.557Z"}
info: Server started at http://localhost:3000/api/v1/ {"timestamp":"2022-09-29T04:27:15.398Z"}
info: Connected to the database. {"timestamp":"2022-09-29T04:27:15.565Z"}
info: Server started at http://localhost:3000/api/v1/ {"timestamp":"2022-09-29T04:28:57.732Z"}
info: Connected to the database. {"timestamp":"2022-09-29T04:28:57.864Z"}
info: Server started at http://localhost:3000/api/v1/ {"timestamp":"2022-09-29T04:32:27.001Z"}
info: Connected to the database. {"timestamp":"2022-09-29T04:32:27.078Z"}
info: Server started at http://localhost:3000/api/v1/ {"timestamp":"2022-09-29T04:36:04.786Z"}
info: Connected to the database. {"timestamp":"2022-09-29T04:36:04.842Z"}
info: Server started at http://localhost:3000/api/v1/ {"timestamp":"2022-09-29T11:41:23.657Z"}
info: Connected to the database. {"timestamp":"2022-09-29T11:41:23.890Z"}
