info: Server started at http://localhost:3000/api/v1/ {"timestamp":"2022-09-27T02:18:19.305Z"}
error: Could not connect to the database. querySrv ECONNREFUSED _mongodb._tcp.demo.aoloa.mongodb.net {"code":"ECONNREFUSED","hostname":"_mongodb._tcp.demo.aoloa.mongodb.net","stack":"Error: querySrv ECONNREFUSED _mongodb._tcp.demo.aoloa.mongodb.net\n    at QueryReqWrap.onresolve [as oncomplete] (dns.js:206:19)","syscall":"querySrv","timestamp":"2022-09-27T02:18:19.427Z"}
info: Server started at http://localhost:3000/api/v1/ {"timestamp":"2022-09-27T02:20:46.339Z"}
info: Server started at http://localhost:3000/api/v1/ {"timestamp":"2022-09-27T02:22:46.243Z"}
info: Server started at http://localhost:3000/api/v1/ {"timestamp":"2022-09-27T02:25:41.755Z"}
info: Server started at http://localhost:3000/api/v1/ {"timestamp":"2022-09-27T02:32:45.215Z"}
info: Server started at http://localhost:3000/api/v1/ {"timestamp":"2022-09-27T02:39:12.089Z"}
info: Server started at http://localhost:3000/api/v1/ {"timestamp":"2022-09-27T02:40:04.145Z"}
info: Server started at http://localhost:3000/api/v1/ {"timestamp":"2022-09-27T02:41:37.835Z"}
info: Server started at http://localhost:3000/api/v1/ {"timestamp":"2022-09-27T02:42:25.048Z"}
info: Server started at http://localhost:3000/api/v1/ {"timestamp":"2022-09-27T02:43:19.309Z"}
info: Server started at http://localhost:3000/api/v1/ {"timestamp":"2022-09-27T02:43:57.925Z"}
info: Server started at http://localhost:3000/api/v1/ {"timestamp":"2022-09-27T03:06:53.693Z"}
info: Connected to the database. {"timestamp":"2022-09-27T03:06:53.747Z"}
info: Server started at http://localhost:3000/api/v1/ {"timestamp":"2022-09-27T03:12:28.493Z"}
info: Connected to the database. {"timestamp":"2022-09-27T03:12:28.577Z"}
info: Server started at http://localhost:3000/api/v1/ {"timestamp":"2022-09-27T03:13:25.885Z"}
info: Connected to the database. {"timestamp":"2022-09-27T03:13:26.028Z"}
info: Server started at http://localhost:3000/api/v1/ {"timestamp":"2022-09-27T03:15:38.193Z"}
info: Connected to the database. {"timestamp":"2022-09-27T03:15:38.236Z"}
info: Server started at http://localhost:3000/api/v1/ {"timestamp":"2022-09-27T03:19:03.507Z"}
info: Connected to the database. {"timestamp":"2022-09-27T03:19:03.560Z"}
info: Server started at http://localhost:3000/api/v1/ {"timestamp":"2022-09-27T03:20:11.711Z"}
info: Connected to the database. {"timestamp":"2022-09-27T03:20:11.769Z"}
info: Server started at http://localhost:3000/api/v1/ {"timestamp":"2022-09-27T03:25:11.670Z"}
info: Connected to the database. {"timestamp":"2022-09-27T03:25:11.720Z"}
error: 
    status - 500 
    message - Error: Cast to undefined failed for value undefined at path "undefined"
    at CastError.<anonymous> (C:\Users\hp\fundoo\node_modules\core-js\internals\wrap-error-constructor-with-cause.js:37:62)
    at new Error (C:\Users\hp\fundoo\node_modules\core-js\modules\es.error.cause.js:28:43)
    at new MongooseError (C:\Users\hp\fundoo\node_modules\mongoose\lib\error\mongooseError.js:7:1)
    at new CastError (C:\Users\hp\fundoo\node_modules\mongoose\lib\error\cast.js:31:7)
    at model.Query.exec (C:\Users\hp\fundoo\node_modules\mongoose\lib\query.js:4498:21)
    at model.Query.Query.then (C:\Users\hp\fundoo\node_modules\mongoose\lib\query.js:4592:15)
    at processTicksAndRejections (internal/process/task_queues.js:95:5) 
    url - /api/v1/notes/%7B:_id%7D 
    method - GET 
    IP - ::1
   {"timestamp":"2022-09-27T03:27:48.216Z"}
info: Server started at http://localhost:3000/api/v1/ {"timestamp":"2022-09-27T03:29:03.094Z"}
info: Connected to the database. {"timestamp":"2022-09-27T03:29:03.310Z"}
info: Server started at http://localhost:3000/api/v1/ {"timestamp":"2022-09-27T03:29:49.862Z"}
info: Server started at http://localhost:3000/api/v1/ {"timestamp":"2022-09-27T03:31:48.482Z"}
info: Server started at http://localhost:3000/api/v1/ {"timestamp":"2022-09-27T14:53:36.507Z"}
info: Server started at http://localhost:3000/api/v1/ {"timestamp":"2022-09-27T14:54:28.413Z"}
info: Server started at http://localhost:3000/api/v1/ {"timestamp":"2022-09-27T14:57:35.485Z"}
info: Server started at http://localhost:3000/api/v1/ {"timestamp":"2022-09-27T15:07:21.189Z"}
info: Connected to the database. {"timestamp":"2022-09-27T15:07:22.405Z"}
error: 
    status - 500 
    message - Error: Cast to undefined failed for value undefined at path "undefined"
    at CastError.<anonymous> (C:\Users\hp\fundoo\node_modules\core-js\internals\wrap-error-constructor-with-cause.js:37:62)
    at new Error (C:\Users\hp\fundoo\node_modules\core-js\modules\es.error.cause.js:28:43)
    at new MongooseError (C:\Users\hp\fundoo\node_modules\mongoose\lib\error\mongooseError.js:7:1)
    at new CastError (C:\Users\hp\fundoo\node_modules\mongoose\lib\error\cast.js:31:7)
    at model.Query.exec (C:\Users\hp\fundoo\node_modules\mongoose\lib\query.js:4498:21)
    at model.Query.Query.then (C:\Users\hp\fundoo\node_modules\mongoose\lib\query.js:4592:15)
    at processTicksAndRejections (internal/process/task_queues.js:95:5) 
    url - /api/v1/notes/createnote 
    method - GET 
    IP - ::1
   {"timestamp":"2022-09-27T15:09:23.478Z"}
info: Server started at http://localhost:3000/api/v1/ {"timestamp":"2022-09-27T15:10:56.731Z"}
info: Connected to the database. {"timestamp":"2022-09-27T15:10:56.829Z"}
error: 
    status - 500 
    message - Error: Cast to undefined failed for value undefined at path "undefined"
    at CastError.<anonymous> (C:\Users\hp\fundoo\node_modules\core-js\internals\wrap-error-constructor-with-cause.js:37:62)
    at new Error (C:\Users\hp\fundoo\node_modules\core-js\modules\es.error.cause.js:28:43)
    at new MongooseError (C:\Users\hp\fundoo\node_modules\mongoose\lib\error\mongooseError.js:7:1)
    at new CastError (C:\Users\hp\fundoo\node_modules\mongoose\lib\error\cast.js:31:7)
    at model.Query.exec (C:\Users\hp\fundoo\node_modules\mongoose\lib\query.js:4498:21)
    at model.Query.Query.then (C:\Users\hp\fundoo\node_modules\mongoose\lib\query.js:4592:15)
    at processTicksAndRejections (internal/process/task_queues.js:95:5) 
    url - /api/v1/notes/g 
    method - GET 
    IP - ::1
   {"timestamp":"2022-09-27T15:11:16.717Z"}
info: Server started at http://localhost:3000/api/v1/ {"timestamp":"2022-09-27T15:12:42.668Z"}
info: Server started at http://localhost:3000/api/v1/ {"timestamp":"2022-09-27T15:21:34.188Z"}
info: Connected to the database. {"timestamp":"2022-09-27T15:21:34.349Z"}
info: Server started at http://localhost:3000/api/v1/ {"timestamp":"2022-09-27T15:22:37.285Z"}
info: Connected to the database. {"timestamp":"2022-09-27T15:22:37.412Z"}
info: Server started at http://localhost:3000/api/v1/ {"timestamp":"2022-09-27T15:24:03.360Z"}
info: Server started at http://localhost:3000/api/v1/ {"timestamp":"2022-09-27T15:25:35.414Z"}
info: Server started at http://localhost:3000/api/v1/ {"timestamp":"2022-09-27T15:29:25.964Z"}
info: Server started at http://localhost:3000/api/v1/ {"timestamp":"2022-09-27T15:31:55.236Z"}
info: Server started at http://localhost:3000/api/v1/ {"timestamp":"2022-09-27T15:33:19.827Z"}
info: Server started at http://localhost:3000/api/v1/ {"timestamp":"2022-09-27T15:36:45.784Z"}
info: Server started at http://localhost:3000/api/v1/ {"timestamp":"2022-09-27T15:37:52.241Z"}
info: Server started at http://localhost:3000/api/v1/ {"timestamp":"2022-09-27T15:38:33.592Z"}
info: Server started at http://localhost:3000/api/v1/ {"timestamp":"2022-09-27T15:41:40.481Z"}
info: Connected to the database. {"timestamp":"2022-09-27T15:41:40.599Z"}
info: Server started at http://localhost:3000/api/v1/ {"timestamp":"2022-09-27T15:42:51.355Z"}
info: Server started at http://localhost:3000/api/v1/ {"timestamp":"2022-09-27T15:43:44.931Z"}
info: Server started at http://localhost:3000/api/v1/ {"timestamp":"2022-09-27T15:44:32.729Z"}
info: Server started at http://localhost:3000/api/v1/ {"timestamp":"2022-09-27T15:47:24.777Z"}
info: Server started at http://localhost:3000/api/v1/ {"timestamp":"2022-09-27T15:48:18.982Z"}
info: Server started at http://localhost:3000/api/v1/ {"timestamp":"2022-09-27T15:48:56.562Z"}
info: Server started at http://localhost:3000/api/v1/ {"timestamp":"2022-09-27T15:50:27.657Z"}
info: Server started at http://localhost:3000/api/v1/ {"timestamp":"2022-09-27T15:54:41.427Z"}
info: Server started at http://localhost:3000/api/v1/ {"timestamp":"2022-09-27T15:57:20.702Z"}
info: Server started at http://localhost:3000/api/v1/ {"timestamp":"2022-09-27T16:00:14.549Z"}
info: Connected to the database. {"timestamp":"2022-09-27T16:00:14.659Z"}
info: Server started at http://localhost:3000/api/v1/ {"timestamp":"2022-09-27T16:02:51.769Z"}
info: Connected to the database. {"timestamp":"2022-09-27T16:02:51.886Z"}
info: Server started at http://localhost:3000/api/v1/ {"timestamp":"2022-09-27T16:05:38.362Z"}
info: Server started at http://localhost:3000/api/v1/ {"timestamp":"2022-09-27T16:06:25.344Z"}
info: Server started at http://localhost:3000/api/v1/ {"timestamp":"2022-09-27T16:07:38.994Z"}
info: Server started at http://localhost:3000/api/v1/ {"timestamp":"2022-09-27T16:08:28.341Z"}
info: Server started at http://localhost:3000/api/v1/ {"timestamp":"2022-09-27T16:11:25.382Z"}
info: Server started at http://localhost:3000/api/v1/ {"timestamp":"2022-09-27T16:12:48.730Z"}
info: Server started at http://localhost:3000/api/v1/ {"timestamp":"2022-09-27T16:16:26.906Z"}
info: Connected to the database. {"timestamp":"2022-09-27T16:16:27.021Z"}
info: Server started at http://localhost:3000/api/v1/ {"timestamp":"2022-09-27T16:19:03.635Z"}
info: Server started at http://localhost:3000/api/v1/ {"timestamp":"2022-09-27T16:20:15.023Z"}
info: Server started at http://localhost:3000/api/v1/ {"timestamp":"2022-09-27T16:27:31.107Z"}
info: Server started at http://localhost:3000/api/v1/ {"timestamp":"2022-09-27T16:28:52.168Z"}
info: Server started at http://localhost:3000/api/v1/ {"timestamp":"2022-09-27T16:33:21.155Z"}
info: Server started at http://localhost:3000/api/v1/ {"timestamp":"2022-09-27T16:33:44.721Z"}
info: Server started at http://localhost:3000/api/v1/ {"timestamp":"2022-09-27T16:36:43.057Z"}
info: Server started at http://localhost:3000/api/v1/ {"timestamp":"2022-09-27T16:37:40.774Z"}
info: Server started at http://localhost:3000/api/v1/ {"timestamp":"2022-09-27T16:38:51.108Z"}
info: Server started at http://localhost:3000/api/v1/ {"timestamp":"2022-09-27T16:39:34.104Z"}
info: Server started at http://localhost:3000/api/v1/ {"timestamp":"2022-09-27T16:40:49.837Z"}
info: Server started at http://localhost:3000/api/v1/ {"timestamp":"2022-09-27T16:43:25.565Z"}
info: Server started at http://localhost:3000/api/v1/ {"timestamp":"2022-09-27T16:45:05.064Z"}
info: Server started at http://localhost:3000/api/v1/ {"timestamp":"2022-09-27T16:48:18.556Z"}
info: Server started at http://localhost:3000/api/v1/ {"timestamp":"2022-09-27T16:48:58.958Z"}
info: Connected to the database. {"timestamp":"2022-09-27T16:48:59.114Z"}
info: Server started at http://localhost:3000/api/v1/ {"timestamp":"2022-09-27T16:50:05.899Z"}
info: Server started at http://localhost:3000/api/v1/ {"timestamp":"2022-09-27T16:51:33.697Z"}
info: Server started at http://localhost:3000/api/v1/ {"timestamp":"2022-09-27T16:52:37.078Z"}
info: Server started at http://localhost:3000/api/v1/ {"timestamp":"2022-09-27T16:54:30.478Z"}
info: Server started at http://localhost:3000/api/v1/ {"timestamp":"2022-09-27T16:56:32.082Z"}
