info: ::1 - - [16/Sep/2022:04:17:54 +0000] "GET /api/v1/ HTTP/1.1" 200 25 "-" "PostmanRuntime/7.29.2"

info: ::1 - - [16/Sep/2022:04:19:20 +0000] "POST /api/v1/addUser HTTP/1.1" 404 47 "-" "PostmanRuntime/7.29.2"

info: ::1 - - [16/Sep/2022:04:19:41 +0000] "POST /api/v1/users/addUser HTTP/1.1" 500 86 "-" "PostmanRuntime/7.29.2"

info: ::1 - - [16/Sep/2022:04:20:47 +0000] "GET /api/v1/users/ HTTP/1.1" 200 65 "-" "PostmanRuntime/7.29.2"

info: ::1 - - [16/Sep/2022:04:22:32 +0000] "POST /api/v1/addUser HTTP/1.1" 404 47 "-" "PostmanRuntime/7.29.2"

info: ::1 - - [16/Sep/2022:04:23:16 +0000] "POST /api/v1/users/addUser HTTP/1.1" 201 273 "-" "PostmanRuntime/7.29.2"

info: ::1 - - [16/Sep/2022:04:29:36 +0000] "PUT /api/v1/users/6323fa348aec9239749a6267 HTTP/1.1" 202 272 "-" "PostmanRuntime/7.29.2"

info: ::1 - - [16/Sep/2022:06:48:51 +0000] "GET /api/v1 HTTP/1.1" 200 25 "-" "PostmanRuntime/7.29.2"

info: ::1 - - [16/Sep/2022:06:49:09 +0000] "GET /api/v1/users HTTP/1.1" 200 279 "-" "PostmanRuntime/7.29.2"

info: ::1 - - [16/Sep/2022:06:49:51 +0000] "DELETE /api/v1/users/6323fa348aec9239749a6267 HTTP/1.1" 200 60 "-" "PostmanRuntime/7.29.2"

info: ::1 - - [16/Sep/2022:06:50:46 +0000] "POST /api/v1/register HTTP/1.1" 404 47 "-" "PostmanRuntime/7.29.2"

info: ::1 - - [16/Sep/2022:06:50:59 +0000] "POST /api/v1/users/register HTTP/1.1" 201 298 "-" "PostmanRuntime/7.29.2"

info: ::1 - - [16/Sep/2022:06:56:15 +0000] "POST /api/v1/users/login/sumitjain@gmail.com/sumit43311@ HTTP/1.1" 500 73 "-" "PostmanRuntime/7.29.2"

info: ::1 - - [16/Sep/2022:06:56:31 +0000] "GET /api/v1/users/login/sumitjain@gmail.com/sumit43311@ HTTP/1.1" 404 47 "-" "PostmanRuntime/7.29.2"

info: ::1 - - [16/Sep/2022:06:57:37 +0000] "GET /api/v1/users/login/sumitjain@gmail.com/sumit43311@ HTTP/1.1" 500 73 "-" "PostmanRuntime/7.29.2"

info: ::1 - - [16/Sep/2022:06:57:46 +0000] "GET /api/v1/users/login/sumitjain@gmail.com/sumit43311@ HTTP/1.1" 500 73 "-" "PostmanRuntime/7.29.2"

info: ::1 - - [16/Sep/2022:06:59:51 +0000] "GET /api/v1/users/login/sumitjain@gmail.com/sumit43311@ HTTP/1.1" 500 83 "-" "PostmanRuntime/7.29.2"

info: ::1 - - [16/Sep/2022:07:06:51 +0000] "GET /api/v1/users/login/sumitjain@gmail.com/sumit43311@ HTTP/1.1" 500 83 "-" "PostmanRuntime/7.29.2"

info: ::1 - - [16/Sep/2022:07:08:29 +0000] "GET /api/v1/users/login/sumitjain@gmail.com/sumit43311@ HTTP/1.1" 500 83 "-" "PostmanRuntime/7.29.2"

info: ::1 - - [16/Sep/2022:07:11:24 +0000] "GET /api/v1/users/login/sumitjain@gmail.com/sumit43311@ HTTP/1.1" 500 83 "-" "PostmanRuntime/7.29.2"

info: ::1 - - [16/Sep/2022:07:12:25 +0000] "GET /api/v1/register HTTP/1.1" 404 47 "-" "PostmanRuntime/7.29.2"

info: ::1 - - [16/Sep/2022:07:12:33 +0000] "POST /api/v1/register HTTP/1.1" 404 47 "-" "PostmanRuntime/7.29.2"

info: ::1 - - [16/Sep/2022:07:13:19 +0000] "POST /api/v1/register HTTP/1.1" 404 47 "-" "PostmanRuntime/7.29.2"

info: ::1 - - [16/Sep/2022:07:14:35 +0000] "POST /api/v1/users/register HTTP/1.1" 201 304 "-" "PostmanRuntime/7.29.2"

info: ::1 - - [16/Sep/2022:07:15:21 +0000] "GET /api/v1/users/login/sachinch@gmail.com/sachin43311@ HTTP/1.1" 500 83 "-" "PostmanRuntime/7.29.2"

info: ::1 - - [16/Sep/2022:07:15:40 +0000] "GET /api/v1/login/sachinch@gmail.com/sachin43311@ HTTP/1.1" 404 47 "-" "PostmanRuntime/7.29.2"

info: ::1 - - [16/Sep/2022:07:17:04 +0000] "GET /api/v1/login/users/sachinch@gmail.com/sachin43311@ HTTP/1.1" 404 47 "-" "PostmanRuntime/7.29.2"

info: ::1 - - [16/Sep/2022:07:18:29 +0000] "GET /api/v1/users/login/sachinch@gmail.com/sachin43311@ HTTP/1.1" 500 83 "-" "PostmanRuntime/7.29.2"

info: ::1 - - [16/Sep/2022:07:19:12 +0000] "GET /api/v1/users/login/sachinch@gmail.com/sachin43311@ HTTP/1.1" 404 47 "-" "PostmanRuntime/7.29.2"

info: ::1 - - [16/Sep/2022:07:20:16 +0000] "POST /api/v1/users/login/sachinch@gmail.com/sachin43311@ HTTP/1.1" 404 47 "-" "PostmanRuntime/7.29.2"

info: ::1 - - [16/Sep/2022:07:20:34 +0000] "GET /api/v1/users/login HTTP/1.1" 500 127 "-" "PostmanRuntime/7.29.2"

info: ::1 - - [16/Sep/2022:07:21:47 +0000] "GET /api/v1/users/login HTTP/1.1" 500 83 "-" "PostmanRuntime/7.29.2"

info: ::1 - - [16/Sep/2022:07:22:08 +0000] "GET /api/v1/login HTTP/1.1" 404 47 "-" "PostmanRuntime/7.29.2"

info: ::1 - - [16/Sep/2022:07:25:36 +0000] "GET /api/v1/users/login/sachinch@gmail.com/sachin43311@ HTTP/1.1" 500 83 "-" "PostmanRuntime/7.29.2"

info: ::1 - - [16/Sep/2022:07:26:38 +0000] "GET /api/v1/users HTTP/1.1" 200 500 "-" "PostmanRuntime/7.29.2"

error: uncaughtException: Cannot read property '$elemMatch' of undefined
TypeError: Cannot read property '$elemMatch' of undefined
    at model.Query._castFields (C:\Users\hp\fundoo\node_modules\mongoose\lib\query.js:4981:23)
    at model.Query.<anonymous> (C:\Users\hp\fundoo\node_modules\mongoose\lib\query.js:2012:23)
    at model.Query._wrappedThunk [as _find] (C:\Users\hp\fundoo\node_modules\mongoose\lib\helpers\query\wrapThunk.js:16:8)
    at C:\Users\hp\fundoo\node_modules\kareem\index.js:370:33
    at processTicksAndRejections (internal/process/task_queues.js:77:11) {"date":"Fri Sep 16 2022 12:58:58 GMT+0530 (India Standard Time)","error":{},"exception":true,"os":{"loadavg":[0,0,0],"uptime":144018},"process":{"argv":["node","C:\\Users\\hp\\fundoo\\src\\index.js"],"cwd":"C:\\Users\\hp\\fundoo","execPath":"C:\\Program Files\\nodejs\\node.exe","gid":null,"memoryUsage":{"arrayBuffers":19240686,"external":21495724,"heapTotal":75767808,"heapUsed":47424304,"rss":111517696},"pid":18952,"uid":null,"version":"v14.17.6"},"stack":"TypeError: Cannot read property '$elemMatch' of undefined\n    at model.Query._castFields (C:\\Users\\hp\\fundoo\\node_modules\\mongoose\\lib\\query.js:4981:23)\n    at model.Query.<anonymous> (C:\\Users\\hp\\fundoo\\node_modules\\mongoose\\lib\\query.js:2012:23)\n    at model.Query._wrappedThunk [as _find] (C:\\Users\\hp\\fundoo\\node_modules\\mongoose\\lib\\helpers\\query\\wrapThunk.js:16:8)\n    at C:\\Users\\hp\\fundoo\\node_modules\\kareem\\index.js:370:33\n    at processTicksAndRejections (internal/process/task_queues.js:77:11)","trace":[{"column":23,"file":"C:\\Users\\hp\\fundoo\\node_modules\\mongoose\\lib\\query.js","function":"model.Query._castFields","line":4981,"method":"_castFields","native":false},{"column":23,"file":"C:\\Users\\hp\\fundoo\\node_modules\\mongoose\\lib\\query.js","function":null,"line":2012,"method":null,"native":false},{"column":8,"file":"C:\\Users\\hp\\fundoo\\node_modules\\mongoose\\lib\\helpers\\query\\wrapThunk.js","function":"model.Query._wrappedThunk [as _find]","line":16,"method":"_wrappedThunk [as _find]","native":false},{"column":33,"file":"C:\\Users\\hp\\fundoo\\node_modules\\kareem\\index.js","function":null,"line":370,"method":null,"native":false},{"column":11,"file":"internal/process/task_queues.js","function":"processTicksAndRejections","line":77,"method":null,"native":false}]}
info: ::1 - - [16/Sep/2022:15:55:13 +0000] "GET /api/v1/users/login HTTP/1.1" 500 127 "-" "PostmanRuntime/7.29.2"

error: uncaughtException: Router.use() requires a middleware function but got a Object
TypeError: Router.use() requires a middleware function but got a Object
    at TypeError.<anonymous> (C:\Users\hp\fundoo\node_modules\core-js\internals\wrap-error-constructor-with-cause.js:37:62)
    at new TypeError (C:\Users\hp\fundoo\node_modules\core-js\modules\es.error.cause.js:43:47)
    at Function.use (C:\Users\hp\fundoo\node_modules\express\lib\router\index.js:469:13)
    at routes (C:\Users\hp\fundoo\src\routes\/index.js:16:10)
    at Object.<anonymous> (C:\Users\hp\fundoo\src\/index.js:32:32)
    at Module._compile (internal/modules/cjs/loader.js:1072:14)
    at Module._compile (C:\Users\hp\fundoo\node_modules\pirates\lib\index.js:136:24)
    at Module._extensions..js (internal/modules/cjs/loader.js:1101:10)
    at Object.newLoader [as .js] (C:\Users\hp\fundoo\node_modules\pirates\lib\index.js:141:7)
    at Module.load (internal/modules/cjs/loader.js:937:32)
    at Function.Module._load (internal/modules/cjs/loader.js:778:12)
    at Function.runMain (internal/modules/run_main.js:76:12)
    at Object.<anonymous> (C:\Users\hp\fundoo\node_modules\@babel\node\src\_babel-node.ts:215:12)
    at Module._compile (internal/modules/cjs/loader.js:1072:14)
    at Object.Module._extensions..js (internal/modules/cjs/loader.js:1101:10)
    at Module.load (internal/modules/cjs/loader.js:937:32)
    at Function.Module._load (internal/modules/cjs/loader.js:778:12)
    at Function.executeUserEntryPoint [as runMain] (internal/modules/run_main.js:76:12)
    at internal/main/run_main_module.js:17:47 {"date":"Sat Sep 17 2022 08:45:39 GMT+0530 (India Standard Time)","error":{},"exception":true,"os":{"loadavg":[0,0,0],"uptime":215221},"process":{"argv":["node","C:\\Users\\hp\\fundoo\\src\\index.js"],"cwd":"C:\\Users\\hp\\fundoo","execPath":"C:\\Program Files\\nodejs\\node.exe","gid":null,"memoryUsage":{"arrayBuffers":18816579,"external":21052334,"heapTotal":76410880,"heapUsed":45335776,"rss":111255552},"pid":18744,"uid":null,"version":"v14.17.6"},"stack":"TypeError: Router.use() requires a middleware function but got a Object\n    at TypeError.<anonymous> (C:\\Users\\hp\\fundoo\\node_modules\\core-js\\internals\\wrap-error-constructor-with-cause.js:37:62)\n    at new TypeError (C:\\Users\\hp\\fundoo\\node_modules\\core-js\\modules\\es.error.cause.js:43:47)\n    at Function.use (C:\\Users\\hp\\fundoo\\node_modules\\express\\lib\\router\\index.js:469:13)\n    at routes (C:\\Users\\hp\\fundoo\\src\\routes\\/index.js:16:10)\n    at Object.<anonymous> (C:\\Users\\hp\\fundoo\\src\\/index.js:32:32)\n    at Module._compile (internal/modules/cjs/loader.js:1072:14)\n    at Module._compile (C:\\Users\\hp\\fundoo\\node_modules\\pirates\\lib\\index.js:136:24)\n    at Module._extensions..js (internal/modules/cjs/loader.js:1101:10)\n    at Object.newLoader [as .js] (C:\\Users\\hp\\fundoo\\node_modules\\pirates\\lib\\index.js:141:7)\n    at Module.load (internal/modules/cjs/loader.js:937:32)\n    at Function.Module._load (internal/modules/cjs/loader.js:778:12)\n    at Function.runMain (internal/modules/run_main.js:76:12)\n    at Object.<anonymous> (C:\\Users\\hp\\fundoo\\node_modules\\@babel\\node\\src\\_babel-node.ts:215:12)\n    at Module._compile (internal/modules/cjs/loader.js:1072:14)\n    at Object.Module._extensions..js (internal/modules/cjs/loader.js:1101:10)\n    at Module.load (internal/modules/cjs/loader.js:937:32)\n    at Function.Module._load (internal/modules/cjs/loader.js:778:12)\n    at Function.executeUserEntryPoint [as runMain] (internal/modules/run_main.js:76:12)\n    at internal/main/run_main_module.js:17:47","trace":[{"column":62,"file":"C:\\Users\\hp\\fundoo\\node_modules\\core-js\\internals\\wrap-error-constructor-with-cause.js","function":null,"line":37,"method":null,"native":false},{"column":47,"file":"C:\\Users\\hp\\fundoo\\node_modules\\core-js\\modules\\es.error.cause.js","function":"new TypeError","line":43,"method":null,"native":false},{"column":13,"file":"C:\\Users\\hp\\fundoo\\node_modules\\express\\lib\\router\\index.js","function":"Function.use","line":469,"method":"use","native":false},{"column":10,"file":"C:\\Users\\hp\\fundoo\\src\\routes\\/index.js","function":"routes","line":16,"method":null,"native":false},{"column":32,"file":"C:\\Users\\hp\\fundoo\\src\\/index.js","function":null,"line":32,"method":null,"native":false},{"column":14,"file":"internal/modules/cjs/loader.js","function":"Module._compile","line":1072,"method":"_compile","native":false},{"column":24,"file":"C:\\Users\\hp\\fundoo\\node_modules\\pirates\\lib\\index.js","function":"Module._compile","line":136,"method":"_compile","native":false},{"column":10,"file":"internal/modules/cjs/loader.js","function":"Module._extensions..js","line":1101,"method":".js","native":false},{"column":7,"file":"C:\\Users\\hp\\fundoo\\node_modules\\pirates\\lib\\index.js","function":"Object.newLoader [as .js]","line":141,"method":"js]","native":false},{"column":32,"file":"internal/modules/cjs/loader.js","function":"Module.load","line":937,"method":"load","native":false},{"column":12,"file":"internal/modules/cjs/loader.js","function":"Module._load","line":778,"method":"_load","native":false},{"column":12,"file":"internal/modules/run_main.js","function":"Function.runMain","line":76,"method":"runMain","native":false},{"column":12,"file":"C:\\Users\\hp\\fundoo\\node_modules\\@babel\\node\\src\\_babel-node.ts","function":null,"line":215,"method":null,"native":false},{"column":14,"file":"internal/modules/cjs/loader.js","function":"Module._compile","line":1072,"method":"_compile","native":false},{"column":10,"file":"internal/modules/cjs/loader.js","function":"Module._extensions..js","line":1101,"method":".js","native":false},{"column":32,"file":"internal/modules/cjs/loader.js","function":"Module.load","line":937,"method":"load","native":false},{"column":12,"file":"internal/modules/cjs/loader.js","function":"Module._load","line":778,"method":"_load","native":false},{"column":12,"file":"internal/modules/run_main.js","function":"Function.executeUserEntryPoint [as runMain]","line":76,"method":"executeUserEntryPoint [as runMain]","native":false},{"column":47,"file":"internal/main/run_main_module.js","function":null,"line":17,"method":null,"native":false}]}
error: uncaughtException: Router.use() requires a middleware function but got a Object
TypeError: Router.use() requires a middleware function but got a Object
    at TypeError.<anonymous> (C:\Users\hp\fundoo\node_modules\core-js\internals\wrap-error-constructor-with-cause.js:37:62)
    at new TypeError (C:\Users\hp\fundoo\node_modules\core-js\modules\es.error.cause.js:43:47)
    at Function.use (C:\Users\hp\fundoo\node_modules\express\lib\router\index.js:469:13)
    at routes (C:\Users\hp\fundoo\src\routes\/index.js:16:10)
    at Object.<anonymous> (C:\Users\hp\fundoo\src\/index.js:32:32)
    at Module._compile (internal/modules/cjs/loader.js:1072:14)
    at Module._compile (C:\Users\hp\fundoo\node_modules\pirates\lib\index.js:136:24)
    at Module._extensions..js (internal/modules/cjs/loader.js:1101:10)
    at Object.newLoader [as .js] (C:\Users\hp\fundoo\node_modules\pirates\lib\index.js:141:7)
    at Module.load (internal/modules/cjs/loader.js:937:32)
    at Function.Module._load (internal/modules/cjs/loader.js:778:12)
    at Function.runMain (internal/modules/run_main.js:76:12)
    at Object.<anonymous> (C:\Users\hp\fundoo\node_modules\@babel\node\src\_babel-node.ts:215:12)
    at Module._compile (internal/modules/cjs/loader.js:1072:14)
    at Object.Module._extensions..js (internal/modules/cjs/loader.js:1101:10)
    at Module.load (internal/modules/cjs/loader.js:937:32)
    at Function.Module._load (internal/modules/cjs/loader.js:778:12)
    at Function.executeUserEntryPoint [as runMain] (internal/modules/run_main.js:76:12)
    at internal/main/run_main_module.js:17:47 {"date":"Sat Sep 17 2022 08:46:03 GMT+0530 (India Standard Time)","error":{},"exception":true,"os":{"loadavg":[0,0,0],"uptime":215244},"process":{"argv":["node","C:\\Users\\hp\\fundoo\\src\\index.js"],"cwd":"C:\\Users\\hp\\fundoo","execPath":"C:\\Program Files\\nodejs\\node.exe","gid":null,"memoryUsage":{"arrayBuffers":19211982,"external":21447737,"heapTotal":77201408,"heapUsed":47890376,"rss":110047232},"pid":13196,"uid":null,"version":"v14.17.6"},"stack":"TypeError: Router.use() requires a middleware function but got a Object\n    at TypeError.<anonymous> (C:\\Users\\hp\\fundoo\\node_modules\\core-js\\internals\\wrap-error-constructor-with-cause.js:37:62)\n    at new TypeError (C:\\Users\\hp\\fundoo\\node_modules\\core-js\\modules\\es.error.cause.js:43:47)\n    at Function.use (C:\\Users\\hp\\fundoo\\node_modules\\express\\lib\\router\\index.js:469:13)\n    at routes (C:\\Users\\hp\\fundoo\\src\\routes\\/index.js:16:10)\n    at Object.<anonymous> (C:\\Users\\hp\\fundoo\\src\\/index.js:32:32)\n    at Module._compile (internal/modules/cjs/loader.js:1072:14)\n    at Module._compile (C:\\Users\\hp\\fundoo\\node_modules\\pirates\\lib\\index.js:136:24)\n    at Module._extensions..js (internal/modules/cjs/loader.js:1101:10)\n    at Object.newLoader [as .js] (C:\\Users\\hp\\fundoo\\node_modules\\pirates\\lib\\index.js:141:7)\n    at Module.load (internal/modules/cjs/loader.js:937:32)\n    at Function.Module._load (internal/modules/cjs/loader.js:778:12)\n    at Function.runMain (internal/modules/run_main.js:76:12)\n    at Object.<anonymous> (C:\\Users\\hp\\fundoo\\node_modules\\@babel\\node\\src\\_babel-node.ts:215:12)\n    at Module._compile (internal/modules/cjs/loader.js:1072:14)\n    at Object.Module._extensions..js (internal/modules/cjs/loader.js:1101:10)\n    at Module.load (internal/modules/cjs/loader.js:937:32)\n    at Function.Module._load (internal/modules/cjs/loader.js:778:12)\n    at Function.executeUserEntryPoint [as runMain] (internal/modules/run_main.js:76:12)\n    at internal/main/run_main_module.js:17:47","trace":[{"column":62,"file":"C:\\Users\\hp\\fundoo\\node_modules\\core-js\\internals\\wrap-error-constructor-with-cause.js","function":null,"line":37,"method":null,"native":false},{"column":47,"file":"C:\\Users\\hp\\fundoo\\node_modules\\core-js\\modules\\es.error.cause.js","function":"new TypeError","line":43,"method":null,"native":false},{"column":13,"file":"C:\\Users\\hp\\fundoo\\node_modules\\express\\lib\\router\\index.js","function":"Function.use","line":469,"method":"use","native":false},{"column":10,"file":"C:\\Users\\hp\\fundoo\\src\\routes\\/index.js","function":"routes","line":16,"method":null,"native":false},{"column":32,"file":"C:\\Users\\hp\\fundoo\\src\\/index.js","function":null,"line":32,"method":null,"native":false},{"column":14,"file":"internal/modules/cjs/loader.js","function":"Module._compile","line":1072,"method":"_compile","native":false},{"column":24,"file":"C:\\Users\\hp\\fundoo\\node_modules\\pirates\\lib\\index.js","function":"Module._compile","line":136,"method":"_compile","native":false},{"column":10,"file":"internal/modules/cjs/loader.js","function":"Module._extensions..js","line":1101,"method":".js","native":false},{"column":7,"file":"C:\\Users\\hp\\fundoo\\node_modules\\pirates\\lib\\index.js","function":"Object.newLoader [as .js]","line":141,"method":"js]","native":false},{"column":32,"file":"internal/modules/cjs/loader.js","function":"Module.load","line":937,"method":"load","native":false},{"column":12,"file":"internal/modules/cjs/loader.js","function":"Module._load","line":778,"method":"_load","native":false},{"column":12,"file":"internal/modules/run_main.js","function":"Function.runMain","line":76,"method":"runMain","native":false},{"column":12,"file":"C:\\Users\\hp\\fundoo\\node_modules\\@babel\\node\\src\\_babel-node.ts","function":null,"line":215,"method":null,"native":false},{"column":14,"file":"internal/modules/cjs/loader.js","function":"Module._compile","line":1072,"method":"_compile","native":false},{"column":10,"file":"internal/modules/cjs/loader.js","function":"Module._extensions..js","line":1101,"method":".js","native":false},{"column":32,"file":"internal/modules/cjs/loader.js","function":"Module.load","line":937,"method":"load","native":false},{"column":12,"file":"internal/modules/cjs/loader.js","function":"Module._load","line":778,"method":"_load","native":false},{"column":12,"file":"internal/modules/run_main.js","function":"Function.executeUserEntryPoint [as runMain]","line":76,"method":"executeUserEntryPoint [as runMain]","native":false},{"column":47,"file":"internal/main/run_main_module.js","function":null,"line":17,"method":null,"native":false}]}
info: ::1 - - [19/Sep/2022:02:59:46 +0000] "POST /api/v1/users/register HTTP/1.1" 500 60 "-" "PostmanRuntime/7.29.2"

info: ::1 - - [19/Sep/2022:03:00:03 +0000] "POST /api/v1/users/register HTTP/1.1" 201 290 "-" "PostmanRuntime/7.29.2"

info: ::1 - - [19/Sep/2022:03:00:27 +0000] "POST /api/v1/users/login HTTP/1.1" 500 70 "-" "PostmanRuntime/7.29.2"

info: ::1 - - [19/Sep/2022:03:03:10 +0000] "GET /api/v1/users HTTP/1.1" 404 47 "-" "PostmanRuntime/7.29.2"

info: ::1 - - [19/Sep/2022:03:03:15 +0000] "GET /api/v1/users HTTP/1.1" 404 47 "-" "PostmanRuntime/7.29.2"

info: ::1 - - [19/Sep/2022:03:04:05 +0000] "GET /api/v1/users HTTP/1.1" 200 719 "-" "PostmanRuntime/7.29.2"

info: ::1 - - [19/Sep/2022:03:05:07 +0000] "POST /api/v1/register HTTP/1.1" 404 47 "-" "PostmanRuntime/7.29.2"

info: ::1 - - [19/Sep/2022:03:05:19 +0000] "POST /api/v1/users/register HTTP/1.1" 201 290 "-" "PostmanRuntime/7.29.2"

info: ::1 - - [19/Sep/2022:03:06:47 +0000] "POST /api/v1/users/login/6327dc6ffe129b24e8e865bb HTTP/1.1" 500 70 "-" "PostmanRuntime/7.29.2"

info: ::1 - - [19/Sep/2022:03:07:41 +0000] "POST /api/v1/users/login/6327dc6ffe129b24e8e865bb HTTP/1.1" 500 70 "-" "PostmanRuntime/7.29.2"

info: ::1 - - [19/Sep/2022:03:08:04 +0000] "POST /api/v1/users/login/6327dc6ffe129b24e8e865bb HTTP/1.1" 500 70 "-" "PostmanRuntime/7.29.2"

info: ::1 - - [19/Sep/2022:03:08:31 +0000] "POST /api/v1/login/6327dc6ffe129b24e8e865bb HTTP/1.1" 404 47 "-" "PostmanRuntime/7.29.2"

info: ::1 - - [19/Sep/2022:03:09:08 +0000] "POST /api/v1/users/login/6327dc6ffe129b24e8e865bb HTTP/1.1" 404 47 "-" "PostmanRuntime/7.29.2"

info: ::1 - - [19/Sep/2022:03:10:19 +0000] "POST /api/v1/users/login/6327dc6ffe129b24e8e865bb HTTP/1.1" 404 47 "-" "PostmanRuntime/7.29.2"

info: ::1 - - [19/Sep/2022:03:10:59 +0000] "POST /api/v1/login/6327dc6ffe129b24e8e865bb HTTP/1.1" 404 47 "-" "PostmanRuntime/7.29.2"

info: ::1 - - [19/Sep/2022:03:11:07 +0000] "GET /api/v1/login/6327dc6ffe129b24e8e865bb HTTP/1.1" 404 47 "-" "PostmanRuntime/7.29.2"

info: ::1 - - [19/Sep/2022:03:11:39 +0000] "GET /api/v1/login/6327dc6ffe129b24e8e865bb HTTP/1.1" 404 47 "-" "PostmanRuntime/7.29.2"

info: ::1 - - [19/Sep/2022:03:19:53 +0000] "GET /api/v1/register HTTP/1.1" 404 47 "-" "PostmanRuntime/7.29.2"

info: ::1 - - [19/Sep/2022:03:19:59 +0000] "POST /api/v1/register HTTP/1.1" 404 47 "-" "PostmanRuntime/7.29.2"

info: ::1 - - [19/Sep/2022:03:20:11 +0000] "POST /api/v1/users/register HTTP/1.1" 201 290 "-" "PostmanRuntime/7.29.2"

info: ::1 - - [19/Sep/2022:03:35:02 +0000] "GET /api/v1/users/register HTTP/1.1" 404 47 "-" "PostmanRuntime/7.29.2"

info: ::1 - - [19/Sep/2022:03:35:10 +0000] "GET /api/v1/users HTTP/1.1" 200 1157 "-" "PostmanRuntime/7.29.2"

info: ::1 - - [19/Sep/2022:03:36:28 +0000] "POST /api/v1/users/register HTTP/1.1" 500 90 "-" "PostmanRuntime/7.29.2"

info: ::1 - - [19/Sep/2022:03:37:04 +0000] "POST /api/v1/users/register HTTP/1.1" 201 288 "-" "PostmanRuntime/7.29.2"

info: ::1 - - [19/Sep/2022:03:47:29 +0000] "POST /api/v1/login HTTP/1.1" 404 47 "-" "PostmanRuntime/7.29.2"

info: ::1 - - [19/Sep/2022:03:50:21 +0000] "POST /api/v1/users/register HTTP/1.1" 201 290 "-" "PostmanRuntime/7.29.2"

info: ::1 - - [19/Sep/2022:05:12:28 +0000] "POST /api/v1/users/register HTTP/1.1" 500 54 "-" "PostmanRuntime/7.29.2"

info: ::1 - - [19/Sep/2022:05:13:19 +0000] "POST /api/v1/users/register HTTP/1.1" 201 294 "-" "PostmanRuntime/7.29.2"

info: ::1 - - [19/Sep/2022:05:13:45 +0000] "POST /api/v1/users/login HTTP/1.1" 404 47 "-" "PostmanRuntime/7.29.2"

info: ::1 - - [19/Sep/2022:05:14:06 +0000] "POST /api/v1/login HTTP/1.1" 404 47 "-" "PostmanRuntime/7.29.2"

info: ::1 - - [19/Sep/2022:09:44:09 +0000] "POST /api/v1/users/register HTTP/1.1" 201 266 "-" "PostmanRuntime/7.29.2"

info: ::1 - - [19/Sep/2022:09:46:58 +0000] "POST /api/v1/users/register HTTP/1.1" 201 419 "-" "PostmanRuntime/7.29.2"

info: ::1 - - [19/Sep/2022:09:48:11 +0000] "POST /api/v1/register HTTP/1.1" 404 47 "-" "PostmanRuntime/7.29.2"

info: ::1 - - [19/Sep/2022:09:49:30 +0000] "POST /api/v1/users/register HTTP/1.1" 201 540 "-" "PostmanRuntime/7.29.2"

info: ::1 - - [19/Sep/2022:09:55:35 +0000] "POST /api/v1/users/register HTTP/1.1" 201 266 "-" "PostmanRuntime/7.29.2"

info: ::1 - - [19/Sep/2022:09:59:47 +0000] "POST /api/v1/users/register HTTP/1.1" 500 53 "-" "PostmanRuntime/7.29.2"

info: ::1 - - [19/Sep/2022:10:00:18 +0000] "POST /api/v1/users/register HTTP/1.1" 201 266 "-" "PostmanRuntime/7.29.2"

info: ::1 - - [19/Sep/2022:10:02:26 +0000] "POST /api/v1/users/register HTTP/1.1" 201 266 "-" "PostmanRuntime/7.29.2"

info: ::1 - - [19/Sep/2022:10:04:57 +0000] "POST /api/v1/users/register HTTP/1.1" 500 59 "-" "PostmanRuntime/7.29.2"

info: ::1 - - [19/Sep/2022:10:06:05 +0000] "POST /api/v1/users/register HTTP/1.1" 201 339 "-" "PostmanRuntime/7.29.2"

info: ::1 - - [19/Sep/2022:10:07:55 +0000] "POST /api/v1/users/register HTTP/1.1" 201 342 "-" "PostmanRuntime/7.29.2"

info: ::1 - - [19/Sep/2022:10:34:58 +0000] "POST /api/v1/users/login HTTP/1.1" 404 47 "-" "PostmanRuntime/7.29.2"

info: ::1 - - [19/Sep/2022:10:35:31 +0000] "POST /api/v1/users/login HTTP/1.1" 500 74 "-" "PostmanRuntime/7.29.2"

info: ::1 - - [19/Sep/2022:10:36:27 +0000] "POST /api/v1/users/login HTTP/1.1" 500 76 "-" "PostmanRuntime/7.29.2"

info: ::1 - - [19/Sep/2022:10:38:44 +0000] "POST /api/v1/users/login HTTP/1.1" 500 76 "-" "PostmanRuntime/7.29.2"

info: ::1 - - [19/Sep/2022:10:39:34 +0000] "POST /api/v1/users/login HTTP/1.1" 500 76 "-" "PostmanRuntime/7.29.2"

info: ::1 - - [19/Sep/2022:10:42:35 +0000] "POST /api/v1/users/register HTTP/1.1" 201 338 "-" "PostmanRuntime/7.29.2"

info: ::1 - - [19/Sep/2022:10:56:46 +0000] "POST /api/v1/users/login HTTP/1.1" 500 76 "-" "PostmanRuntime/7.29.2"

info: ::1 - - [19/Sep/2022:11:00:06 +0000] "POST /api/v1/users/login HTTP/1.1" 500 76 "-" "PostmanRuntime/7.29.2"

info: ::1 - - [19/Sep/2022:11:06:28 +0000] "POST /api/v1/users/login HTTP/1.1" 500 76 "-" "PostmanRuntime/7.29.2"

info: ::1 - - [19/Sep/2022:11:07:48 +0000] "POST /api/v1/users/login HTTP/1.1" 500 76 "-" "PostmanRuntime/7.29.2"

info: ::1 - - [19/Sep/2022:15:47:50 +0000] "POST /api/v1/users/login HTTP/1.1" 500 76 "-" "PostmanRuntime/7.29.2"

info: ::1 - - [19/Sep/2022:16:02:05 +0000] "POST /api/v1/users/login HTTP/1.1" 500 76 "-" "PostmanRuntime/7.29.2"

info: ::1 - - [20/Sep/2022:03:04:33 +0000] "POST /api/v1/users/register HTTP/1.1" 201 334 "-" "PostmanRuntime/7.29.2"

info: ::1 - - [20/Sep/2022:03:22:03 +0000] "POST /api/v1/users/register HTTP/1.1" 201 334 "-" "PostmanRuntime/7.29.2"

info: ::1 - - [20/Sep/2022:03:23:56 +0000] "POST /api/v1/users/login HTTP/1.1" 500 76 "-" "PostmanRuntime/7.29.2"

info: ::1 - - [20/Sep/2022:03:29:02 +0000] "POST /api/v1/users/login HTTP/1.1" 200 318 "-" "PostmanRuntime/7.29.2"

info: ::1 - - [20/Sep/2022:12:07:49 +0000] "POST /api/v1/users/regi HTTP/1.1" 404 47 "-" "PostmanRuntime/7.29.2"

info: ::1 - - [20/Sep/2022:12:09:45 +0000] "POST /api/v1/users/register HTTP/1.1" 201 336 "-" "PostmanRuntime/7.29.2"

info: ::1 - - [20/Sep/2022:12:10:08 +0000] "POST /api/v1/users/login HTTP/1.1" 200 257 "-" "PostmanRuntime/7.29.2"

info: ::1 - - [20/Sep/2022:12:13:33 +0000] "POST /api/v1/users/login HTTP/1.1" 200 257 "-" "PostmanRuntime/7.29.2"

error: uncaughtException: Router.use() requires a middleware function but got a Object
TypeError: Router.use() requires a middleware function but got a Object
    at TypeError.<anonymous> (C:\Users\hp\fundoo\node_modules\core-js\internals\wrap-error-constructor-with-cause.js:37:62)
    at new TypeError (C:\Users\hp\fundoo\node_modules\core-js\modules\es.error.cause.js:43:47)
    at Function.use (C:\Users\hp\fundoo\node_modules\express\lib\router\index.js:469:13)
    at routes (C:\Users\hp\fundoo\src\routes\/index.js:16:10)
    at Object.<anonymous> (C:\Users\hp\fundoo\src\/index.js:32:32)
    at Module._compile (internal/modules/cjs/loader.js:1072:14)
    at Module._compile (C:\Users\hp\fundoo\node_modules\pirates\lib\index.js:136:24)
    at Module._extensions..js (internal/modules/cjs/loader.js:1101:10)
    at Object.newLoader [as .js] (C:\Users\hp\fundoo\node_modules\pirates\lib\index.js:141:7)
    at Module.load (internal/modules/cjs/loader.js:937:32)
    at Function.Module._load (internal/modules/cjs/loader.js:778:12)
    at Function.runMain (internal/modules/run_main.js:76:12)
    at Object.<anonymous> (C:\Users\hp\fundoo\node_modules\@babel\node\src\_babel-node.ts:215:12)
    at Module._compile (internal/modules/cjs/loader.js:1072:14)
    at Object.Module._extensions..js (internal/modules/cjs/loader.js:1101:10)
    at Module.load (internal/modules/cjs/loader.js:937:32)
    at Function.Module._load (internal/modules/cjs/loader.js:778:12)
    at Function.executeUserEntryPoint [as runMain] (internal/modules/run_main.js:76:12)
    at internal/main/run_main_module.js:17:47 {"date":"Tue Sep 20 2022 18:00:23 GMT+0530 (India Standard Time)","error":{},"exception":true,"os":{"loadavg":[0,0,0],"uptime":3226},"process":{"argv":["node","C:\\Users\\hp\\fundoo\\src\\index.js"],"cwd":"C:\\Users\\hp\\fundoo","execPath":"C:\\Program Files\\nodejs\\node.exe","gid":null,"memoryUsage":{"arrayBuffers":19142490,"external":21378245,"heapTotal":77893632,"heapUsed":56398488,"rss":113283072},"pid":13752,"uid":null,"version":"v14.17.6"},"stack":"TypeError: Router.use() requires a middleware function but got a Object\n    at TypeError.<anonymous> (C:\\Users\\hp\\fundoo\\node_modules\\core-js\\internals\\wrap-error-constructor-with-cause.js:37:62)\n    at new TypeError (C:\\Users\\hp\\fundoo\\node_modules\\core-js\\modules\\es.error.cause.js:43:47)\n    at Function.use (C:\\Users\\hp\\fundoo\\node_modules\\express\\lib\\router\\index.js:469:13)\n    at routes (C:\\Users\\hp\\fundoo\\src\\routes\\/index.js:16:10)\n    at Object.<anonymous> (C:\\Users\\hp\\fundoo\\src\\/index.js:32:32)\n    at Module._compile (internal/modules/cjs/loader.js:1072:14)\n    at Module._compile (C:\\Users\\hp\\fundoo\\node_modules\\pirates\\lib\\index.js:136:24)\n    at Module._extensions..js (internal/modules/cjs/loader.js:1101:10)\n    at Object.newLoader [as .js] (C:\\Users\\hp\\fundoo\\node_modules\\pirates\\lib\\index.js:141:7)\n    at Module.load (internal/modules/cjs/loader.js:937:32)\n    at Function.Module._load (internal/modules/cjs/loader.js:778:12)\n    at Function.runMain (internal/modules/run_main.js:76:12)\n    at Object.<anonymous> (C:\\Users\\hp\\fundoo\\node_modules\\@babel\\node\\src\\_babel-node.ts:215:12)\n    at Module._compile (internal/modules/cjs/loader.js:1072:14)\n    at Object.Module._extensions..js (internal/modules/cjs/loader.js:1101:10)\n    at Module.load (internal/modules/cjs/loader.js:937:32)\n    at Function.Module._load (internal/modules/cjs/loader.js:778:12)\n    at Function.executeUserEntryPoint [as runMain] (internal/modules/run_main.js:76:12)\n    at internal/main/run_main_module.js:17:47","trace":[{"column":62,"file":"C:\\Users\\hp\\fundoo\\node_modules\\core-js\\internals\\wrap-error-constructor-with-cause.js","function":null,"line":37,"method":null,"native":false},{"column":47,"file":"C:\\Users\\hp\\fundoo\\node_modules\\core-js\\modules\\es.error.cause.js","function":"new TypeError","line":43,"method":null,"native":false},{"column":13,"file":"C:\\Users\\hp\\fundoo\\node_modules\\express\\lib\\router\\index.js","function":"Function.use","line":469,"method":"use","native":false},{"column":10,"file":"C:\\Users\\hp\\fundoo\\src\\routes\\/index.js","function":"routes","line":16,"method":null,"native":false},{"column":32,"file":"C:\\Users\\hp\\fundoo\\src\\/index.js","function":null,"line":32,"method":null,"native":false},{"column":14,"file":"internal/modules/cjs/loader.js","function":"Module._compile","line":1072,"method":"_compile","native":false},{"column":24,"file":"C:\\Users\\hp\\fundoo\\node_modules\\pirates\\lib\\index.js","function":"Module._compile","line":136,"method":"_compile","native":false},{"column":10,"file":"internal/modules/cjs/loader.js","function":"Module._extensions..js","line":1101,"method":".js","native":false},{"column":7,"file":"C:\\Users\\hp\\fundoo\\node_modules\\pirates\\lib\\index.js","function":"Object.newLoader [as .js]","line":141,"method":"js]","native":false},{"column":32,"file":"internal/modules/cjs/loader.js","function":"Module.load","line":937,"method":"load","native":false},{"column":12,"file":"internal/modules/cjs/loader.js","function":"Module._load","line":778,"method":"_load","native":false},{"column":12,"file":"internal/modules/run_main.js","function":"Function.runMain","line":76,"method":"runMain","native":false},{"column":12,"file":"C:\\Users\\hp\\fundoo\\node_modules\\@babel\\node\\src\\_babel-node.ts","function":null,"line":215,"method":null,"native":false},{"column":14,"file":"internal/modules/cjs/loader.js","function":"Module._compile","line":1072,"method":"_compile","native":false},{"column":10,"file":"internal/modules/cjs/loader.js","function":"Module._extensions..js","line":1101,"method":".js","native":false},{"column":32,"file":"internal/modules/cjs/loader.js","function":"Module.load","line":937,"method":"load","native":false},{"column":12,"file":"internal/modules/cjs/loader.js","function":"Module._load","line":778,"method":"_load","native":false},{"column":12,"file":"internal/modules/run_main.js","function":"Function.executeUserEntryPoint [as runMain]","line":76,"method":"executeUserEntryPoint [as runMain]","native":false},{"column":47,"file":"internal/main/run_main_module.js","function":null,"line":17,"method":null,"native":false}]}
error: uncaughtException: Router.use() requires a middleware function but got a Object
TypeError: Router.use() requires a middleware function but got a Object
    at TypeError.<anonymous> (C:\Users\hp\fundoo\node_modules\core-js\internals\wrap-error-constructor-with-cause.js:37:62)
    at new TypeError (C:\Users\hp\fundoo\node_modules\core-js\modules\es.error.cause.js:43:47)
    at Function.use (C:\Users\hp\fundoo\node_modules\express\lib\router\index.js:469:13)
    at routes (C:\Users\hp\fundoo\src\routes\/index.js:16:10)
    at Object.<anonymous> (C:\Users\hp\fundoo\src\/index.js:32:32)
    at Module._compile (internal/modules/cjs/loader.js:1072:14)
    at Module._compile (C:\Users\hp\fundoo\node_modules\pirates\lib\index.js:136:24)
    at Module._extensions..js (internal/modules/cjs/loader.js:1101:10)
    at Object.newLoader [as .js] (C:\Users\hp\fundoo\node_modules\pirates\lib\index.js:141:7)
    at Module.load (internal/modules/cjs/loader.js:937:32)
    at Function.Module._load (internal/modules/cjs/loader.js:778:12)
    at Function.runMain (internal/modules/run_main.js:76:12)
    at Object.<anonymous> (C:\Users\hp\fundoo\node_modules\@babel\node\src\_babel-node.ts:215:12)
    at Module._compile (internal/modules/cjs/loader.js:1072:14)
    at Object.Module._extensions..js (internal/modules/cjs/loader.js:1101:10)
    at Module.load (internal/modules/cjs/loader.js:937:32)
    at Function.Module._load (internal/modules/cjs/loader.js:778:12)
    at Function.executeUserEntryPoint [as runMain] (internal/modules/run_main.js:76:12)
    at internal/main/run_main_module.js:17:47 {"date":"Tue Sep 20 2022 18:00:47 GMT+0530 (India Standard Time)","error":{},"exception":true,"os":{"loadavg":[0,0,0],"uptime":3250},"process":{"argv":["node","C:\\Users\\hp\\fundoo\\src\\index.js"],"cwd":"C:\\Users\\hp\\fundoo","execPath":"C:\\Program Files\\nodejs\\node.exe","gid":null,"memoryUsage":{"arrayBuffers":18932104,"external":21167859,"heapTotal":78684160,"heapUsed":49374368,"rss":113659904},"pid":11616,"uid":null,"version":"v14.17.6"},"stack":"TypeError: Router.use() requires a middleware function but got a Object\n    at TypeError.<anonymous> (C:\\Users\\hp\\fundoo\\node_modules\\core-js\\internals\\wrap-error-constructor-with-cause.js:37:62)\n    at new TypeError (C:\\Users\\hp\\fundoo\\node_modules\\core-js\\modules\\es.error.cause.js:43:47)\n    at Function.use (C:\\Users\\hp\\fundoo\\node_modules\\express\\lib\\router\\index.js:469:13)\n    at routes (C:\\Users\\hp\\fundoo\\src\\routes\\/index.js:16:10)\n    at Object.<anonymous> (C:\\Users\\hp\\fundoo\\src\\/index.js:32:32)\n    at Module._compile (internal/modules/cjs/loader.js:1072:14)\n    at Module._compile (C:\\Users\\hp\\fundoo\\node_modules\\pirates\\lib\\index.js:136:24)\n    at Module._extensions..js (internal/modules/cjs/loader.js:1101:10)\n    at Object.newLoader [as .js] (C:\\Users\\hp\\fundoo\\node_modules\\pirates\\lib\\index.js:141:7)\n    at Module.load (internal/modules/cjs/loader.js:937:32)\n    at Function.Module._load (internal/modules/cjs/loader.js:778:12)\n    at Function.runMain (internal/modules/run_main.js:76:12)\n    at Object.<anonymous> (C:\\Users\\hp\\fundoo\\node_modules\\@babel\\node\\src\\_babel-node.ts:215:12)\n    at Module._compile (internal/modules/cjs/loader.js:1072:14)\n    at Object.Module._extensions..js (internal/modules/cjs/loader.js:1101:10)\n    at Module.load (internal/modules/cjs/loader.js:937:32)\n    at Function.Module._load (internal/modules/cjs/loader.js:778:12)\n    at Function.executeUserEntryPoint [as runMain] (internal/modules/run_main.js:76:12)\n    at internal/main/run_main_module.js:17:47","trace":[{"column":62,"file":"C:\\Users\\hp\\fundoo\\node_modules\\core-js\\internals\\wrap-error-constructor-with-cause.js","function":null,"line":37,"method":null,"native":false},{"column":47,"file":"C:\\Users\\hp\\fundoo\\node_modules\\core-js\\modules\\es.error.cause.js","function":"new TypeError","line":43,"method":null,"native":false},{"column":13,"file":"C:\\Users\\hp\\fundoo\\node_modules\\express\\lib\\router\\index.js","function":"Function.use","line":469,"method":"use","native":false},{"column":10,"file":"C:\\Users\\hp\\fundoo\\src\\routes\\/index.js","function":"routes","line":16,"method":null,"native":false},{"column":32,"file":"C:\\Users\\hp\\fundoo\\src\\/index.js","function":null,"line":32,"method":null,"native":false},{"column":14,"file":"internal/modules/cjs/loader.js","function":"Module._compile","line":1072,"method":"_compile","native":false},{"column":24,"file":"C:\\Users\\hp\\fundoo\\node_modules\\pirates\\lib\\index.js","function":"Module._compile","line":136,"method":"_compile","native":false},{"column":10,"file":"internal/modules/cjs/loader.js","function":"Module._extensions..js","line":1101,"method":".js","native":false},{"column":7,"file":"C:\\Users\\hp\\fundoo\\node_modules\\pirates\\lib\\index.js","function":"Object.newLoader [as .js]","line":141,"method":"js]","native":false},{"column":32,"file":"internal/modules/cjs/loader.js","function":"Module.load","line":937,"method":"load","native":false},{"column":12,"file":"internal/modules/cjs/loader.js","function":"Module._load","line":778,"method":"_load","native":false},{"column":12,"file":"internal/modules/run_main.js","function":"Function.runMain","line":76,"method":"runMain","native":false},{"column":12,"file":"C:\\Users\\hp\\fundoo\\node_modules\\@babel\\node\\src\\_babel-node.ts","function":null,"line":215,"method":null,"native":false},{"column":14,"file":"internal/modules/cjs/loader.js","function":"Module._compile","line":1072,"method":"_compile","native":false},{"column":10,"file":"internal/modules/cjs/loader.js","function":"Module._extensions..js","line":1101,"method":".js","native":false},{"column":32,"file":"internal/modules/cjs/loader.js","function":"Module.load","line":937,"method":"load","native":false},{"column":12,"file":"internal/modules/cjs/loader.js","function":"Module._load","line":778,"method":"_load","native":false},{"column":12,"file":"internal/modules/run_main.js","function":"Function.executeUserEntryPoint [as runMain]","line":76,"method":"executeUserEntryPoint [as runMain]","native":false},{"column":47,"file":"internal/main/run_main_module.js","function":null,"line":17,"method":null,"native":false}]}
error: uncaughtException: Router.use() requires a middleware function but got a Object
TypeError: Router.use() requires a middleware function but got a Object
    at TypeError.<anonymous> (C:\Users\hp\fundoo\node_modules\core-js\internals\wrap-error-constructor-with-cause.js:37:62)
    at new TypeError (C:\Users\hp\fundoo\node_modules\core-js\modules\es.error.cause.js:43:47)
    at Function.use (C:\Users\hp\fundoo\node_modules\express\lib\router\index.js:469:13)
    at routes (C:\Users\hp\fundoo\src\routes\/index.js:16:10)
    at Object.<anonymous> (C:\Users\hp\fundoo\src\/index.js:32:32)
    at Module._compile (internal/modules/cjs/loader.js:1072:14)
    at Module._compile (C:\Users\hp\fundoo\node_modules\pirates\lib\index.js:136:24)
    at Module._extensions..js (internal/modules/cjs/loader.js:1101:10)
    at Object.newLoader [as .js] (C:\Users\hp\fundoo\node_modules\pirates\lib\index.js:141:7)
    at Module.load (internal/modules/cjs/loader.js:937:32)
    at Function.Module._load (internal/modules/cjs/loader.js:778:12)
    at Function.runMain (internal/modules/run_main.js:76:12)
    at Object.<anonymous> (C:\Users\hp\fundoo\node_modules\@babel\node\src\_babel-node.ts:215:12)
    at Module._compile (internal/modules/cjs/loader.js:1072:14)
    at Object.Module._extensions..js (internal/modules/cjs/loader.js:1101:10)
    at Module.load (internal/modules/cjs/loader.js:937:32)
    at Function.Module._load (internal/modules/cjs/loader.js:778:12)
    at Function.executeUserEntryPoint [as runMain] (internal/modules/run_main.js:76:12)
    at internal/main/run_main_module.js:17:47 {"date":"Tue Sep 20 2022 18:04:49 GMT+0530 (India Standard Time)","error":{},"exception":true,"os":{"loadavg":[0,0,0],"uptime":3492},"process":{"argv":["node","C:\\Users\\hp\\fundoo\\src\\index.js"],"cwd":"C:\\Users\\hp\\fundoo","execPath":"C:\\Program Files\\nodejs\\node.exe","gid":null,"memoryUsage":{"arrayBuffers":19188083,"external":21423838,"heapTotal":77635584,"heapUsed":54130696,"rss":113168384},"pid":1576,"uid":null,"version":"v14.17.6"},"stack":"TypeError: Router.use() requires a middleware function but got a Object\n    at TypeError.<anonymous> (C:\\Users\\hp\\fundoo\\node_modules\\core-js\\internals\\wrap-error-constructor-with-cause.js:37:62)\n    at new TypeError (C:\\Users\\hp\\fundoo\\node_modules\\core-js\\modules\\es.error.cause.js:43:47)\n    at Function.use (C:\\Users\\hp\\fundoo\\node_modules\\express\\lib\\router\\index.js:469:13)\n    at routes (C:\\Users\\hp\\fundoo\\src\\routes\\/index.js:16:10)\n    at Object.<anonymous> (C:\\Users\\hp\\fundoo\\src\\/index.js:32:32)\n    at Module._compile (internal/modules/cjs/loader.js:1072:14)\n    at Module._compile (C:\\Users\\hp\\fundoo\\node_modules\\pirates\\lib\\index.js:136:24)\n    at Module._extensions..js (internal/modules/cjs/loader.js:1101:10)\n    at Object.newLoader [as .js] (C:\\Users\\hp\\fundoo\\node_modules\\pirates\\lib\\index.js:141:7)\n    at Module.load (internal/modules/cjs/loader.js:937:32)\n    at Function.Module._load (internal/modules/cjs/loader.js:778:12)\n    at Function.runMain (internal/modules/run_main.js:76:12)\n    at Object.<anonymous> (C:\\Users\\hp\\fundoo\\node_modules\\@babel\\node\\src\\_babel-node.ts:215:12)\n    at Module._compile (internal/modules/cjs/loader.js:1072:14)\n    at Object.Module._extensions..js (internal/modules/cjs/loader.js:1101:10)\n    at Module.load (internal/modules/cjs/loader.js:937:32)\n    at Function.Module._load (internal/modules/cjs/loader.js:778:12)\n    at Function.executeUserEntryPoint [as runMain] (internal/modules/run_main.js:76:12)\n    at internal/main/run_main_module.js:17:47","trace":[{"column":62,"file":"C:\\Users\\hp\\fundoo\\node_modules\\core-js\\internals\\wrap-error-constructor-with-cause.js","function":null,"line":37,"method":null,"native":false},{"column":47,"file":"C:\\Users\\hp\\fundoo\\node_modules\\core-js\\modules\\es.error.cause.js","function":"new TypeError","line":43,"method":null,"native":false},{"column":13,"file":"C:\\Users\\hp\\fundoo\\node_modules\\express\\lib\\router\\index.js","function":"Function.use","line":469,"method":"use","native":false},{"column":10,"file":"C:\\Users\\hp\\fundoo\\src\\routes\\/index.js","function":"routes","line":16,"method":null,"native":false},{"column":32,"file":"C:\\Users\\hp\\fundoo\\src\\/index.js","function":null,"line":32,"method":null,"native":false},{"column":14,"file":"internal/modules/cjs/loader.js","function":"Module._compile","line":1072,"method":"_compile","native":false},{"column":24,"file":"C:\\Users\\hp\\fundoo\\node_modules\\pirates\\lib\\index.js","function":"Module._compile","line":136,"method":"_compile","native":false},{"column":10,"file":"internal/modules/cjs/loader.js","function":"Module._extensions..js","line":1101,"method":".js","native":false},{"column":7,"file":"C:\\Users\\hp\\fundoo\\node_modules\\pirates\\lib\\index.js","function":"Object.newLoader [as .js]","line":141,"method":"js]","native":false},{"column":32,"file":"internal/modules/cjs/loader.js","function":"Module.load","line":937,"method":"load","native":false},{"column":12,"file":"internal/modules/cjs/loader.js","function":"Module._load","line":778,"method":"_load","native":false},{"column":12,"file":"internal/modules/run_main.js","function":"Function.runMain","line":76,"method":"runMain","native":false},{"column":12,"file":"C:\\Users\\hp\\fundoo\\node_modules\\@babel\\node\\src\\_babel-node.ts","function":null,"line":215,"method":null,"native":false},{"column":14,"file":"internal/modules/cjs/loader.js","function":"Module._compile","line":1072,"method":"_compile","native":false},{"column":10,"file":"internal/modules/cjs/loader.js","function":"Module._extensions..js","line":1101,"method":".js","native":false},{"column":32,"file":"internal/modules/cjs/loader.js","function":"Module.load","line":937,"method":"load","native":false},{"column":12,"file":"internal/modules/cjs/loader.js","function":"Module._load","line":778,"method":"_load","native":false},{"column":12,"file":"internal/modules/run_main.js","function":"Function.executeUserEntryPoint [as runMain]","line":76,"method":"executeUserEntryPoint [as runMain]","native":false},{"column":47,"file":"internal/main/run_main_module.js","function":null,"line":17,"method":null,"native":false}]}
error: uncaughtException: Router.use() requires a middleware function but got a Object
TypeError: Router.use() requires a middleware function but got a Object
    at TypeError.<anonymous> (C:\Users\hp\fundoo\node_modules\core-js\internals\wrap-error-constructor-with-cause.js:37:62)
    at new TypeError (C:\Users\hp\fundoo\node_modules\core-js\modules\es.error.cause.js:43:47)
    at Function.use (C:\Users\hp\fundoo\node_modules\express\lib\router\index.js:469:13)
    at routes (C:\Users\hp\fundoo\src\routes\/index.js:16:10)
    at Object.<anonymous> (C:\Users\hp\fundoo\src\/index.js:32:32)
    at Module._compile (internal/modules/cjs/loader.js:1072:14)
    at Module._compile (C:\Users\hp\fundoo\node_modules\pirates\lib\index.js:136:24)
    at Module._extensions..js (internal/modules/cjs/loader.js:1101:10)
    at Object.newLoader [as .js] (C:\Users\hp\fundoo\node_modules\pirates\lib\index.js:141:7)
    at Module.load (internal/modules/cjs/loader.js:937:32)
    at Function.Module._load (internal/modules/cjs/loader.js:778:12)
    at Function.runMain (internal/modules/run_main.js:76:12)
    at Object.<anonymous> (C:\Users\hp\fundoo\node_modules\@babel\node\src\_babel-node.ts:215:12)
    at Module._compile (internal/modules/cjs/loader.js:1072:14)
    at Object.Module._extensions..js (internal/modules/cjs/loader.js:1101:10)
    at Module.load (internal/modules/cjs/loader.js:937:32)
    at Function.Module._load (internal/modules/cjs/loader.js:778:12)
    at Function.executeUserEntryPoint [as runMain] (internal/modules/run_main.js:76:12)
    at internal/main/run_main_module.js:17:47 {"date":"Tue Sep 20 2022 18:05:35 GMT+0530 (India Standard Time)","error":{},"exception":true,"os":{"loadavg":[0,0,0],"uptime":3538},"process":{"argv":["node","C:\\Users\\hp\\fundoo\\src\\index.js"],"cwd":"C:\\Users\\hp\\fundoo","execPath":"C:\\Program Files\\nodejs\\node.exe","gid":null,"memoryUsage":{"arrayBuffers":18370592,"external":20606347,"heapTotal":78946304,"heapUsed":44986048,"rss":113405952},"pid":1056,"uid":null,"version":"v14.17.6"},"stack":"TypeError: Router.use() requires a middleware function but got a Object\n    at TypeError.<anonymous> (C:\\Users\\hp\\fundoo\\node_modules\\core-js\\internals\\wrap-error-constructor-with-cause.js:37:62)\n    at new TypeError (C:\\Users\\hp\\fundoo\\node_modules\\core-js\\modules\\es.error.cause.js:43:47)\n    at Function.use (C:\\Users\\hp\\fundoo\\node_modules\\express\\lib\\router\\index.js:469:13)\n    at routes (C:\\Users\\hp\\fundoo\\src\\routes\\/index.js:16:10)\n    at Object.<anonymous> (C:\\Users\\hp\\fundoo\\src\\/index.js:32:32)\n    at Module._compile (internal/modules/cjs/loader.js:1072:14)\n    at Module._compile (C:\\Users\\hp\\fundoo\\node_modules\\pirates\\lib\\index.js:136:24)\n    at Module._extensions..js (internal/modules/cjs/loader.js:1101:10)\n    at Object.newLoader [as .js] (C:\\Users\\hp\\fundoo\\node_modules\\pirates\\lib\\index.js:141:7)\n    at Module.load (internal/modules/cjs/loader.js:937:32)\n    at Function.Module._load (internal/modules/cjs/loader.js:778:12)\n    at Function.runMain (internal/modules/run_main.js:76:12)\n    at Object.<anonymous> (C:\\Users\\hp\\fundoo\\node_modules\\@babel\\node\\src\\_babel-node.ts:215:12)\n    at Module._compile (internal/modules/cjs/loader.js:1072:14)\n    at Object.Module._extensions..js (internal/modules/cjs/loader.js:1101:10)\n    at Module.load (internal/modules/cjs/loader.js:937:32)\n    at Function.Module._load (internal/modules/cjs/loader.js:778:12)\n    at Function.executeUserEntryPoint [as runMain] (internal/modules/run_main.js:76:12)\n    at internal/main/run_main_module.js:17:47","trace":[{"column":62,"file":"C:\\Users\\hp\\fundoo\\node_modules\\core-js\\internals\\wrap-error-constructor-with-cause.js","function":null,"line":37,"method":null,"native":false},{"column":47,"file":"C:\\Users\\hp\\fundoo\\node_modules\\core-js\\modules\\es.error.cause.js","function":"new TypeError","line":43,"method":null,"native":false},{"column":13,"file":"C:\\Users\\hp\\fundoo\\node_modules\\express\\lib\\router\\index.js","function":"Function.use","line":469,"method":"use","native":false},{"column":10,"file":"C:\\Users\\hp\\fundoo\\src\\routes\\/index.js","function":"routes","line":16,"method":null,"native":false},{"column":32,"file":"C:\\Users\\hp\\fundoo\\src\\/index.js","function":null,"line":32,"method":null,"native":false},{"column":14,"file":"internal/modules/cjs/loader.js","function":"Module._compile","line":1072,"method":"_compile","native":false},{"column":24,"file":"C:\\Users\\hp\\fundoo\\node_modules\\pirates\\lib\\index.js","function":"Module._compile","line":136,"method":"_compile","native":false},{"column":10,"file":"internal/modules/cjs/loader.js","function":"Module._extensions..js","line":1101,"method":".js","native":false},{"column":7,"file":"C:\\Users\\hp\\fundoo\\node_modules\\pirates\\lib\\index.js","function":"Object.newLoader [as .js]","line":141,"method":"js]","native":false},{"column":32,"file":"internal/modules/cjs/loader.js","function":"Module.load","line":937,"method":"load","native":false},{"column":12,"file":"internal/modules/cjs/loader.js","function":"Module._load","line":778,"method":"_load","native":false},{"column":12,"file":"internal/modules/run_main.js","function":"Function.runMain","line":76,"method":"runMain","native":false},{"column":12,"file":"C:\\Users\\hp\\fundoo\\node_modules\\@babel\\node\\src\\_babel-node.ts","function":null,"line":215,"method":null,"native":false},{"column":14,"file":"internal/modules/cjs/loader.js","function":"Module._compile","line":1072,"method":"_compile","native":false},{"column":10,"file":"internal/modules/cjs/loader.js","function":"Module._extensions..js","line":1101,"method":".js","native":false},{"column":32,"file":"internal/modules/cjs/loader.js","function":"Module.load","line":937,"method":"load","native":false},{"column":12,"file":"internal/modules/cjs/loader.js","function":"Module._load","line":778,"method":"_load","native":false},{"column":12,"file":"internal/modules/run_main.js","function":"Function.executeUserEntryPoint [as runMain]","line":76,"method":"executeUserEntryPoint [as runMain]","native":false},{"column":47,"file":"internal/main/run_main_module.js","function":null,"line":17,"method":null,"native":false}]}
error: uncaughtException: Router.use() requires a middleware function but got a Object
TypeError: Router.use() requires a middleware function but got a Object
    at TypeError.<anonymous> (C:\Users\hp\fundoo\node_modules\core-js\internals\wrap-error-constructor-with-cause.js:37:62)
    at new TypeError (C:\Users\hp\fundoo\node_modules\core-js\modules\es.error.cause.js:43:47)
    at Function.use (C:\Users\hp\fundoo\node_modules\express\lib\router\index.js:469:13)
    at routes (C:\Users\hp\fundoo\src\routes\/index.js:16:10)
    at Object.<anonymous> (C:\Users\hp\fundoo\src\/index.js:32:32)
    at Module._compile (internal/modules/cjs/loader.js:1072:14)
    at Module._compile (C:\Users\hp\fundoo\node_modules\pirates\lib\index.js:136:24)
    at Module._extensions..js (internal/modules/cjs/loader.js:1101:10)
    at Object.newLoader [as .js] (C:\Users\hp\fundoo\node_modules\pirates\lib\index.js:141:7)
    at Module.load (internal/modules/cjs/loader.js:937:32)
    at Function.Module._load (internal/modules/cjs/loader.js:778:12)
    at Function.runMain (internal/modules/run_main.js:76:12)
    at Object.<anonymous> (C:\Users\hp\fundoo\node_modules\@babel\node\src\_babel-node.ts:215:12)
    at Module._compile (internal/modules/cjs/loader.js:1072:14)
    at Object.Module._extensions..js (internal/modules/cjs/loader.js:1101:10)
    at Module.load (internal/modules/cjs/loader.js:937:32)
    at Function.Module._load (internal/modules/cjs/loader.js:778:12)
    at Function.executeUserEntryPoint [as runMain] (internal/modules/run_main.js:76:12)
    at internal/main/run_main_module.js:17:47 {"date":"Tue Sep 20 2022 18:12:30 GMT+0530 (India Standard Time)","error":{},"exception":true,"os":{"loadavg":[0,0,0],"uptime":3952},"process":{"argv":["node","C:\\Users\\hp\\fundoo\\src\\index.js"],"cwd":"C:\\Users\\hp\\fundoo","execPath":"C:\\Program Files\\nodejs\\node.exe","gid":null,"memoryUsage":{"arrayBuffers":18839543,"external":21075298,"heapTotal":76320768,"heapUsed":46617776,"rss":112504832},"pid":4220,"uid":null,"version":"v14.17.6"},"stack":"TypeError: Router.use() requires a middleware function but got a Object\n    at TypeError.<anonymous> (C:\\Users\\hp\\fundoo\\node_modules\\core-js\\internals\\wrap-error-constructor-with-cause.js:37:62)\n    at new TypeError (C:\\Users\\hp\\fundoo\\node_modules\\core-js\\modules\\es.error.cause.js:43:47)\n    at Function.use (C:\\Users\\hp\\fundoo\\node_modules\\express\\lib\\router\\index.js:469:13)\n    at routes (C:\\Users\\hp\\fundoo\\src\\routes\\/index.js:16:10)\n    at Object.<anonymous> (C:\\Users\\hp\\fundoo\\src\\/index.js:32:32)\n    at Module._compile (internal/modules/cjs/loader.js:1072:14)\n    at Module._compile (C:\\Users\\hp\\fundoo\\node_modules\\pirates\\lib\\index.js:136:24)\n    at Module._extensions..js (internal/modules/cjs/loader.js:1101:10)\n    at Object.newLoader [as .js] (C:\\Users\\hp\\fundoo\\node_modules\\pirates\\lib\\index.js:141:7)\n    at Module.load (internal/modules/cjs/loader.js:937:32)\n    at Function.Module._load (internal/modules/cjs/loader.js:778:12)\n    at Function.runMain (internal/modules/run_main.js:76:12)\n    at Object.<anonymous> (C:\\Users\\hp\\fundoo\\node_modules\\@babel\\node\\src\\_babel-node.ts:215:12)\n    at Module._compile (internal/modules/cjs/loader.js:1072:14)\n    at Object.Module._extensions..js (internal/modules/cjs/loader.js:1101:10)\n    at Module.load (internal/modules/cjs/loader.js:937:32)\n    at Function.Module._load (internal/modules/cjs/loader.js:778:12)\n    at Function.executeUserEntryPoint [as runMain] (internal/modules/run_main.js:76:12)\n    at internal/main/run_main_module.js:17:47","trace":[{"column":62,"file":"C:\\Users\\hp\\fundoo\\node_modules\\core-js\\internals\\wrap-error-constructor-with-cause.js","function":null,"line":37,"method":null,"native":false},{"column":47,"file":"C:\\Users\\hp\\fundoo\\node_modules\\core-js\\modules\\es.error.cause.js","function":"new TypeError","line":43,"method":null,"native":false},{"column":13,"file":"C:\\Users\\hp\\fundoo\\node_modules\\express\\lib\\router\\index.js","function":"Function.use","line":469,"method":"use","native":false},{"column":10,"file":"C:\\Users\\hp\\fundoo\\src\\routes\\/index.js","function":"routes","line":16,"method":null,"native":false},{"column":32,"file":"C:\\Users\\hp\\fundoo\\src\\/index.js","function":null,"line":32,"method":null,"native":false},{"column":14,"file":"internal/modules/cjs/loader.js","function":"Module._compile","line":1072,"method":"_compile","native":false},{"column":24,"file":"C:\\Users\\hp\\fundoo\\node_modules\\pirates\\lib\\index.js","function":"Module._compile","line":136,"method":"_compile","native":false},{"column":10,"file":"internal/modules/cjs/loader.js","function":"Module._extensions..js","line":1101,"method":".js","native":false},{"column":7,"file":"C:\\Users\\hp\\fundoo\\node_modules\\pirates\\lib\\index.js","function":"Object.newLoader [as .js]","line":141,"method":"js]","native":false},{"column":32,"file":"internal/modules/cjs/loader.js","function":"Module.load","line":937,"method":"load","native":false},{"column":12,"file":"internal/modules/cjs/loader.js","function":"Module._load","line":778,"method":"_load","native":false},{"column":12,"file":"internal/modules/run_main.js","function":"Function.runMain","line":76,"method":"runMain","native":false},{"column":12,"file":"C:\\Users\\hp\\fundoo\\node_modules\\@babel\\node\\src\\_babel-node.ts","function":null,"line":215,"method":null,"native":false},{"column":14,"file":"internal/modules/cjs/loader.js","function":"Module._compile","line":1072,"method":"_compile","native":false},{"column":10,"file":"internal/modules/cjs/loader.js","function":"Module._extensions..js","line":1101,"method":".js","native":false},{"column":32,"file":"internal/modules/cjs/loader.js","function":"Module.load","line":937,"method":"load","native":false},{"column":12,"file":"internal/modules/cjs/loader.js","function":"Module._load","line":778,"method":"_load","native":false},{"column":12,"file":"internal/modules/run_main.js","function":"Function.executeUserEntryPoint [as runMain]","line":76,"method":"executeUserEntryPoint [as runMain]","native":false},{"column":47,"file":"internal/main/run_main_module.js","function":null,"line":17,"method":null,"native":false}]}
error: uncaughtException: Router.use() requires a middleware function but got a Object
TypeError: Router.use() requires a middleware function but got a Object
    at TypeError.<anonymous> (C:\Users\hp\fundoo\node_modules\core-js\internals\wrap-error-constructor-with-cause.js:37:62)
    at new TypeError (C:\Users\hp\fundoo\node_modules\core-js\modules\es.error.cause.js:43:47)
    at Function.use (C:\Users\hp\fundoo\node_modules\express\lib\router\index.js:469:13)
    at routes (C:\Users\hp\fundoo\src\routes\/index.js:16:10)
    at Object.<anonymous> (C:\Users\hp\fundoo\src\/index.js:32:32)
    at Module._compile (internal/modules/cjs/loader.js:1072:14)
    at Module._compile (C:\Users\hp\fundoo\node_modules\pirates\lib\index.js:136:24)
    at Module._extensions..js (internal/modules/cjs/loader.js:1101:10)
    at Object.newLoader [as .js] (C:\Users\hp\fundoo\node_modules\pirates\lib\index.js:141:7)
    at Module.load (internal/modules/cjs/loader.js:937:32)
    at Function.Module._load (internal/modules/cjs/loader.js:778:12)
    at Function.runMain (internal/modules/run_main.js:76:12)
    at Object.<anonymous> (C:\Users\hp\fundoo\node_modules\@babel\node\src\_babel-node.ts:215:12)
    at Module._compile (internal/modules/cjs/loader.js:1072:14)
    at Object.Module._extensions..js (internal/modules/cjs/loader.js:1101:10)
    at Module.load (internal/modules/cjs/loader.js:937:32)
    at Function.Module._load (internal/modules/cjs/loader.js:778:12)
    at Function.executeUserEntryPoint [as runMain] (internal/modules/run_main.js:76:12)
    at internal/main/run_main_module.js:17:47 {"date":"Tue Sep 20 2022 18:14:12 GMT+0530 (India Standard Time)","error":{},"exception":true,"os":{"loadavg":[0,0,0],"uptime":4054},"process":{"argv":["node","C:\\Users\\hp\\fundoo\\src\\index.js"],"cwd":"C:\\Users\\hp\\fundoo","execPath":"C:\\Program Files\\nodejs\\node.exe","gid":null,"memoryUsage":{"arrayBuffers":19203784,"external":21439539,"heapTotal":77897728,"heapUsed":52914936,"rss":113008640},"pid":3948,"uid":null,"version":"v14.17.6"},"stack":"TypeError: Router.use() requires a middleware function but got a Object\n    at TypeError.<anonymous> (C:\\Users\\hp\\fundoo\\node_modules\\core-js\\internals\\wrap-error-constructor-with-cause.js:37:62)\n    at new TypeError (C:\\Users\\hp\\fundoo\\node_modules\\core-js\\modules\\es.error.cause.js:43:47)\n    at Function.use (C:\\Users\\hp\\fundoo\\node_modules\\express\\lib\\router\\index.js:469:13)\n    at routes (C:\\Users\\hp\\fundoo\\src\\routes\\/index.js:16:10)\n    at Object.<anonymous> (C:\\Users\\hp\\fundoo\\src\\/index.js:32:32)\n    at Module._compile (internal/modules/cjs/loader.js:1072:14)\n    at Module._compile (C:\\Users\\hp\\fundoo\\node_modules\\pirates\\lib\\index.js:136:24)\n    at Module._extensions..js (internal/modules/cjs/loader.js:1101:10)\n    at Object.newLoader [as .js] (C:\\Users\\hp\\fundoo\\node_modules\\pirates\\lib\\index.js:141:7)\n    at Module.load (internal/modules/cjs/loader.js:937:32)\n    at Function.Module._load (internal/modules/cjs/loader.js:778:12)\n    at Function.runMain (internal/modules/run_main.js:76:12)\n    at Object.<anonymous> (C:\\Users\\hp\\fundoo\\node_modules\\@babel\\node\\src\\_babel-node.ts:215:12)\n    at Module._compile (internal/modules/cjs/loader.js:1072:14)\n    at Object.Module._extensions..js (internal/modules/cjs/loader.js:1101:10)\n    at Module.load (internal/modules/cjs/loader.js:937:32)\n    at Function.Module._load (internal/modules/cjs/loader.js:778:12)\n    at Function.executeUserEntryPoint [as runMain] (internal/modules/run_main.js:76:12)\n    at internal/main/run_main_module.js:17:47","trace":[{"column":62,"file":"C:\\Users\\hp\\fundoo\\node_modules\\core-js\\internals\\wrap-error-constructor-with-cause.js","function":null,"line":37,"method":null,"native":false},{"column":47,"file":"C:\\Users\\hp\\fundoo\\node_modules\\core-js\\modules\\es.error.cause.js","function":"new TypeError","line":43,"method":null,"native":false},{"column":13,"file":"C:\\Users\\hp\\fundoo\\node_modules\\express\\lib\\router\\index.js","function":"Function.use","line":469,"method":"use","native":false},{"column":10,"file":"C:\\Users\\hp\\fundoo\\src\\routes\\/index.js","function":"routes","line":16,"method":null,"native":false},{"column":32,"file":"C:\\Users\\hp\\fundoo\\src\\/index.js","function":null,"line":32,"method":null,"native":false},{"column":14,"file":"internal/modules/cjs/loader.js","function":"Module._compile","line":1072,"method":"_compile","native":false},{"column":24,"file":"C:\\Users\\hp\\fundoo\\node_modules\\pirates\\lib\\index.js","function":"Module._compile","line":136,"method":"_compile","native":false},{"column":10,"file":"internal/modules/cjs/loader.js","function":"Module._extensions..js","line":1101,"method":".js","native":false},{"column":7,"file":"C:\\Users\\hp\\fundoo\\node_modules\\pirates\\lib\\index.js","function":"Object.newLoader [as .js]","line":141,"method":"js]","native":false},{"column":32,"file":"internal/modules/cjs/loader.js","function":"Module.load","line":937,"method":"load","native":false},{"column":12,"file":"internal/modules/cjs/loader.js","function":"Module._load","line":778,"method":"_load","native":false},{"column":12,"file":"internal/modules/run_main.js","function":"Function.runMain","line":76,"method":"runMain","native":false},{"column":12,"file":"C:\\Users\\hp\\fundoo\\node_modules\\@babel\\node\\src\\_babel-node.ts","function":null,"line":215,"method":null,"native":false},{"column":14,"file":"internal/modules/cjs/loader.js","function":"Module._compile","line":1072,"method":"_compile","native":false},{"column":10,"file":"internal/modules/cjs/loader.js","function":"Module._extensions..js","line":1101,"method":".js","native":false},{"column":32,"file":"internal/modules/cjs/loader.js","function":"Module.load","line":937,"method":"load","native":false},{"column":12,"file":"internal/modules/cjs/loader.js","function":"Module._load","line":778,"method":"_load","native":false},{"column":12,"file":"internal/modules/run_main.js","function":"Function.executeUserEntryPoint [as runMain]","line":76,"method":"executeUserEntryPoint [as runMain]","native":false},{"column":47,"file":"internal/main/run_main_module.js","function":null,"line":17,"method":null,"native":false}]}
error: uncaughtException: Router.use() requires a middleware function but got a Object
TypeError: Router.use() requires a middleware function but got a Object
    at TypeError.<anonymous> (C:\Users\hp\fundoo\node_modules\core-js\internals\wrap-error-constructor-with-cause.js:37:62)
    at new TypeError (C:\Users\hp\fundoo\node_modules\core-js\modules\es.error.cause.js:43:47)
    at Function.use (C:\Users\hp\fundoo\node_modules\express\lib\router\index.js:469:13)
    at routes (C:\Users\hp\fundoo\src\routes\/index.js:16:10)
    at Object.<anonymous> (C:\Users\hp\fundoo\src\/index.js:32:32)
    at Module._compile (internal/modules/cjs/loader.js:1072:14)
    at Module._compile (C:\Users\hp\fundoo\node_modules\pirates\lib\index.js:136:24)
    at Module._extensions..js (internal/modules/cjs/loader.js:1101:10)
    at Object.newLoader [as .js] (C:\Users\hp\fundoo\node_modules\pirates\lib\index.js:141:7)
    at Module.load (internal/modules/cjs/loader.js:937:32)
    at Function.Module._load (internal/modules/cjs/loader.js:778:12)
    at Function.runMain (internal/modules/run_main.js:76:12)
    at Object.<anonymous> (C:\Users\hp\fundoo\node_modules\@babel\node\src\_babel-node.ts:215:12)
    at Module._compile (internal/modules/cjs/loader.js:1072:14)
    at Object.Module._extensions..js (internal/modules/cjs/loader.js:1101:10)
    at Module.load (internal/modules/cjs/loader.js:937:32)
    at Function.Module._load (internal/modules/cjs/loader.js:778:12)
    at Function.executeUserEntryPoint [as runMain] (internal/modules/run_main.js:76:12)
    at internal/main/run_main_module.js:17:47 {"date":"Tue Sep 20 2022 18:14:46 GMT+0530 (India Standard Time)","error":{},"exception":true,"os":{"loadavg":[0,0,0],"uptime":4088},"process":{"argv":["node","C:\\Users\\hp\\fundoo\\src\\index.js"],"cwd":"C:\\Users\\hp\\fundoo","execPath":"C:\\Program Files\\nodejs\\node.exe","gid":null,"memoryUsage":{"arrayBuffers":19203786,"external":21439541,"heapTotal":78159872,"heapUsed":52008960,"rss":113291264},"pid":12924,"uid":null,"version":"v14.17.6"},"stack":"TypeError: Router.use() requires a middleware function but got a Object\n    at TypeError.<anonymous> (C:\\Users\\hp\\fundoo\\node_modules\\core-js\\internals\\wrap-error-constructor-with-cause.js:37:62)\n    at new TypeError (C:\\Users\\hp\\fundoo\\node_modules\\core-js\\modules\\es.error.cause.js:43:47)\n    at Function.use (C:\\Users\\hp\\fundoo\\node_modules\\express\\lib\\router\\index.js:469:13)\n    at routes (C:\\Users\\hp\\fundoo\\src\\routes\\/index.js:16:10)\n    at Object.<anonymous> (C:\\Users\\hp\\fundoo\\src\\/index.js:32:32)\n    at Module._compile (internal/modules/cjs/loader.js:1072:14)\n    at Module._compile (C:\\Users\\hp\\fundoo\\node_modules\\pirates\\lib\\index.js:136:24)\n    at Module._extensions..js (internal/modules/cjs/loader.js:1101:10)\n    at Object.newLoader [as .js] (C:\\Users\\hp\\fundoo\\node_modules\\pirates\\lib\\index.js:141:7)\n    at Module.load (internal/modules/cjs/loader.js:937:32)\n    at Function.Module._load (internal/modules/cjs/loader.js:778:12)\n    at Function.runMain (internal/modules/run_main.js:76:12)\n    at Object.<anonymous> (C:\\Users\\hp\\fundoo\\node_modules\\@babel\\node\\src\\_babel-node.ts:215:12)\n    at Module._compile (internal/modules/cjs/loader.js:1072:14)\n    at Object.Module._extensions..js (internal/modules/cjs/loader.js:1101:10)\n    at Module.load (internal/modules/cjs/loader.js:937:32)\n    at Function.Module._load (internal/modules/cjs/loader.js:778:12)\n    at Function.executeUserEntryPoint [as runMain] (internal/modules/run_main.js:76:12)\n    at internal/main/run_main_module.js:17:47","trace":[{"column":62,"file":"C:\\Users\\hp\\fundoo\\node_modules\\core-js\\internals\\wrap-error-constructor-with-cause.js","function":null,"line":37,"method":null,"native":false},{"column":47,"file":"C:\\Users\\hp\\fundoo\\node_modules\\core-js\\modules\\es.error.cause.js","function":"new TypeError","line":43,"method":null,"native":false},{"column":13,"file":"C:\\Users\\hp\\fundoo\\node_modules\\express\\lib\\router\\index.js","function":"Function.use","line":469,"method":"use","native":false},{"column":10,"file":"C:\\Users\\hp\\fundoo\\src\\routes\\/index.js","function":"routes","line":16,"method":null,"native":false},{"column":32,"file":"C:\\Users\\hp\\fundoo\\src\\/index.js","function":null,"line":32,"method":null,"native":false},{"column":14,"file":"internal/modules/cjs/loader.js","function":"Module._compile","line":1072,"method":"_compile","native":false},{"column":24,"file":"C:\\Users\\hp\\fundoo\\node_modules\\pirates\\lib\\index.js","function":"Module._compile","line":136,"method":"_compile","native":false},{"column":10,"file":"internal/modules/cjs/loader.js","function":"Module._extensions..js","line":1101,"method":".js","native":false},{"column":7,"file":"C:\\Users\\hp\\fundoo\\node_modules\\pirates\\lib\\index.js","function":"Object.newLoader [as .js]","line":141,"method":"js]","native":false},{"column":32,"file":"internal/modules/cjs/loader.js","function":"Module.load","line":937,"method":"load","native":false},{"column":12,"file":"internal/modules/cjs/loader.js","function":"Module._load","line":778,"method":"_load","native":false},{"column":12,"file":"internal/modules/run_main.js","function":"Function.runMain","line":76,"method":"runMain","native":false},{"column":12,"file":"C:\\Users\\hp\\fundoo\\node_modules\\@babel\\node\\src\\_babel-node.ts","function":null,"line":215,"method":null,"native":false},{"column":14,"file":"internal/modules/cjs/loader.js","function":"Module._compile","line":1072,"method":"_compile","native":false},{"column":10,"file":"internal/modules/cjs/loader.js","function":"Module._extensions..js","line":1101,"method":".js","native":false},{"column":32,"file":"internal/modules/cjs/loader.js","function":"Module.load","line":937,"method":"load","native":false},{"column":12,"file":"internal/modules/cjs/loader.js","function":"Module._load","line":778,"method":"_load","native":false},{"column":12,"file":"internal/modules/run_main.js","function":"Function.executeUserEntryPoint [as runMain]","line":76,"method":"executeUserEntryPoint [as runMain]","native":false},{"column":47,"file":"internal/main/run_main_module.js","function":null,"line":17,"method":null,"native":false}]}
error: uncaughtException: Router.use() requires a middleware function but got a Object
TypeError: Router.use() requires a middleware function but got a Object
    at TypeError.<anonymous> (C:\Users\hp\fundoo\node_modules\core-js\internals\wrap-error-constructor-with-cause.js:37:62)
    at new TypeError (C:\Users\hp\fundoo\node_modules\core-js\modules\es.error.cause.js:43:47)
    at Function.use (C:\Users\hp\fundoo\node_modules\express\lib\router\index.js:469:13)
    at routes (C:\Users\hp\fundoo\src\routes\/index.js:16:10)
    at Object.<anonymous> (C:\Users\hp\fundoo\src\/index.js:32:32)
    at Module._compile (internal/modules/cjs/loader.js:1072:14)
    at Module._compile (C:\Users\hp\fundoo\node_modules\pirates\lib\index.js:136:24)
    at Module._extensions..js (internal/modules/cjs/loader.js:1101:10)
    at Object.newLoader [as .js] (C:\Users\hp\fundoo\node_modules\pirates\lib\index.js:141:7)
    at Module.load (internal/modules/cjs/loader.js:937:32)
    at Function.Module._load (internal/modules/cjs/loader.js:778:12)
    at Function.runMain (internal/modules/run_main.js:76:12)
    at Object.<anonymous> (C:\Users\hp\fundoo\node_modules\@babel\node\src\_babel-node.ts:215:12)
    at Module._compile (internal/modules/cjs/loader.js:1072:14)
    at Object.Module._extensions..js (internal/modules/cjs/loader.js:1101:10)
    at Module.load (internal/modules/cjs/loader.js:937:32)
    at Function.Module._load (internal/modules/cjs/loader.js:778:12)
    at Function.executeUserEntryPoint [as runMain] (internal/modules/run_main.js:76:12)
    at internal/main/run_main_module.js:17:47 {"date":"Tue Sep 20 2022 18:15:07 GMT+0530 (India Standard Time)","error":{},"exception":true,"os":{"loadavg":[0,0,0],"uptime":4109},"process":{"argv":["node","C:\\Users\\hp\\fundoo\\src\\index.js"],"cwd":"C:\\Users\\hp\\fundoo","execPath":"C:\\Program Files\\nodejs\\node.exe","gid":null,"memoryUsage":{"arrayBuffers":19195836,"external":21431591,"heapTotal":77111296,"heapUsed":48968088,"rss":113786880},"pid":1452,"uid":null,"version":"v14.17.6"},"stack":"TypeError: Router.use() requires a middleware function but got a Object\n    at TypeError.<anonymous> (C:\\Users\\hp\\fundoo\\node_modules\\core-js\\internals\\wrap-error-constructor-with-cause.js:37:62)\n    at new TypeError (C:\\Users\\hp\\fundoo\\node_modules\\core-js\\modules\\es.error.cause.js:43:47)\n    at Function.use (C:\\Users\\hp\\fundoo\\node_modules\\express\\lib\\router\\index.js:469:13)\n    at routes (C:\\Users\\hp\\fundoo\\src\\routes\\/index.js:16:10)\n    at Object.<anonymous> (C:\\Users\\hp\\fundoo\\src\\/index.js:32:32)\n    at Module._compile (internal/modules/cjs/loader.js:1072:14)\n    at Module._compile (C:\\Users\\hp\\fundoo\\node_modules\\pirates\\lib\\index.js:136:24)\n    at Module._extensions..js (internal/modules/cjs/loader.js:1101:10)\n    at Object.newLoader [as .js] (C:\\Users\\hp\\fundoo\\node_modules\\pirates\\lib\\index.js:141:7)\n    at Module.load (internal/modules/cjs/loader.js:937:32)\n    at Function.Module._load (internal/modules/cjs/loader.js:778:12)\n    at Function.runMain (internal/modules/run_main.js:76:12)\n    at Object.<anonymous> (C:\\Users\\hp\\fundoo\\node_modules\\@babel\\node\\src\\_babel-node.ts:215:12)\n    at Module._compile (internal/modules/cjs/loader.js:1072:14)\n    at Object.Module._extensions..js (internal/modules/cjs/loader.js:1101:10)\n    at Module.load (internal/modules/cjs/loader.js:937:32)\n    at Function.Module._load (internal/modules/cjs/loader.js:778:12)\n    at Function.executeUserEntryPoint [as runMain] (internal/modules/run_main.js:76:12)\n    at internal/main/run_main_module.js:17:47","trace":[{"column":62,"file":"C:\\Users\\hp\\fundoo\\node_modules\\core-js\\internals\\wrap-error-constructor-with-cause.js","function":null,"line":37,"method":null,"native":false},{"column":47,"file":"C:\\Users\\hp\\fundoo\\node_modules\\core-js\\modules\\es.error.cause.js","function":"new TypeError","line":43,"method":null,"native":false},{"column":13,"file":"C:\\Users\\hp\\fundoo\\node_modules\\express\\lib\\router\\index.js","function":"Function.use","line":469,"method":"use","native":false},{"column":10,"file":"C:\\Users\\hp\\fundoo\\src\\routes\\/index.js","function":"routes","line":16,"method":null,"native":false},{"column":32,"file":"C:\\Users\\hp\\fundoo\\src\\/index.js","function":null,"line":32,"method":null,"native":false},{"column":14,"file":"internal/modules/cjs/loader.js","function":"Module._compile","line":1072,"method":"_compile","native":false},{"column":24,"file":"C:\\Users\\hp\\fundoo\\node_modules\\pirates\\lib\\index.js","function":"Module._compile","line":136,"method":"_compile","native":false},{"column":10,"file":"internal/modules/cjs/loader.js","function":"Module._extensions..js","line":1101,"method":".js","native":false},{"column":7,"file":"C:\\Users\\hp\\fundoo\\node_modules\\pirates\\lib\\index.js","function":"Object.newLoader [as .js]","line":141,"method":"js]","native":false},{"column":32,"file":"internal/modules/cjs/loader.js","function":"Module.load","line":937,"method":"load","native":false},{"column":12,"file":"internal/modules/cjs/loader.js","function":"Module._load","line":778,"method":"_load","native":false},{"column":12,"file":"internal/modules/run_main.js","function":"Function.runMain","line":76,"method":"runMain","native":false},{"column":12,"file":"C:\\Users\\hp\\fundoo\\node_modules\\@babel\\node\\src\\_babel-node.ts","function":null,"line":215,"method":null,"native":false},{"column":14,"file":"internal/modules/cjs/loader.js","function":"Module._compile","line":1072,"method":"_compile","native":false},{"column":10,"file":"internal/modules/cjs/loader.js","function":"Module._extensions..js","line":1101,"method":".js","native":false},{"column":32,"file":"internal/modules/cjs/loader.js","function":"Module.load","line":937,"method":"load","native":false},{"column":12,"file":"internal/modules/cjs/loader.js","function":"Module._load","line":778,"method":"_load","native":false},{"column":12,"file":"internal/modules/run_main.js","function":"Function.executeUserEntryPoint [as runMain]","line":76,"method":"executeUserEntryPoint [as runMain]","native":false},{"column":47,"file":"internal/main/run_main_module.js","function":null,"line":17,"method":null,"native":false}]}
error: uncaughtException: Router.use() requires a middleware function but got a Object
TypeError: Router.use() requires a middleware function but got a Object
    at TypeError.<anonymous> (C:\Users\hp\fundoo\node_modules\core-js\internals\wrap-error-constructor-with-cause.js:37:62)
    at new TypeError (C:\Users\hp\fundoo\node_modules\core-js\modules\es.error.cause.js:43:47)
    at Function.use (C:\Users\hp\fundoo\node_modules\express\lib\router\index.js:469:13)
    at routes (C:\Users\hp\fundoo\src\routes\/index.js:16:10)
    at Object.<anonymous> (C:\Users\hp\fundoo\src\/index.js:32:32)
    at Module._compile (internal/modules/cjs/loader.js:1072:14)
    at Module._compile (C:\Users\hp\fundoo\node_modules\pirates\lib\index.js:136:24)
    at Module._extensions..js (internal/modules/cjs/loader.js:1101:10)
    at Object.newLoader [as .js] (C:\Users\hp\fundoo\node_modules\pirates\lib\index.js:141:7)
    at Module.load (internal/modules/cjs/loader.js:937:32)
    at Function.Module._load (internal/modules/cjs/loader.js:778:12)
    at Function.runMain (internal/modules/run_main.js:76:12)
    at Object.<anonymous> (C:\Users\hp\fundoo\node_modules\@babel\node\src\_babel-node.ts:215:12)
    at Module._compile (internal/modules/cjs/loader.js:1072:14)
    at Object.Module._extensions..js (internal/modules/cjs/loader.js:1101:10)
    at Module.load (internal/modules/cjs/loader.js:937:32)
    at Function.Module._load (internal/modules/cjs/loader.js:778:12)
    at Function.executeUserEntryPoint [as runMain] (internal/modules/run_main.js:76:12)
    at internal/main/run_main_module.js:17:47 {"date":"Tue Sep 20 2022 18:15:27 GMT+0530 (India Standard Time)","error":{},"exception":true,"os":{"loadavg":[0,0,0],"uptime":4130},"process":{"argv":["node","C:\\Users\\hp\\fundoo\\src\\index.js"],"cwd":"C:\\Users\\hp\\fundoo","execPath":"C:\\Program Files\\nodejs\\node.exe","gid":null,"memoryUsage":{"arrayBuffers":18355468,"external":20591223,"heapTotal":79470592,"heapUsed":44995256,"rss":113709056},"pid":7076,"uid":null,"version":"v14.17.6"},"stack":"TypeError: Router.use() requires a middleware function but got a Object\n    at TypeError.<anonymous> (C:\\Users\\hp\\fundoo\\node_modules\\core-js\\internals\\wrap-error-constructor-with-cause.js:37:62)\n    at new TypeError (C:\\Users\\hp\\fundoo\\node_modules\\core-js\\modules\\es.error.cause.js:43:47)\n    at Function.use (C:\\Users\\hp\\fundoo\\node_modules\\express\\lib\\router\\index.js:469:13)\n    at routes (C:\\Users\\hp\\fundoo\\src\\routes\\/index.js:16:10)\n    at Object.<anonymous> (C:\\Users\\hp\\fundoo\\src\\/index.js:32:32)\n    at Module._compile (internal/modules/cjs/loader.js:1072:14)\n    at Module._compile (C:\\Users\\hp\\fundoo\\node_modules\\pirates\\lib\\index.js:136:24)\n    at Module._extensions..js (internal/modules/cjs/loader.js:1101:10)\n    at Object.newLoader [as .js] (C:\\Users\\hp\\fundoo\\node_modules\\pirates\\lib\\index.js:141:7)\n    at Module.load (internal/modules/cjs/loader.js:937:32)\n    at Function.Module._load (internal/modules/cjs/loader.js:778:12)\n    at Function.runMain (internal/modules/run_main.js:76:12)\n    at Object.<anonymous> (C:\\Users\\hp\\fundoo\\node_modules\\@babel\\node\\src\\_babel-node.ts:215:12)\n    at Module._compile (internal/modules/cjs/loader.js:1072:14)\n    at Object.Module._extensions..js (internal/modules/cjs/loader.js:1101:10)\n    at Module.load (internal/modules/cjs/loader.js:937:32)\n    at Function.Module._load (internal/modules/cjs/loader.js:778:12)\n    at Function.executeUserEntryPoint [as runMain] (internal/modules/run_main.js:76:12)\n    at internal/main/run_main_module.js:17:47","trace":[{"column":62,"file":"C:\\Users\\hp\\fundoo\\node_modules\\core-js\\internals\\wrap-error-constructor-with-cause.js","function":null,"line":37,"method":null,"native":false},{"column":47,"file":"C:\\Users\\hp\\fundoo\\node_modules\\core-js\\modules\\es.error.cause.js","function":"new TypeError","line":43,"method":null,"native":false},{"column":13,"file":"C:\\Users\\hp\\fundoo\\node_modules\\express\\lib\\router\\index.js","function":"Function.use","line":469,"method":"use","native":false},{"column":10,"file":"C:\\Users\\hp\\fundoo\\src\\routes\\/index.js","function":"routes","line":16,"method":null,"native":false},{"column":32,"file":"C:\\Users\\hp\\fundoo\\src\\/index.js","function":null,"line":32,"method":null,"native":false},{"column":14,"file":"internal/modules/cjs/loader.js","function":"Module._compile","line":1072,"method":"_compile","native":false},{"column":24,"file":"C:\\Users\\hp\\fundoo\\node_modules\\pirates\\lib\\index.js","function":"Module._compile","line":136,"method":"_compile","native":false},{"column":10,"file":"internal/modules/cjs/loader.js","function":"Module._extensions..js","line":1101,"method":".js","native":false},{"column":7,"file":"C:\\Users\\hp\\fundoo\\node_modules\\pirates\\lib\\index.js","function":"Object.newLoader [as .js]","line":141,"method":"js]","native":false},{"column":32,"file":"internal/modules/cjs/loader.js","function":"Module.load","line":937,"method":"load","native":false},{"column":12,"file":"internal/modules/cjs/loader.js","function":"Module._load","line":778,"method":"_load","native":false},{"column":12,"file":"internal/modules/run_main.js","function":"Function.runMain","line":76,"method":"runMain","native":false},{"column":12,"file":"C:\\Users\\hp\\fundoo\\node_modules\\@babel\\node\\src\\_babel-node.ts","function":null,"line":215,"method":null,"native":false},{"column":14,"file":"internal/modules/cjs/loader.js","function":"Module._compile","line":1072,"method":"_compile","native":false},{"column":10,"file":"internal/modules/cjs/loader.js","function":"Module._extensions..js","line":1101,"method":".js","native":false},{"column":32,"file":"internal/modules/cjs/loader.js","function":"Module.load","line":937,"method":"load","native":false},{"column":12,"file":"internal/modules/cjs/loader.js","function":"Module._load","line":778,"method":"_load","native":false},{"column":12,"file":"internal/modules/run_main.js","function":"Function.executeUserEntryPoint [as runMain]","line":76,"method":"executeUserEntryPoint [as runMain]","native":false},{"column":47,"file":"internal/main/run_main_module.js","function":null,"line":17,"method":null,"native":false}]}
info: ::1 - - [20/Sep/2022:12:52:33 +0000] "POST /api/v1/createnote HTTP/1.1" 404 47 "-" "PostmanRuntime/7.29.2"

info: ::1 - - [20/Sep/2022:12:52:45 +0000] "POST /api/v1/notes/createnote HTTP/1.1" 201 243 "-" "PostmanRuntime/7.29.2"

info: ::1 - - [21/Sep/2022:02:48:04 +0000] "POST /api/v1/notes/register HTTP/1.1" 404 47 "-" "PostmanRuntime/7.29.2"

info: ::1 - - [21/Sep/2022:02:48:16 +0000] "POST /api/v1/users/register HTTP/1.1" 500 52 "-" "PostmanRuntime/7.29.2"

info: ::1 - - [21/Sep/2022:02:48:31 +0000] "POST /api/v1/users/register HTTP/1.1" 500 52 "-" "PostmanRuntime/7.29.2"

info: ::1 - - [21/Sep/2022:02:49:21 +0000] "POST /api/v1/users/register HTTP/1.1" 500 52 "-" "PostmanRuntime/7.29.2"

info: ::1 - - [21/Sep/2022:02:49:40 +0000] "POST /api/v1/register HTTP/1.1" 404 47 "-" "PostmanRuntime/7.29.2"

info: ::1 - - [21/Sep/2022:02:50:08 +0000] "POST /api/v1/users/register HTTP/1.1" 500 52 "-" "PostmanRuntime/7.29.2"

info: ::1 - - [21/Sep/2022:02:50:59 +0000] "POST /api/v1/users/register HTTP/1.1" 500 52 "-" "PostmanRuntime/7.29.2"

info: ::1 - - [21/Sep/2022:02:51:40 +0000] "POST /api/v1/users/register HTTP/1.1" 500 52 "-" "PostmanRuntime/7.29.2"

info: ::1 - - [21/Sep/2022:02:53:08 +0000] "POST /api/v1/users/register HTTP/1.1" 500 52 "-" "PostmanRuntime/7.29.2"

info: ::1 - - [21/Sep/2022:02:53:33 +0000] "POST /api/v1/users/register HTTP/1.1" 500 52 "-" "PostmanRuntime/7.29.2"

info: ::1 - - [21/Sep/2022:02:54:21 +0000] "GET /api/v1/ HTTP/1.1" 200 25 "-" "PostmanRuntime/7.29.2"

info: ::1 - - [21/Sep/2022:02:54:53 +0000] "POST /api/v1/users/register HTTP/1.1" 500 52 "-" "PostmanRuntime/7.29.2"

info: ::1 - - [21/Sep/2022:02:56:27 +0000] "POST /api/v1/register HTTP/1.1" 404 47 "-" "PostmanRuntime/7.29.2"

info: ::1 - - [21/Sep/2022:02:56:39 +0000] "POST /api/v1/user/register HTTP/1.1" 404 47 "-" "PostmanRuntime/7.29.2"

info: ::1 - - [21/Sep/2022:02:56:47 +0000] "POST /api/v1/users/register HTTP/1.1" 500 52 "-" "PostmanRuntime/7.29.2"

info: ::1 - - [21/Sep/2022:02:58:01 +0000] "POST /api/v1/users/register/ HTTP/1.1" 500 52 "-" "PostmanRuntime/7.29.2"

info: ::1 - - [21/Sep/2022:02:58:54 +0000] "POST /api/v1/users/register HTTP/1.1" 201 338 "-" "PostmanRuntime/7.29.2"

info: ::1 - - [21/Sep/2022:03:05:27 +0000] "POST /api/v1/users/login HTTP/1.1" 200 259 "-" "PostmanRuntime/7.29.2"

info: ::1 - - [21/Sep/2022:03:07:05 +0000] "POST /api/v1/notes/createnote HTTP/1.1" 500 56 "-" "PostmanRuntime/7.29.2"

info: ::1 - - [21/Sep/2022:03:07:12 +0000] "POST /api/v1/notes/createnote HTTP/1.1" 201 247 "-" "PostmanRuntime/7.29.2"

info: ::1 - - [21/Sep/2022:03:09:38 +0000] "POST /api/v1/notes/createnote HTTP/1.1" 201 247 "-" "PostmanRuntime/7.29.2"

info: ::1 - - [21/Sep/2022:03:13:26 +0000] "POST /api/v1/notes/createnote HTTP/1.1" 500 52 "-" "PostmanRuntime/7.29.2"

info: ::1 - - [21/Sep/2022:03:14:53 +0000] "POST /api/v1/notes/createnote HTTP/1.1" 201 247 "-" "PostmanRuntime/7.29.2"

info: ::1 - - [21/Sep/2022:03:24:41 +0000] "POST /api/v1/notes/createnote HTTP/1.1" 500 48 "-" "PostmanRuntime/7.29.2"

info: ::1 - - [21/Sep/2022:03:25:45 +0000] "POST /api/v1/notes/createnote HTTP/1.1" 400 56 "-" "PostmanRuntime/7.29.2"

info: ::1 - - [21/Sep/2022:03:26:49 +0000] "POST /api/v1/notes/createnote HTTP/1.1" 500 56 "-" "PostmanRuntime/7.29.2"

info: ::1 - - [21/Sep/2022:03:32:31 +0000] "POST /api/v1/notes/createnote HTTP/1.1" 400 63 "-" "PostmanRuntime/7.29.2"

info: ::1 - - [21/Sep/2022:03:32:49 +0000] "POST /api/v1/notes/createnote HTTP/1.1" 400 40 "-" "PostmanRuntime/7.29.2"

info: ::1 - - [21/Sep/2022:03:35:06 +0000] "POST /api/v1/users/register HTTP/1.1" 201 338 "-" "PostmanRuntime/7.29.2"

info: ::1 - - [21/Sep/2022:03:35:47 +0000] "POST /api/v1/users/register HTTP/1.1" 201 338 "-" "PostmanRuntime/7.29.2"

info: ::1 - - [21/Sep/2022:03:38:48 +0000] "POST /api/v1/users/register HTTP/1.1" 201 338 "-" "PostmanRuntime/7.29.2"

info: ::1 - - [21/Sep/2022:03:38:53 +0000] "POST /api/v1/users/register HTTP/1.1" 201 338 "-" "PostmanRuntime/7.29.2"

info: ::1 - - [21/Sep/2022:03:39:42 +0000] "POST /api/v1/users/register HTTP/1.1" 201 338 "-" "PostmanRuntime/7.29.2"

info: ::1 - - [21/Sep/2022:03:39:47 +0000] "POST /api/v1/users/register HTTP/1.1" 201 338 "-" "PostmanRuntime/7.29.2"

info: ::1 - - [21/Sep/2022:03:42:07 +0000] "POST /api/v1/users/register HTTP/1.1" 201 338 "-" "PostmanRuntime/7.29.2"

info: ::1 - - [21/Sep/2022:03:42:11 +0000] "POST /api/v1/users/register HTTP/1.1" 201 338 "-" "PostmanRuntime/7.29.2"

info: ::1 - - [21/Sep/2022:03:44:34 +0000] "POST /api/v1/users/register HTTP/1.1" 201 339 "-" "PostmanRuntime/7.29.2"

info: ::1 - - [21/Sep/2022:03:44:39 +0000] "POST /api/v1/users/register HTTP/1.1" 500 61 "-" "PostmanRuntime/7.29.2"

